Performing C SOURCE FILE Test HAVE_MMSG_HDR failed with the following output:
Change Dir: /Users/kcl/Documents/Cpp_Projects/notepp/exp/14-zlmHttp/build/CMakeFiles/CMakeScratch/TryCompile-bajxfj

Run Build Command(s):/opt/local/bin/gmake -f Makefile cmTC_b4a0f/fast && /opt/local/bin/gmake  -f CMakeFiles/cmTC_b4a0f.dir/build.make CMakeFiles/cmTC_b4a0f.dir/build
gmake[1]: Entering directory '/Users/kcl/Documents/Cpp_Projects/notepp/exp/14-zlmHttp/build/CMakeFiles/CMakeScratch/TryCompile-bajxfj'
Building C object CMakeFiles/cmTC_b4a0f.dir/src.c.o
/Applications/Xcode.app/Contents/Developer/Toolchains/XcodeDefault.xctoolchain/usr/bin/cc -DHAVE_MMSG_HDR -D_GNU_SOURCE   -MD -MT CMakeFiles/cmTC_b4a0f.dir/src.c.o -MF CMakeFiles/cmTC_b4a0f.dir/src.c.o.d -o CMakeFiles/cmTC_b4a0f.dir/src.c.o -c /Users/kcl/Documents/Cpp_Projects/notepp/exp/14-zlmHttp/build/CMakeFiles/CMakeScratch/TryCompile-bajxfj/src.c
/Users/kcl/Documents/Cpp_Projects/notepp/exp/14-zlmHttp/build/CMakeFiles/CMakeScratch/TryCompile-bajxfj/src.c:6:37: error: incomplete definition of type 'struct mmsghdr'
  (void)sizeof(((struct mmsghdr *)0)->msg_hdr);
               ~~~~~~~~~~~~~~~~~~~~~^
/Users/kcl/Documents/Cpp_Projects/notepp/exp/14-zlmHttp/build/CMakeFiles/CMakeScratch/TryCompile-bajxfj/src.c:6:25: note: forward declaration of 'struct mmsghdr'
  (void)sizeof(((struct mmsghdr *)0)->msg_hdr);
                        ^
1 error generated.
gmake[1]: *** [CMakeFiles/cmTC_b4a0f.dir/build.make:79: CMakeFiles/cmTC_b4a0f.dir/src.c.o] Error 1
gmake[1]: Leaving directory '/Users/kcl/Documents/Cpp_Projects/notepp/exp/14-zlmHttp/build/CMakeFiles/CMakeScratch/TryCompile-bajxfj'
gmake: *** [Makefile:127: cmTC_b4a0f/fast] Error 2


Source file was:

#include <sys/socket.h>

int main()
{
  (void)sizeof(((struct mmsghdr *)0)->msg_hdr);
  return 0;
}


Determining if the sendmmsg exist failed with the following output:
Change Dir: /Users/kcl/Documents/Cpp_Projects/notepp/exp/14-zlmHttp/build/CMakeFiles/CMakeScratch/TryCompile-6EKHpF

Run Build Command(s):/opt/local/bin/gmake -f Makefile cmTC_677af/fast && /opt/local/bin/gmake  -f CMakeFiles/cmTC_677af.dir/build.make CMakeFiles/cmTC_677af.dir/build
gmake[1]: Entering directory '/Users/kcl/Documents/Cpp_Projects/notepp/exp/14-zlmHttp/build/CMakeFiles/CMakeScratch/TryCompile-6EKHpF'
Building C object CMakeFiles/cmTC_677af.dir/CheckSymbolExists.c.o
/Applications/Xcode.app/Contents/Developer/Toolchains/XcodeDefault.xctoolchain/usr/bin/cc -D_GNU_SOURCE   -MD -MT CMakeFiles/cmTC_677af.dir/CheckSymbolExists.c.o -MF CMakeFiles/cmTC_677af.dir/CheckSymbolExists.c.o.d -o CMakeFiles/cmTC_677af.dir/CheckSymbolExists.c.o -c /Users/kcl/Documents/Cpp_Projects/notepp/exp/14-zlmHttp/build/CMakeFiles/CMakeScratch/TryCompile-6EKHpF/CheckSymbolExists.c
/Users/kcl/Documents/Cpp_Projects/notepp/exp/14-zlmHttp/build/CMakeFiles/CMakeScratch/TryCompile-6EKHpF/CheckSymbolExists.c:8:19: error: use of undeclared identifier 'sendmmsg'; did you mean 'sendmsg'?
  return ((int*)(&sendmmsg))[argc];
                  ^~~~~~~~
                  sendmsg
/usr/include/sys/socket.h:696:9: note: 'sendmsg' declared here
ssize_t sendmsg(int, const struct msghdr *, int) __DARWIN_ALIAS_C(sendmsg);
        ^
1 error generated.
gmake[1]: *** [CMakeFiles/cmTC_677af.dir/build.make:79: CMakeFiles/cmTC_677af.dir/CheckSymbolExists.c.o] Error 1
gmake[1]: Leaving directory '/Users/kcl/Documents/Cpp_Projects/notepp/exp/14-zlmHttp/build/CMakeFiles/CMakeScratch/TryCompile-6EKHpF'
gmake: *** [Makefile:127: cmTC_677af/fast] Error 2


File CheckSymbolExists.c:
/* */
#include <sys/socket.h>

int main(int argc, char** argv)
{
  (void)argv;
#ifndef sendmmsg
  return ((int*)(&sendmmsg))[argc];
#else
  (void)argc;
  return 0;
#endif
}
Determining if the recvmmsg exist failed with the following output:
Change Dir: /Users/kcl/Documents/Cpp_Projects/notepp/exp/14-zlmHttp/build/CMakeFiles/CMakeScratch/TryCompile-7SJSuD

Run Build Command(s):/opt/local/bin/gmake -f Makefile cmTC_87aa6/fast && /opt/local/bin/gmake  -f CMakeFiles/cmTC_87aa6.dir/build.make CMakeFiles/cmTC_87aa6.dir/build
gmake[1]: Entering directory '/Users/kcl/Documents/Cpp_Projects/notepp/exp/14-zlmHttp/build/CMakeFiles/CMakeScratch/TryCompile-7SJSuD'
Building C object CMakeFiles/cmTC_87aa6.dir/CheckSymbolExists.c.o
/Applications/Xcode.app/Contents/Developer/Toolchains/XcodeDefault.xctoolchain/usr/bin/cc -D_GNU_SOURCE   -MD -MT CMakeFiles/cmTC_87aa6.dir/CheckSymbolExists.c.o -MF CMakeFiles/cmTC_87aa6.dir/CheckSymbolExists.c.o.d -o CMakeFiles/cmTC_87aa6.dir/CheckSymbolExists.c.o -c /Users/kcl/Documents/Cpp_Projects/notepp/exp/14-zlmHttp/build/CMakeFiles/CMakeScratch/TryCompile-7SJSuD/CheckSymbolExists.c
/Users/kcl/Documents/Cpp_Projects/notepp/exp/14-zlmHttp/build/CMakeFiles/CMakeScratch/TryCompile-7SJSuD/CheckSymbolExists.c:8:19: error: use of undeclared identifier 'recvmmsg'; did you mean 'recvmsg'?
  return ((int*)(&recvmmsg))[argc];
                  ^~~~~~~~
                  recvmsg
/usr/include/sys/socket.h:694:9: note: 'recvmsg' declared here
ssize_t recvmsg(int, struct msghdr *, int) __DARWIN_ALIAS_C(recvmsg);
        ^
1 error generated.
gmake[1]: *** [CMakeFiles/cmTC_87aa6.dir/build.make:79: CMakeFiles/cmTC_87aa6.dir/CheckSymbolExists.c.o] Error 1
gmake[1]: Leaving directory '/Users/kcl/Documents/Cpp_Projects/notepp/exp/14-zlmHttp/build/CMakeFiles/CMakeScratch/TryCompile-7SJSuD'
gmake: *** [Makefile:127: cmTC_87aa6/fast] Error 2


File CheckSymbolExists.c:
/* */
#include <sys/socket.h>

int main(int argc, char** argv)
{
  (void)argv;
#ifndef recvmmsg
  return ((int*)(&recvmmsg))[argc];
#else
  (void)argc;
  return 0;
#endif
}
