Determining if the pthread_create exist failed with the following output:
Change Dir: /home/ubt/Documents/algorithm/C++/notepp/exp/09-server/build/CMakeFiles/CMakeTmp

Run Build Command:"/usr/bin/make" "cmTC_5b501/fast"
/usr/bin/make -f CMakeFiles/cmTC_5b501.dir/build.make CMakeFiles/cmTC_5b501.dir/build
make[1]: Entering directory '/home/ubt/Documents/algorithm/C++/notepp/exp/09-server/build/CMakeFiles/CMakeTmp'
Building C object CMakeFiles/cmTC_5b501.dir/CheckSymbolExists.c.o
/usr/bin/cc    -o CMakeFiles/cmTC_5b501.dir/CheckSymbolExists.c.o   -c /home/ubt/Documents/algorithm/C++/notepp/exp/09-server/build/CMakeFiles/CMakeTmp/CheckSymbolExists.c
Linking C executable cmTC_5b501
/usr/bin/cmake -E cmake_link_script CMakeFiles/cmTC_5b501.dir/link.txt --verbose=1
/usr/bin/cc      CMakeFiles/cmTC_5b501.dir/CheckSymbolExists.c.o  -o cmTC_5b501 
CMakeFiles/cmTC_5b501.dir/CheckSymbolExists.c.o: In function `main':
CheckSymbolExists.c:(.text+0x1b): undefined reference to `pthread_create'
collect2: error: ld returned 1 exit status
CMakeFiles/cmTC_5b501.dir/build.make:97: recipe for target 'cmTC_5b501' failed
make[1]: *** [cmTC_5b501] Error 1
make[1]: Leaving directory '/home/ubt/Documents/algorithm/C++/notepp/exp/09-server/build/CMakeFiles/CMakeTmp'
Makefile:126: recipe for target 'cmTC_5b501/fast' failed
make: *** [cmTC_5b501/fast] Error 2

File /home/ubt/Documents/algorithm/C++/notepp/exp/09-server/build/CMakeFiles/CMakeTmp/CheckSymbolExists.c:
/* */
#include <pthread.h>

int main(int argc, char** argv)
{
  (void)argv;
#ifndef pthread_create
  return ((int*)(&pthread_create))[argc];
#else
  (void)argc;
  return 0;
#endif
}

Determining if the function pthread_create exists in the pthreads failed with the following output:
Change Dir: /home/ubt/Documents/algorithm/C++/notepp/exp/09-server/build/CMakeFiles/CMakeTmp

Run Build Command:"/usr/bin/make" "cmTC_94de2/fast"
/usr/bin/make -f CMakeFiles/cmTC_94de2.dir/build.make CMakeFiles/cmTC_94de2.dir/build
make[1]: Entering directory '/home/ubt/Documents/algorithm/C++/notepp/exp/09-server/build/CMakeFiles/CMakeTmp'
Building C object CMakeFiles/cmTC_94de2.dir/CheckFunctionExists.c.o
/usr/bin/cc   -DCHECK_FUNCTION_EXISTS=pthread_create   -o CMakeFiles/cmTC_94de2.dir/CheckFunctionExists.c.o   -c /usr/share/cmake-3.10/Modules/CheckFunctionExists.c
Linking C executable cmTC_94de2
/usr/bin/cmake -E cmake_link_script CMakeFiles/cmTC_94de2.dir/link.txt --verbose=1
/usr/bin/cc  -DCHECK_FUNCTION_EXISTS=pthread_create    CMakeFiles/cmTC_94de2.dir/CheckFunctionExists.c.o  -o cmTC_94de2 -lpthreads 
/usr/bin/ld: cannot find -lpthreads
collect2: error: ld returned 1 exit status
CMakeFiles/cmTC_94de2.dir/build.make:97: recipe for target 'cmTC_94de2' failed
make[1]: *** [cmTC_94de2] Error 1
make[1]: Leaving directory '/home/ubt/Documents/algorithm/C++/notepp/exp/09-server/build/CMakeFiles/CMakeTmp'
Makefile:126: recipe for target 'cmTC_94de2/fast' failed
make: *** [cmTC_94de2/fast] Error 2


