The system is: Darwin - 17.4.0 - x86_64
Compiling the C compiler identification source file "CMakeCCompilerId.c" succeeded.
Compiler: /Applications/Xcode.app/Contents/Developer/Toolchains/XcodeDefault.xctoolchain/usr/bin/cc 
Build flags: 
Id flags:  

The output was:
0


Compilation of the C compiler identification source "CMakeCCompilerId.c" produced "a.out"

The C compiler identification is AppleClang, found in "/Users/kcl/Documents/Cpp_Projects/notepp/exp/16-ssl/build/CMakeFiles/3.25.1/CompilerIdC/a.out"

Compiling the CXX compiler identification source file "CMakeCXXCompilerId.cpp" succeeded.
Compiler: /Applications/Xcode.app/Contents/Developer/Toolchains/XcodeDefault.xctoolchain/usr/bin/c++ 
Build flags: 
Id flags:  

The output was:
0


Compilation of the CXX compiler identification source "CMakeCXXCompilerId.cpp" produced "a.out"

The CXX compiler identification is AppleClang, found in "/Users/kcl/Documents/Cpp_Projects/notepp/exp/16-ssl/build/CMakeFiles/3.25.1/CompilerIdCXX/a.out"

Detecting C compiler ABI info compiled with the following output:
Change Dir: /Users/kcl/Documents/Cpp_Projects/notepp/exp/16-ssl/build/CMakeFiles/CMakeScratch/TryCompile-K2u9WJ

Run Build Command(s):/opt/local/bin/gmake -f Makefile cmTC_c18c6/fast && /opt/local/bin/gmake  -f CMakeFiles/cmTC_c18c6.dir/build.make CMakeFiles/cmTC_c18c6.dir/build
gmake[1]: Entering directory '/Users/kcl/Documents/Cpp_Projects/notepp/exp/16-ssl/build/CMakeFiles/CMakeScratch/TryCompile-K2u9WJ'
Building C object CMakeFiles/cmTC_c18c6.dir/CMakeCCompilerABI.c.o
/Applications/Xcode.app/Contents/Developer/Toolchains/XcodeDefault.xctoolchain/usr/bin/cc   -v -Wl,-v -MD -MT CMakeFiles/cmTC_c18c6.dir/CMakeCCompilerABI.c.o -MF CMakeFiles/cmTC_c18c6.dir/CMakeCCompilerABI.c.o.d -o CMakeFiles/cmTC_c18c6.dir/CMakeCCompilerABI.c.o -c /usr/local/Cellar/cmake/3.25.1/share/cmake/Modules/CMakeCCompilerABI.c
Apple LLVM version 9.0.0 (clang-900.0.39.2)
Target: x86_64-apple-darwin17.4.0
Thread model: posix
InstalledDir: /Applications/Xcode.app/Contents/Developer/Toolchains/XcodeDefault.xctoolchain/usr/bin
clang: warning: -Wl,-v: 'linker' input unused [-Wunused-command-line-argument]
 "/Applications/Xcode.app/Contents/Developer/Toolchains/XcodeDefault.xctoolchain/usr/bin/clang" -cc1 -triple x86_64-apple-macosx10.13.0 -Wdeprecated-objc-isa-usage -Werror=deprecated-objc-isa-usage -emit-obj -mrelax-all -disable-free -disable-llvm-verifier -discard-value-names -main-file-name CMakeCCompilerABI.c -mrelocation-model pic -pic-level 2 -mthread-model posix -mdisable-fp-elim -fno-strict-return -masm-verbose -munwind-tables -target-cpu penryn -target-linker-version 305 -v -dwarf-column-info -debugger-tuning=lldb -coverage-notes-file /Users/kcl/Documents/Cpp_Projects/notepp/exp/16-ssl/build/CMakeFiles/CMakeScratch/TryCompile-K2u9WJ/CMakeFiles/cmTC_c18c6.dir/CMakeCCompilerABI.c.gcno -resource-dir /Applications/Xcode.app/Contents/Developer/Toolchains/XcodeDefault.xctoolchain/usr/lib/clang/9.0.0 -dependency-file CMakeFiles/cmTC_c18c6.dir/CMakeCCompilerABI.c.o.d -sys-header-deps -MT CMakeFiles/cmTC_c18c6.dir/CMakeCCompilerABI.c.o -fdebug-compilation-dir /Users/kcl/Documents/Cpp_Projects/notepp/exp/16-ssl/build/CMakeFiles/CMakeScratch/TryCompile-K2u9WJ -ferror-limit 19 -fmessage-length 0 -stack-protector 1 -fblocks -fobjc-runtime=macosx-10.13.0 -fencode-extended-block-signature -fmax-type-align=16 -fdiagnostics-show-option -o CMakeFiles/cmTC_c18c6.dir/CMakeCCompilerABI.c.o -x c /usr/local/Cellar/cmake/3.25.1/share/cmake/Modules/CMakeCCompilerABI.c
clang -cc1 version 9.0.0 (clang-900.0.39.2) default target x86_64-apple-darwin17.4.0
#include "..." search starts here:
#include <...> search starts here:
 /usr/local/include
 /Applications/Xcode.app/Contents/Developer/Toolchains/XcodeDefault.xctoolchain/usr/lib/clang/9.0.0/include
 /Applications/Xcode.app/Contents/Developer/Toolchains/XcodeDefault.xctoolchain/usr/include
 /usr/include
 /System/Library/Frameworks (framework directory)
 /Library/Frameworks (framework directory)
End of search list.
Linking C executable cmTC_c18c6
/usr/local/Cellar/cmake/3.25.1/bin/cmake -E cmake_link_script CMakeFiles/cmTC_c18c6.dir/link.txt --verbose=1
/Applications/Xcode.app/Contents/Developer/Toolchains/XcodeDefault.xctoolchain/usr/bin/cc -Wl,-search_paths_first -Wl,-headerpad_max_install_names -L/usr/local/opt/openssl@1.1/lib -v -Wl,-v CMakeFiles/cmTC_c18c6.dir/CMakeCCompilerABI.c.o -o cmTC_c18c6 
Apple LLVM version 9.0.0 (clang-900.0.39.2)
Target: x86_64-apple-darwin17.4.0
Thread model: posix
InstalledDir: /Applications/Xcode.app/Contents/Developer/Toolchains/XcodeDefault.xctoolchain/usr/bin
 "/Applications/Xcode.app/Contents/Developer/Toolchains/XcodeDefault.xctoolchain/usr/bin/ld" -demangle -lto_library /Applications/Xcode.app/Contents/Developer/Toolchains/XcodeDefault.xctoolchain/usr/lib/libLTO.dylib -dynamic -arch x86_64 -macosx_version_min 10.13.0 -o cmTC_c18c6 -L/usr/local/opt/openssl@1.1/lib -search_paths_first -headerpad_max_install_names -v CMakeFiles/cmTC_c18c6.dir/CMakeCCompilerABI.c.o -lSystem /Applications/Xcode.app/Contents/Developer/Toolchains/XcodeDefault.xctoolchain/usr/lib/clang/9.0.0/lib/darwin/libclang_rt.osx.a
@(#)PROGRAM:ld  PROJECT:ld64-305
configured to support archs: armv6 armv7 armv7s arm64 i386 x86_64 x86_64h armv6m armv7k armv7m armv7em (tvOS)
Library search paths:
	/usr/local/opt/openssl@1.1/lib
	/usr/lib
	/usr/local/lib
Framework search paths:
	/Library/Frameworks/
	/System/Library/Frameworks/
gmake[1]: Leaving directory '/Users/kcl/Documents/Cpp_Projects/notepp/exp/16-ssl/build/CMakeFiles/CMakeScratch/TryCompile-K2u9WJ'



Parsed C implicit include dir info from above output: rv=done
  found start of include info
  found start of implicit include info
    add: [/usr/local/include]
    add: [/Applications/Xcode.app/Contents/Developer/Toolchains/XcodeDefault.xctoolchain/usr/lib/clang/9.0.0/include]
    add: [/Applications/Xcode.app/Contents/Developer/Toolchains/XcodeDefault.xctoolchain/usr/include]
    add: [/usr/include]
  end of search list found
  collapse include dir [/usr/local/include] ==> [/usr/local/include]
  collapse include dir [/Applications/Xcode.app/Contents/Developer/Toolchains/XcodeDefault.xctoolchain/usr/lib/clang/9.0.0/include] ==> [/Applications/Xcode.app/Contents/Developer/Toolchains/XcodeDefault.xctoolchain/usr/lib/clang/9.0.0/include]
  collapse include dir [/Applications/Xcode.app/Contents/Developer/Toolchains/XcodeDefault.xctoolchain/usr/include] ==> [/Applications/Xcode.app/Contents/Developer/Toolchains/XcodeDefault.xctoolchain/usr/include]
  collapse include dir [/usr/include] ==> [/usr/include]
  implicit include dirs: [/usr/local/include;/Applications/Xcode.app/Contents/Developer/Toolchains/XcodeDefault.xctoolchain/usr/lib/clang/9.0.0/include;/Applications/Xcode.app/Contents/Developer/Toolchains/XcodeDefault.xctoolchain/usr/include;/usr/include]


Parsed C implicit link information from above output:
  link line regex: [^( *|.*[/\])(ld|CMAKE_LINK_STARTFILE-NOTFOUND|([^/\]+-)?ld|collect2)[^/\]*( |$)]
  ignore line: [Change Dir: /Users/kcl/Documents/Cpp_Projects/notepp/exp/16-ssl/build/CMakeFiles/CMakeScratch/TryCompile-K2u9WJ]
  ignore line: []
  ignore line: [Run Build Command(s):/opt/local/bin/gmake -f Makefile cmTC_c18c6/fast && /opt/local/bin/gmake  -f CMakeFiles/cmTC_c18c6.dir/build.make CMakeFiles/cmTC_c18c6.dir/build]
  ignore line: [gmake[1]: Entering directory '/Users/kcl/Documents/Cpp_Projects/notepp/exp/16-ssl/build/CMakeFiles/CMakeScratch/TryCompile-K2u9WJ']
  ignore line: [Building C object CMakeFiles/cmTC_c18c6.dir/CMakeCCompilerABI.c.o]
  ignore line: [/Applications/Xcode.app/Contents/Developer/Toolchains/XcodeDefault.xctoolchain/usr/bin/cc   -v -Wl -v -MD -MT CMakeFiles/cmTC_c18c6.dir/CMakeCCompilerABI.c.o -MF CMakeFiles/cmTC_c18c6.dir/CMakeCCompilerABI.c.o.d -o CMakeFiles/cmTC_c18c6.dir/CMakeCCompilerABI.c.o -c /usr/local/Cellar/cmake/3.25.1/share/cmake/Modules/CMakeCCompilerABI.c]
  ignore line: [Apple LLVM version 9.0.0 (clang-900.0.39.2)]
  ignore line: [Target: x86_64-apple-darwin17.4.0]
  ignore line: [Thread model: posix]
  ignore line: [InstalledDir: /Applications/Xcode.app/Contents/Developer/Toolchains/XcodeDefault.xctoolchain/usr/bin]
  ignore line: [clang: warning: -Wl -v: 'linker' input unused [-Wunused-command-line-argument]]
  ignore line: [ "/Applications/Xcode.app/Contents/Developer/Toolchains/XcodeDefault.xctoolchain/usr/bin/clang" -cc1 -triple x86_64-apple-macosx10.13.0 -Wdeprecated-objc-isa-usage -Werror=deprecated-objc-isa-usage -emit-obj -mrelax-all -disable-free -disable-llvm-verifier -discard-value-names -main-file-name CMakeCCompilerABI.c -mrelocation-model pic -pic-level 2 -mthread-model posix -mdisable-fp-elim -fno-strict-return -masm-verbose -munwind-tables -target-cpu penryn -target-linker-version 305 -v -dwarf-column-info -debugger-tuning=lldb -coverage-notes-file /Users/kcl/Documents/Cpp_Projects/notepp/exp/16-ssl/build/CMakeFiles/CMakeScratch/TryCompile-K2u9WJ/CMakeFiles/cmTC_c18c6.dir/CMakeCCompilerABI.c.gcno -resource-dir /Applications/Xcode.app/Contents/Developer/Toolchains/XcodeDefault.xctoolchain/usr/lib/clang/9.0.0 -dependency-file CMakeFiles/cmTC_c18c6.dir/CMakeCCompilerABI.c.o.d -sys-header-deps -MT CMakeFiles/cmTC_c18c6.dir/CMakeCCompilerABI.c.o -fdebug-compilation-dir /Users/kcl/Documents/Cpp_Projects/notepp/exp/16-ssl/build/CMakeFiles/CMakeScratch/TryCompile-K2u9WJ -ferror-limit 19 -fmessage-length 0 -stack-protector 1 -fblocks -fobjc-runtime=macosx-10.13.0 -fencode-extended-block-signature -fmax-type-align=16 -fdiagnostics-show-option -o CMakeFiles/cmTC_c18c6.dir/CMakeCCompilerABI.c.o -x c /usr/local/Cellar/cmake/3.25.1/share/cmake/Modules/CMakeCCompilerABI.c]
  ignore line: [clang -cc1 version 9.0.0 (clang-900.0.39.2) default target x86_64-apple-darwin17.4.0]
  ignore line: [#include "..." search starts here:]
  ignore line: [#include <...> search starts here:]
  ignore line: [ /usr/local/include]
  ignore line: [ /Applications/Xcode.app/Contents/Developer/Toolchains/XcodeDefault.xctoolchain/usr/lib/clang/9.0.0/include]
  ignore line: [ /Applications/Xcode.app/Contents/Developer/Toolchains/XcodeDefault.xctoolchain/usr/include]
  ignore line: [ /usr/include]
  ignore line: [ /System/Library/Frameworks (framework directory)]
  ignore line: [ /Library/Frameworks (framework directory)]
  ignore line: [End of search list.]
  ignore line: [Linking C executable cmTC_c18c6]
  ignore line: [/usr/local/Cellar/cmake/3.25.1/bin/cmake -E cmake_link_script CMakeFiles/cmTC_c18c6.dir/link.txt --verbose=1]
  ignore line: [/Applications/Xcode.app/Contents/Developer/Toolchains/XcodeDefault.xctoolchain/usr/bin/cc -Wl -search_paths_first -Wl -headerpad_max_install_names -L/usr/local/opt/openssl@1.1/lib -v -Wl -v CMakeFiles/cmTC_c18c6.dir/CMakeCCompilerABI.c.o -o cmTC_c18c6 ]
  ignore line: [Apple LLVM version 9.0.0 (clang-900.0.39.2)]
  ignore line: [Target: x86_64-apple-darwin17.4.0]
  ignore line: [Thread model: posix]
  ignore line: [InstalledDir: /Applications/Xcode.app/Contents/Developer/Toolchains/XcodeDefault.xctoolchain/usr/bin]
  link line: [ "/Applications/Xcode.app/Contents/Developer/Toolchains/XcodeDefault.xctoolchain/usr/bin/ld" -demangle -lto_library /Applications/Xcode.app/Contents/Developer/Toolchains/XcodeDefault.xctoolchain/usr/lib/libLTO.dylib -dynamic -arch x86_64 -macosx_version_min 10.13.0 -o cmTC_c18c6 -L/usr/local/opt/openssl@1.1/lib -search_paths_first -headerpad_max_install_names -v CMakeFiles/cmTC_c18c6.dir/CMakeCCompilerABI.c.o -lSystem /Applications/Xcode.app/Contents/Developer/Toolchains/XcodeDefault.xctoolchain/usr/lib/clang/9.0.0/lib/darwin/libclang_rt.osx.a]
    arg [/Applications/Xcode.app/Contents/Developer/Toolchains/XcodeDefault.xctoolchain/usr/bin/ld] ==> ignore
    arg [-demangle] ==> ignore
    arg [-lto_library] ==> ignore, skip following value
    arg [/Applications/Xcode.app/Contents/Developer/Toolchains/XcodeDefault.xctoolchain/usr/lib/libLTO.dylib] ==> skip value of -lto_library
    arg [-dynamic] ==> ignore
    arg [-arch] ==> ignore
    arg [x86_64] ==> ignore
    arg [-macosx_version_min] ==> ignore
    arg [10.13.0] ==> ignore
    arg [-o] ==> ignore
    arg [cmTC_c18c6] ==> ignore
    arg [-L/usr/local/opt/openssl@1.1/lib] ==> dir [/usr/local/opt/openssl@1.1/lib]
    arg [-search_paths_first] ==> ignore
    arg [-headerpad_max_install_names] ==> ignore
    arg [-v] ==> ignore
    arg [CMakeFiles/cmTC_c18c6.dir/CMakeCCompilerABI.c.o] ==> ignore
    arg [-lSystem] ==> lib [System]
    arg [/Applications/Xcode.app/Contents/Developer/Toolchains/XcodeDefault.xctoolchain/usr/lib/clang/9.0.0/lib/darwin/libclang_rt.osx.a] ==> lib [/Applications/Xcode.app/Contents/Developer/Toolchains/XcodeDefault.xctoolchain/usr/lib/clang/9.0.0/lib/darwin/libclang_rt.osx.a]
  Library search paths: [;/usr/local/opt/openssl@1.1/lib;/usr/lib;/usr/local/lib]
  Framework search paths: [;/Library/Frameworks/;/System/Library/Frameworks/]
  remove lib [System]
  remove lib [/Applications/Xcode.app/Contents/Developer/Toolchains/XcodeDefault.xctoolchain/usr/lib/clang/9.0.0/lib/darwin/libclang_rt.osx.a]
  collapse library dir [/usr/local/opt/openssl@1.1/lib] ==> [/usr/local/opt/openssl@1.1/lib]
  collapse library dir [/usr/local/opt/openssl@1.1/lib] ==> [/usr/local/opt/openssl@1.1/lib]
  collapse library dir [/usr/lib] ==> [/usr/lib]
  collapse library dir [/usr/local/lib] ==> [/usr/local/lib]
  collapse framework dir [/Library/Frameworks/] ==> [/Library/Frameworks]
  collapse framework dir [/System/Library/Frameworks/] ==> [/System/Library/Frameworks]
  implicit libs: []
  implicit objs: []
  implicit dirs: [/usr/local/opt/openssl@1.1/lib;/usr/lib;/usr/local/lib]
  implicit fwks: [/Library/Frameworks;/System/Library/Frameworks]


Detecting CXX compiler ABI info compiled with the following output:
Change Dir: /Users/kcl/Documents/Cpp_Projects/notepp/exp/16-ssl/build/CMakeFiles/CMakeScratch/TryCompile-YSNagA

Run Build Command(s):/opt/local/bin/gmake -f Makefile cmTC_4640d/fast && /opt/local/bin/gmake  -f CMakeFiles/cmTC_4640d.dir/build.make CMakeFiles/cmTC_4640d.dir/build
gmake[1]: Entering directory '/Users/kcl/Documents/Cpp_Projects/notepp/exp/16-ssl/build/CMakeFiles/CMakeScratch/TryCompile-YSNagA'
Building CXX object CMakeFiles/cmTC_4640d.dir/CMakeCXXCompilerABI.cpp.o
/Applications/Xcode.app/Contents/Developer/Toolchains/XcodeDefault.xctoolchain/usr/bin/c++   -v -Wl,-v -MD -MT CMakeFiles/cmTC_4640d.dir/CMakeCXXCompilerABI.cpp.o -MF CMakeFiles/cmTC_4640d.dir/CMakeCXXCompilerABI.cpp.o.d -o CMakeFiles/cmTC_4640d.dir/CMakeCXXCompilerABI.cpp.o -c /usr/local/Cellar/cmake/3.25.1/share/cmake/Modules/CMakeCXXCompilerABI.cpp
Apple LLVM version 9.0.0 (clang-900.0.39.2)
Target: x86_64-apple-darwin17.4.0
Thread model: posix
InstalledDir: /Applications/Xcode.app/Contents/Developer/Toolchains/XcodeDefault.xctoolchain/usr/bin
clang: warning: -Wl,-v: 'linker' input unused [-Wunused-command-line-argument]
 "/Applications/Xcode.app/Contents/Developer/Toolchains/XcodeDefault.xctoolchain/usr/bin/clang" -cc1 -triple x86_64-apple-macosx10.13.0 -Wdeprecated-objc-isa-usage -Werror=deprecated-objc-isa-usage -emit-obj -mrelax-all -disable-free -disable-llvm-verifier -discard-value-names -main-file-name CMakeCXXCompilerABI.cpp -mrelocation-model pic -pic-level 2 -mthread-model posix -mdisable-fp-elim -fno-strict-return -masm-verbose -munwind-tables -target-cpu penryn -target-linker-version 305 -v -dwarf-column-info -debugger-tuning=lldb -coverage-notes-file /Users/kcl/Documents/Cpp_Projects/notepp/exp/16-ssl/build/CMakeFiles/CMakeScratch/TryCompile-YSNagA/CMakeFiles/cmTC_4640d.dir/CMakeCXXCompilerABI.cpp.gcno -resource-dir /Applications/Xcode.app/Contents/Developer/Toolchains/XcodeDefault.xctoolchain/usr/lib/clang/9.0.0 -dependency-file CMakeFiles/cmTC_4640d.dir/CMakeCXXCompilerABI.cpp.o.d -sys-header-deps -MT CMakeFiles/cmTC_4640d.dir/CMakeCXXCompilerABI.cpp.o -stdlib=libc++ -fdeprecated-macro -fdebug-compilation-dir /Users/kcl/Documents/Cpp_Projects/notepp/exp/16-ssl/build/CMakeFiles/CMakeScratch/TryCompile-YSNagA -ferror-limit 19 -fmessage-length 0 -stack-protector 1 -fblocks -fobjc-runtime=macosx-10.13.0 -fencode-extended-block-signature -fcxx-exceptions -fexceptions -fmax-type-align=16 -fdiagnostics-show-option -o CMakeFiles/cmTC_4640d.dir/CMakeCXXCompilerABI.cpp.o -x c++ /usr/local/Cellar/cmake/3.25.1/share/cmake/Modules/CMakeCXXCompilerABI.cpp
clang -cc1 version 9.0.0 (clang-900.0.39.2) default target x86_64-apple-darwin17.4.0
ignoring nonexistent directory "/usr/include/c++/v1"
#include "..." search starts here:
#include <...> search starts here:
 /Applications/Xcode.app/Contents/Developer/Toolchains/XcodeDefault.xctoolchain/usr/include/c++/v1
 /usr/local/include
 /Applications/Xcode.app/Contents/Developer/Toolchains/XcodeDefault.xctoolchain/usr/lib/clang/9.0.0/include
 /Applications/Xcode.app/Contents/Developer/Toolchains/XcodeDefault.xctoolchain/usr/include
 /usr/include
 /System/Library/Frameworks (framework directory)
 /Library/Frameworks (framework directory)
End of search list.
Linking CXX executable cmTC_4640d
/usr/local/Cellar/cmake/3.25.1/bin/cmake -E cmake_link_script CMakeFiles/cmTC_4640d.dir/link.txt --verbose=1
/Applications/Xcode.app/Contents/Developer/Toolchains/XcodeDefault.xctoolchain/usr/bin/c++ -Wl,-search_paths_first -Wl,-headerpad_max_install_names -L/usr/local/opt/openssl@1.1/lib -v -Wl,-v CMakeFiles/cmTC_4640d.dir/CMakeCXXCompilerABI.cpp.o -o cmTC_4640d 
Apple LLVM version 9.0.0 (clang-900.0.39.2)
Target: x86_64-apple-darwin17.4.0
Thread model: posix
InstalledDir: /Applications/Xcode.app/Contents/Developer/Toolchains/XcodeDefault.xctoolchain/usr/bin
 "/Applications/Xcode.app/Contents/Developer/Toolchains/XcodeDefault.xctoolchain/usr/bin/ld" -demangle -lto_library /Applications/Xcode.app/Contents/Developer/Toolchains/XcodeDefault.xctoolchain/usr/lib/libLTO.dylib -dynamic -arch x86_64 -macosx_version_min 10.13.0 -o cmTC_4640d -L/usr/local/opt/openssl@1.1/lib -search_paths_first -headerpad_max_install_names -v CMakeFiles/cmTC_4640d.dir/CMakeCXXCompilerABI.cpp.o -lc++ -lSystem /Applications/Xcode.app/Contents/Developer/Toolchains/XcodeDefault.xctoolchain/usr/lib/clang/9.0.0/lib/darwin/libclang_rt.osx.a
@(#)PROGRAM:ld  PROJECT:ld64-305
configured to support archs: armv6 armv7 armv7s arm64 i386 x86_64 x86_64h armv6m armv7k armv7m armv7em (tvOS)
Library search paths:
	/usr/local/opt/openssl@1.1/lib
	/usr/lib
	/usr/local/lib
Framework search paths:
	/Library/Frameworks/
	/System/Library/Frameworks/
gmake[1]: Leaving directory '/Users/kcl/Documents/Cpp_Projects/notepp/exp/16-ssl/build/CMakeFiles/CMakeScratch/TryCompile-YSNagA'



Parsed CXX implicit include dir info from above output: rv=done
  found start of include info
  found start of implicit include info
    add: [/Applications/Xcode.app/Contents/Developer/Toolchains/XcodeDefault.xctoolchain/usr/include/c++/v1]
    add: [/usr/local/include]
    add: [/Applications/Xcode.app/Contents/Developer/Toolchains/XcodeDefault.xctoolchain/usr/lib/clang/9.0.0/include]
    add: [/Applications/Xcode.app/Contents/Developer/Toolchains/XcodeDefault.xctoolchain/usr/include]
    add: [/usr/include]
  end of search list found
  collapse include dir [/Applications/Xcode.app/Contents/Developer/Toolchains/XcodeDefault.xctoolchain/usr/include/c++/v1] ==> [/Applications/Xcode.app/Contents/Developer/Toolchains/XcodeDefault.xctoolchain/usr/include/c++/v1]
  collapse include dir [/usr/local/include] ==> [/usr/local/include]
  collapse include dir [/Applications/Xcode.app/Contents/Developer/Toolchains/XcodeDefault.xctoolchain/usr/lib/clang/9.0.0/include] ==> [/Applications/Xcode.app/Contents/Developer/Toolchains/XcodeDefault.xctoolchain/usr/lib/clang/9.0.0/include]
  collapse include dir [/Applications/Xcode.app/Contents/Developer/Toolchains/XcodeDefault.xctoolchain/usr/include] ==> [/Applications/Xcode.app/Contents/Developer/Toolchains/XcodeDefault.xctoolchain/usr/include]
  collapse include dir [/usr/include] ==> [/usr/include]
  implicit include dirs: [/Applications/Xcode.app/Contents/Developer/Toolchains/XcodeDefault.xctoolchain/usr/include/c++/v1;/usr/local/include;/Applications/Xcode.app/Contents/Developer/Toolchains/XcodeDefault.xctoolchain/usr/lib/clang/9.0.0/include;/Applications/Xcode.app/Contents/Developer/Toolchains/XcodeDefault.xctoolchain/usr/include;/usr/include]


Parsed CXX implicit link information from above output:
  link line regex: [^( *|.*[/\])(ld|CMAKE_LINK_STARTFILE-NOTFOUND|([^/\]+-)?ld|collect2)[^/\]*( |$)]
  ignore line: [Change Dir: /Users/kcl/Documents/Cpp_Projects/notepp/exp/16-ssl/build/CMakeFiles/CMakeScratch/TryCompile-YSNagA]
  ignore line: []
  ignore line: [Run Build Command(s):/opt/local/bin/gmake -f Makefile cmTC_4640d/fast && /opt/local/bin/gmake  -f CMakeFiles/cmTC_4640d.dir/build.make CMakeFiles/cmTC_4640d.dir/build]
  ignore line: [gmake[1]: Entering directory '/Users/kcl/Documents/Cpp_Projects/notepp/exp/16-ssl/build/CMakeFiles/CMakeScratch/TryCompile-YSNagA']
  ignore line: [Building CXX object CMakeFiles/cmTC_4640d.dir/CMakeCXXCompilerABI.cpp.o]
  ignore line: [/Applications/Xcode.app/Contents/Developer/Toolchains/XcodeDefault.xctoolchain/usr/bin/c++   -v -Wl -v -MD -MT CMakeFiles/cmTC_4640d.dir/CMakeCXXCompilerABI.cpp.o -MF CMakeFiles/cmTC_4640d.dir/CMakeCXXCompilerABI.cpp.o.d -o CMakeFiles/cmTC_4640d.dir/CMakeCXXCompilerABI.cpp.o -c /usr/local/Cellar/cmake/3.25.1/share/cmake/Modules/CMakeCXXCompilerABI.cpp]
  ignore line: [Apple LLVM version 9.0.0 (clang-900.0.39.2)]
  ignore line: [Target: x86_64-apple-darwin17.4.0]
  ignore line: [Thread model: posix]
  ignore line: [InstalledDir: /Applications/Xcode.app/Contents/Developer/Toolchains/XcodeDefault.xctoolchain/usr/bin]
  ignore line: [clang: warning: -Wl -v: 'linker' input unused [-Wunused-command-line-argument]]
  ignore line: [ "/Applications/Xcode.app/Contents/Developer/Toolchains/XcodeDefault.xctoolchain/usr/bin/clang" -cc1 -triple x86_64-apple-macosx10.13.0 -Wdeprecated-objc-isa-usage -Werror=deprecated-objc-isa-usage -emit-obj -mrelax-all -disable-free -disable-llvm-verifier -discard-value-names -main-file-name CMakeCXXCompilerABI.cpp -mrelocation-model pic -pic-level 2 -mthread-model posix -mdisable-fp-elim -fno-strict-return -masm-verbose -munwind-tables -target-cpu penryn -target-linker-version 305 -v -dwarf-column-info -debugger-tuning=lldb -coverage-notes-file /Users/kcl/Documents/Cpp_Projects/notepp/exp/16-ssl/build/CMakeFiles/CMakeScratch/TryCompile-YSNagA/CMakeFiles/cmTC_4640d.dir/CMakeCXXCompilerABI.cpp.gcno -resource-dir /Applications/Xcode.app/Contents/Developer/Toolchains/XcodeDefault.xctoolchain/usr/lib/clang/9.0.0 -dependency-file CMakeFiles/cmTC_4640d.dir/CMakeCXXCompilerABI.cpp.o.d -sys-header-deps -MT CMakeFiles/cmTC_4640d.dir/CMakeCXXCompilerABI.cpp.o -stdlib=libc++ -fdeprecated-macro -fdebug-compilation-dir /Users/kcl/Documents/Cpp_Projects/notepp/exp/16-ssl/build/CMakeFiles/CMakeScratch/TryCompile-YSNagA -ferror-limit 19 -fmessage-length 0 -stack-protector 1 -fblocks -fobjc-runtime=macosx-10.13.0 -fencode-extended-block-signature -fcxx-exceptions -fexceptions -fmax-type-align=16 -fdiagnostics-show-option -o CMakeFiles/cmTC_4640d.dir/CMakeCXXCompilerABI.cpp.o -x c++ /usr/local/Cellar/cmake/3.25.1/share/cmake/Modules/CMakeCXXCompilerABI.cpp]
  ignore line: [clang -cc1 version 9.0.0 (clang-900.0.39.2) default target x86_64-apple-darwin17.4.0]
  ignore line: [ignoring nonexistent directory "/usr/include/c++/v1"]
  ignore line: [#include "..." search starts here:]
  ignore line: [#include <...> search starts here:]
  ignore line: [ /Applications/Xcode.app/Contents/Developer/Toolchains/XcodeDefault.xctoolchain/usr/include/c++/v1]
  ignore line: [ /usr/local/include]
  ignore line: [ /Applications/Xcode.app/Contents/Developer/Toolchains/XcodeDefault.xctoolchain/usr/lib/clang/9.0.0/include]
  ignore line: [ /Applications/Xcode.app/Contents/Developer/Toolchains/XcodeDefault.xctoolchain/usr/include]
  ignore line: [ /usr/include]
  ignore line: [ /System/Library/Frameworks (framework directory)]
  ignore line: [ /Library/Frameworks (framework directory)]
  ignore line: [End of search list.]
  ignore line: [Linking CXX executable cmTC_4640d]
  ignore line: [/usr/local/Cellar/cmake/3.25.1/bin/cmake -E cmake_link_script CMakeFiles/cmTC_4640d.dir/link.txt --verbose=1]
  ignore line: [/Applications/Xcode.app/Contents/Developer/Toolchains/XcodeDefault.xctoolchain/usr/bin/c++ -Wl -search_paths_first -Wl -headerpad_max_install_names -L/usr/local/opt/openssl@1.1/lib -v -Wl -v CMakeFiles/cmTC_4640d.dir/CMakeCXXCompilerABI.cpp.o -o cmTC_4640d ]
  ignore line: [Apple LLVM version 9.0.0 (clang-900.0.39.2)]
  ignore line: [Target: x86_64-apple-darwin17.4.0]
  ignore line: [Thread model: posix]
  ignore line: [InstalledDir: /Applications/Xcode.app/Contents/Developer/Toolchains/XcodeDefault.xctoolchain/usr/bin]
  link line: [ "/Applications/Xcode.app/Contents/Developer/Toolchains/XcodeDefault.xctoolchain/usr/bin/ld" -demangle -lto_library /Applications/Xcode.app/Contents/Developer/Toolchains/XcodeDefault.xctoolchain/usr/lib/libLTO.dylib -dynamic -arch x86_64 -macosx_version_min 10.13.0 -o cmTC_4640d -L/usr/local/opt/openssl@1.1/lib -search_paths_first -headerpad_max_install_names -v CMakeFiles/cmTC_4640d.dir/CMakeCXXCompilerABI.cpp.o -lc++ -lSystem /Applications/Xcode.app/Contents/Developer/Toolchains/XcodeDefault.xctoolchain/usr/lib/clang/9.0.0/lib/darwin/libclang_rt.osx.a]
    arg [/Applications/Xcode.app/Contents/Developer/Toolchains/XcodeDefault.xctoolchain/usr/bin/ld] ==> ignore
    arg [-demangle] ==> ignore
    arg [-lto_library] ==> ignore, skip following value
    arg [/Applications/Xcode.app/Contents/Developer/Toolchains/XcodeDefault.xctoolchain/usr/lib/libLTO.dylib] ==> skip value of -lto_library
    arg [-dynamic] ==> ignore
    arg [-arch] ==> ignore
    arg [x86_64] ==> ignore
    arg [-macosx_version_min] ==> ignore
    arg [10.13.0] ==> ignore
    arg [-o] ==> ignore
    arg [cmTC_4640d] ==> ignore
    arg [-L/usr/local/opt/openssl@1.1/lib] ==> dir [/usr/local/opt/openssl@1.1/lib]
    arg [-search_paths_first] ==> ignore
    arg [-headerpad_max_install_names] ==> ignore
    arg [-v] ==> ignore
    arg [CMakeFiles/cmTC_4640d.dir/CMakeCXXCompilerABI.cpp.o] ==> ignore
    arg [-lc++] ==> lib [c++]
    arg [-lSystem] ==> lib [System]
    arg [/Applications/Xcode.app/Contents/Developer/Toolchains/XcodeDefault.xctoolchain/usr/lib/clang/9.0.0/lib/darwin/libclang_rt.osx.a] ==> lib [/Applications/Xcode.app/Contents/Developer/Toolchains/XcodeDefault.xctoolchain/usr/lib/clang/9.0.0/lib/darwin/libclang_rt.osx.a]
  Library search paths: [;/usr/local/opt/openssl@1.1/lib;/usr/lib;/usr/local/lib]
  Framework search paths: [;/Library/Frameworks/;/System/Library/Frameworks/]
  remove lib [System]
  remove lib [/Applications/Xcode.app/Contents/Developer/Toolchains/XcodeDefault.xctoolchain/usr/lib/clang/9.0.0/lib/darwin/libclang_rt.osx.a]
  collapse library dir [/usr/local/opt/openssl@1.1/lib] ==> [/usr/local/opt/openssl@1.1/lib]
  collapse library dir [/usr/local/opt/openssl@1.1/lib] ==> [/usr/local/opt/openssl@1.1/lib]
  collapse library dir [/usr/lib] ==> [/usr/lib]
  collapse library dir [/usr/local/lib] ==> [/usr/local/lib]
  collapse framework dir [/Library/Frameworks/] ==> [/Library/Frameworks]
  collapse framework dir [/System/Library/Frameworks/] ==> [/System/Library/Frameworks]
  implicit libs: [c++]
  implicit objs: []
  implicit dirs: [/usr/local/opt/openssl@1.1/lib;/usr/lib;/usr/local/lib]
  implicit fwks: [/Library/Frameworks;/System/Library/Frameworks]


Performing C++ SOURCE FILE Test COMPILER_SUPPORTS_CXX11 succeeded with the following output:
Change Dir: /Users/kcl/Documents/Cpp_Projects/notepp/exp/16-ssl/build/CMakeFiles/CMakeScratch/TryCompile-FIfco6

Run Build Command(s):/opt/local/bin/gmake -f Makefile cmTC_eec41/fast && /opt/local/bin/gmake  -f CMakeFiles/cmTC_eec41.dir/build.make CMakeFiles/cmTC_eec41.dir/build
gmake[1]: Entering directory '/Users/kcl/Documents/Cpp_Projects/notepp/exp/16-ssl/build/CMakeFiles/CMakeScratch/TryCompile-FIfco6'
Building CXX object CMakeFiles/cmTC_eec41.dir/src.cxx.o
/Applications/Xcode.app/Contents/Developer/Toolchains/XcodeDefault.xctoolchain/usr/bin/c++ -DCOMPILER_SUPPORTS_CXX11  -std=c++14 -MD -MT CMakeFiles/cmTC_eec41.dir/src.cxx.o -MF CMakeFiles/cmTC_eec41.dir/src.cxx.o.d -o CMakeFiles/cmTC_eec41.dir/src.cxx.o -c /Users/kcl/Documents/Cpp_Projects/notepp/exp/16-ssl/build/CMakeFiles/CMakeScratch/TryCompile-FIfco6/src.cxx
Linking CXX executable cmTC_eec41
/usr/local/Cellar/cmake/3.25.1/bin/cmake -E cmake_link_script CMakeFiles/cmTC_eec41.dir/link.txt --verbose=1
/Applications/Xcode.app/Contents/Developer/Toolchains/XcodeDefault.xctoolchain/usr/bin/c++ -Wl,-search_paths_first -Wl,-headerpad_max_install_names -L/usr/local/opt/openssl@1.1/lib  CMakeFiles/cmTC_eec41.dir/src.cxx.o -o cmTC_eec41 
gmake[1]: Leaving directory '/Users/kcl/Documents/Cpp_Projects/notepp/exp/16-ssl/build/CMakeFiles/CMakeScratch/TryCompile-FIfco6'


Source file was:
int main() { return 0; }

Performing C++ SOURCE FILE Test COMPILER_SUPPORTS_CXX0X succeeded with the following output:
Change Dir: /Users/kcl/Documents/Cpp_Projects/notepp/exp/16-ssl/build/CMakeFiles/CMakeScratch/TryCompile-zYqlMX

Run Build Command(s):/opt/local/bin/gmake -f Makefile cmTC_a0f82/fast && /opt/local/bin/gmake  -f CMakeFiles/cmTC_a0f82.dir/build.make CMakeFiles/cmTC_a0f82.dir/build
gmake[1]: Entering directory '/Users/kcl/Documents/Cpp_Projects/notepp/exp/16-ssl/build/CMakeFiles/CMakeScratch/TryCompile-zYqlMX'
Building CXX object CMakeFiles/cmTC_a0f82.dir/src.cxx.o
/Applications/Xcode.app/Contents/Developer/Toolchains/XcodeDefault.xctoolchain/usr/bin/c++ -DCOMPILER_SUPPORTS_CXX0X  -std=c++0x -MD -MT CMakeFiles/cmTC_a0f82.dir/src.cxx.o -MF CMakeFiles/cmTC_a0f82.dir/src.cxx.o.d -o CMakeFiles/cmTC_a0f82.dir/src.cxx.o -c /Users/kcl/Documents/Cpp_Projects/notepp/exp/16-ssl/build/CMakeFiles/CMakeScratch/TryCompile-zYqlMX/src.cxx
Linking CXX executable cmTC_a0f82
/usr/local/Cellar/cmake/3.25.1/bin/cmake -E cmake_link_script CMakeFiles/cmTC_a0f82.dir/link.txt --verbose=1
/Applications/Xcode.app/Contents/Developer/Toolchains/XcodeDefault.xctoolchain/usr/bin/c++ -Wl,-search_paths_first -Wl,-headerpad_max_install_names -L/usr/local/opt/openssl@1.1/lib  CMakeFiles/cmTC_a0f82.dir/src.cxx.o -o cmTC_a0f82 
gmake[1]: Leaving directory '/Users/kcl/Documents/Cpp_Projects/notepp/exp/16-ssl/build/CMakeFiles/CMakeScratch/TryCompile-zYqlMX'


Source file was:
int main() { return 0; }

Performing C SOURCE FILE Test CMAKE_HAVE_LIBC_PTHREAD succeeded with the following output:
Change Dir: /Users/kcl/Documents/Cpp_Projects/notepp/exp/16-ssl/build/CMakeFiles/CMakeScratch/TryCompile-2H6in1

Run Build Command(s):/opt/local/bin/gmake -f Makefile cmTC_c766d/fast && /opt/local/bin/gmake  -f CMakeFiles/cmTC_c766d.dir/build.make CMakeFiles/cmTC_c766d.dir/build
gmake[1]: Entering directory '/Users/kcl/Documents/Cpp_Projects/notepp/exp/16-ssl/build/CMakeFiles/CMakeScratch/TryCompile-2H6in1'
Building C object CMakeFiles/cmTC_c766d.dir/src.c.o
/Applications/Xcode.app/Contents/Developer/Toolchains/XcodeDefault.xctoolchain/usr/bin/cc -DCMAKE_HAVE_LIBC_PTHREAD   -MD -MT CMakeFiles/cmTC_c766d.dir/src.c.o -MF CMakeFiles/cmTC_c766d.dir/src.c.o.d -o CMakeFiles/cmTC_c766d.dir/src.c.o -c /Users/kcl/Documents/Cpp_Projects/notepp/exp/16-ssl/build/CMakeFiles/CMakeScratch/TryCompile-2H6in1/src.c
Linking C executable cmTC_c766d
/usr/local/Cellar/cmake/3.25.1/bin/cmake -E cmake_link_script CMakeFiles/cmTC_c766d.dir/link.txt --verbose=1
/Applications/Xcode.app/Contents/Developer/Toolchains/XcodeDefault.xctoolchain/usr/bin/cc -Wl,-search_paths_first -Wl,-headerpad_max_install_names -L/usr/local/opt/openssl@1.1/lib  CMakeFiles/cmTC_c766d.dir/src.c.o -o cmTC_c766d 
gmake[1]: Leaving directory '/Users/kcl/Documents/Cpp_Projects/notepp/exp/16-ssl/build/CMakeFiles/CMakeScratch/TryCompile-2H6in1'


Source file was:
#include <pthread.h>

static void* test_func(void* data)
{
  return data;
}

int main(void)
{
  pthread_t thread;
  pthread_create(&thread, NULL, test_func, NULL);
  pthread_detach(thread);
  pthread_cancel(thread);
  pthread_join(thread, NULL);
  pthread_atfork(NULL, NULL, NULL);
  pthread_exit(NULL);

  return 0;
}


