The target system is: Linux -  - arm
The host system is: Linux - 5.4.0-150-generic - x86_64
Compiling the C compiler identification source file "CMakeCCompilerId.c" succeeded.
Compiler: /home/thomas/rv1126/repo_new/buildroot/output/rockchip_rv1126_rv1109/host/bin/arm-linux-gnueabihf-gcc 
Build flags: 
Id flags:  

The output was:
0


Compilation of the C compiler identification source "CMakeCCompilerId.c" produced "a.out"

The C compiler identification is GNU, found in "/home/ubt/Documents/algorithm/C++/notepp/exp/04-cmake-level4/build/CMakeFiles/3.25.0/CompilerIdC/a.out"

Compiling the CXX compiler identification source file "CMakeCXXCompilerId.cpp" succeeded.
Compiler: /home/thomas/rv1126/repo_new/buildroot/output/rockchip_rv1126_rv1109/host/bin/arm-linux-gnueabihf-g++ 
Build flags: 
Id flags:  

The output was:
0


Compilation of the CXX compiler identification source "CMakeCXXCompilerId.cpp" produced "a.out"

The CXX compiler identification is GNU, found in "/home/ubt/Documents/algorithm/C++/notepp/exp/04-cmake-level4/build/CMakeFiles/3.25.0/CompilerIdCXX/a.out"

Detecting C compiler ABI info compiled with the following output:
Change Dir: /home/ubt/Documents/algorithm/C++/notepp/exp/04-cmake-level4/build/CMakeFiles/CMakeScratch/TryCompile-v4RaHM

Run Build Command(s):/usr/bin/make -f Makefile cmTC_be70e/fast && /usr/bin/make  -f CMakeFiles/cmTC_be70e.dir/build.make CMakeFiles/cmTC_be70e.dir/build
make[1]: Entering directory '/home/ubt/Documents/algorithm/C++/notepp/exp/04-cmake-level4/build/CMakeFiles/CMakeScratch/TryCompile-v4RaHM'
Building C object CMakeFiles/cmTC_be70e.dir/CMakeCCompilerABI.c.o
/home/thomas/rv1126/repo_new/buildroot/output/rockchip_rv1126_rv1109/host/bin/arm-linux-gnueabihf-gcc   -v -o CMakeFiles/cmTC_be70e.dir/CMakeCCompilerABI.c.o -c /home/ubt/.local/lib/python3.8/site-packages/cmake/data/share/cmake-3.25/Modules/CMakeCCompilerABI.c
Using built-in specs.
COLLECT_GCC=/home/thomas/rv1126/repo_new/buildroot/../prebuilts/gcc/linux-x86/arm/gcc-arm-8.3-2019.03-x86_64-arm-linux-gnueabihf/bin/arm-linux-gnueabihf-gcc
Target: arm-linux-gnueabihf
Configured with: /tmp/dgboter/bbs/rhev-vm8--rhe6x86_64/buildbot/rhe6x86_64--arm-linux-gnueabihf/build/src/gcc/configure --target=arm-linux-gnueabihf --prefix= --with-sysroot=/arm-linux-gnueabihf/libc --with-build-sysroot=/tmp/dgboter/bbs/rhev-vm8--rhe6x86_64/buildbot/rhe6x86_64--arm-linux-gnueabihf/build/build-arm-linux-gnueabihf/install//arm-linux-gnueabihf/libc --with-bugurl=https://bugs.linaro.org/ --enable-gnu-indirect-function --enable-shared --disable-libssp --disable-libmudflap --enable-checking=release --enable-languages=c,c++,fortran --with-gmp=/tmp/dgboter/bbs/rhev-vm8--rhe6x86_64/buildbot/rhe6x86_64--arm-linux-gnueabihf/build/build-arm-linux-gnueabihf/host-tools --with-mpfr=/tmp/dgboter/bbs/rhev-vm8--rhe6x86_64/buildbot/rhe6x86_64--arm-linux-gnueabihf/build/build-arm-linux-gnueabihf/host-tools --with-mpc=/tmp/dgboter/bbs/rhev-vm8--rhe6x86_64/buildbot/rhe6x86_64--arm-linux-gnueabihf/build/build-arm-linux-gnueabihf/host-tools --with-isl=/tmp/dgboter/bbs/rhev-vm8--rhe6x86_64/buildbot/rhe6x86_64--arm-linux-gnueabihf/build/build-arm-linux-gnueabihf/host-tools --with-arch=armv7-a --with-fpu=neon --with-float=hard --with-arch=armv7-a --with-pkgversion='GNU Toolchain for the A-profile Architecture 8.3-2019.03 (arm-rel-8.36)'
Thread model: posix
gcc version 8.3.0 (GNU Toolchain for the A-profile Architecture 8.3-2019.03 (arm-rel-8.36)) 
COLLECT_GCC_OPTIONS='-mabi=aapcs-linux' '-mfpu=neon-vfpv4' '-marm' '-mfloat-abi=hard' '-mcpu=cortex-a7' '-v' '-c' '-o' 'CMakeFiles/cmTC_dc8b7.dir/CMakeCCompilerABI.c.o' '-mtls-dialect=gnu' '-march=armv7ve+simd'
 /home/thomas/rv1126/repo_new/prebuilts/gcc/linux-x86/arm/gcc-arm-8.3-2019.03-x86_64-arm-linux-gnueabihf/bin/../libexec/gcc/arm-linux-gnueabihf/8.3.0/cc1 -quiet -v -iprefix /home/thomas/rv1126/repo_new/prebuilts/gcc/linux-x86/arm/gcc-arm-8.3-2019.03-x86_64-arm-linux-gnueabihf/bin/../lib/gcc/arm-linux-gnueabihf/8.3.0/ -isysroot ../../../../../../../../../../../thomas/rv1126/repo_new/buildroot/output/rockchip_rv1126_rv1109/host/arm-buildroot-linux-gnueabihf/sysroot /home/ubt/.local/lib/python3.8/site-packages/cmake/data/share/cmake-3.25/Modules/CMakeCCompilerABI.c -quiet -dumpbase CMakeCCompilerABI.c -mabi=aapcs-linux -mfpu=neon-vfpv4 -marm -mfloat-abi=hard -mcpu=cortex-a7 -mtls-dialect=gnu -march=armv7ve+simd -auxbase-strip CMakeFiles/cmTC_dc8b7.dir/CMakeCCompilerABI.c.o -version -o /tmp/cca0IuQy.s
GNU C17 (GNU Toolchain for the A-profile Architecture 8.3-2019.03 (arm-rel-8.36)) version 8.3.0 (arm-linux-gnueabihf)
	compiled by GNU C version 4.8.1, GMP version 4.3.2, MPFR version 3.1.6, MPC version 0.8.2, isl version isl-0.15-1-g835ea3a-GMP

GGC heuristics: --param ggc-min-expand=100 --param ggc-min-heapsize=131072
ignoring duplicate directory "/home/thomas/rv1126/repo_new/prebuilts/gcc/linux-x86/arm/gcc-arm-8.3-2019.03-x86_64-arm-linux-gnueabihf/bin/../lib/gcc/../../lib/gcc/arm-linux-gnueabihf/8.3.0/include"
ignoring nonexistent directory "../../../../../../../../../../../thomas/rv1126/repo_new/buildroot/output/rockchip_rv1126_rv1109/host/arm-buildroot-linux-gnueabihf/sysroot/usr/local/include"
ignoring duplicate directory "/home/thomas/rv1126/repo_new/prebuilts/gcc/linux-x86/arm/gcc-arm-8.3-2019.03-x86_64-arm-linux-gnueabihf/bin/../lib/gcc/../../lib/gcc/arm-linux-gnueabihf/8.3.0/include-fixed"
ignoring duplicate directory "/home/thomas/rv1126/repo_new/prebuilts/gcc/linux-x86/arm/gcc-arm-8.3-2019.03-x86_64-arm-linux-gnueabihf/bin/../lib/gcc/../../lib/gcc/arm-linux-gnueabihf/8.3.0/../../../../arm-linux-gnueabihf/include"
#include "..." search starts here:
#include <...> search starts here:
 /home/thomas/rv1126/repo_new/prebuilts/gcc/linux-x86/arm/gcc-arm-8.3-2019.03-x86_64-arm-linux-gnueabihf/bin/../lib/gcc/arm-linux-gnueabihf/8.3.0/include
 /home/thomas/rv1126/repo_new/prebuilts/gcc/linux-x86/arm/gcc-arm-8.3-2019.03-x86_64-arm-linux-gnueabihf/bin/../lib/gcc/arm-linux-gnueabihf/8.3.0/include-fixed
 /home/thomas/rv1126/repo_new/prebuilts/gcc/linux-x86/arm/gcc-arm-8.3-2019.03-x86_64-arm-linux-gnueabihf/bin/../lib/gcc/arm-linux-gnueabihf/8.3.0/../../../../arm-linux-gnueabihf/include
 ../../../../../../../../../../../thomas/rv1126/repo_new/buildroot/output/rockchip_rv1126_rv1109/host/arm-buildroot-linux-gnueabihf/sysroot/usr/include
End of search list.
GNU C17 (GNU Toolchain for the A-profile Architecture 8.3-2019.03 (arm-rel-8.36)) version 8.3.0 (arm-linux-gnueabihf)
	compiled by GNU C version 4.8.1, GMP version 4.3.2, MPFR version 3.1.6, MPC version 0.8.2, isl version isl-0.15-1-g835ea3a-GMP

GGC heuristics: --param ggc-min-expand=100 --param ggc-min-heapsize=131072
Compiler executable checksum: 7f73d02f5a647c367ef9cbd0ddc0248c
COLLECT_GCC_OPTIONS='-mabi=aapcs-linux' '-mfpu=neon-vfpv4' '-marm' '-mfloat-abi=hard' '-mcpu=cortex-a7' '-v' '-c' '-o' 'CMakeFiles/cmTC_dc8b7.dir/CMakeCCompilerABI.c.o' '-mtls-dialect=gnu' '-march=armv7ve+simd'
 /home/thomas/rv1126/repo_new/prebuilts/gcc/linux-x86/arm/gcc-arm-8.3-2019.03-x86_64-arm-linux-gnueabihf/bin/../lib/gcc/arm-linux-gnueabihf/8.3.0/../../../../arm-linux-gnueabihf/bin/as -v -march=armv7ve -mfloat-abi=hard -mfpu=neon-vfpv4 -meabi=5 -o CMakeFiles/cmTC_dc8b7.dir/CMakeCCompilerABI.c.o /tmp/cca0IuQy.s
GNU assembler version 2.32.0 (arm-linux-gnueabihf) using BFD version (GNU Toolchain for the A-profile Architecture 8.3-2019.03 (arm-rel-8.36)) 2.32.0.20190321
COMPILER_PATH=/home/thomas/rv1126/repo_new/prebuilts/gcc/linux-x86/arm/gcc-arm-8.3-2019.03-x86_64-arm-linux-gnueabihf/bin/../libexec/gcc/arm-linux-gnueabihf/8.3.0/:/home/thomas/rv1126/repo_new/prebuilts/gcc/linux-x86/arm/gcc-arm-8.3-2019.03-x86_64-arm-linux-gnueabihf/bin/../libexec/gcc/:/home/thomas/rv1126/repo_new/prebuilts/gcc/linux-x86/arm/gcc-arm-8.3-2019.03-x86_64-arm-linux-gnueabihf/bin/../lib/gcc/arm-linux-gnueabihf/8.3.0/../../../../arm-linux-gnueabihf/bin/
LIBRARY_PATH=/home/thomas/rv1126/repo_new/prebuilts/gcc/linux-x86/arm/gcc-arm-8.3-2019.03-x86_64-arm-linux-gnueabihf/bin/../lib/gcc/arm-linux-gnueabihf/8.3.0/:/home/thomas/rv1126/repo_new/prebuilts/gcc/linux-x86/arm/gcc-arm-8.3-2019.03-x86_64-arm-linux-gnueabihf/bin/../lib/gcc/:/home/thomas/rv1126/repo_new/prebuilts/gcc/linux-x86/arm/gcc-arm-8.3-2019.03-x86_64-arm-linux-gnueabihf/bin/../lib/gcc/arm-linux-gnueabihf/8.3.0/../../../../arm-linux-gnueabihf/lib/:../../../../../../../../../../../thomas/rv1126/repo_new/buildroot/output/rockchip_rv1126_rv1109/host/arm-buildroot-linux-gnueabihf/sysroot/lib/:../../../../../../../../../../../thomas/rv1126/repo_new/buildroot/output/rockchip_rv1126_rv1109/host/arm-buildroot-linux-gnueabihf/sysroot/usr/lib/
COLLECT_GCC_OPTIONS='-mabi=aapcs-linux' '-mfpu=neon-vfpv4' '-marm' '-mfloat-abi=hard' '-mcpu=cortex-a7' '-v' '-c' '-o' 'CMakeFiles/cmTC_dc8b7.dir/CMakeCCompilerABI.c.o' '-mtls-dialect=gnu' '-march=armv7ve+simd'
Linking C executable cmTC_be70e
/home/ubt/.local/lib/python3.8/site-packages/cmake/data/bin/cmake -E cmake_link_script CMakeFiles/cmTC_be70e.dir/link.txt --verbose=1
/home/thomas/rv1126/repo_new/buildroot/output/rockchip_rv1126_rv1109/host/bin/arm-linux-gnueabihf-gcc  -v CMakeFiles/cmTC_be70e.dir/CMakeCCompilerABI.c.o -o cmTC_be70e 
Using built-in specs.
COLLECT_GCC=/home/thomas/rv1126/repo_new/buildroot/../prebuilts/gcc/linux-x86/arm/gcc-arm-8.3-2019.03-x86_64-arm-linux-gnueabihf/bin/arm-linux-gnueabihf-gcc
COLLECT_LTO_WRAPPER=/home/thomas/rv1126/repo_new/prebuilts/gcc/linux-x86/arm/gcc-arm-8.3-2019.03-x86_64-arm-linux-gnueabihf/bin/../libexec/gcc/arm-linux-gnueabihf/8.3.0/lto-wrapper
Target: arm-linux-gnueabihf
Configured with: /tmp/dgboter/bbs/rhev-vm8--rhe6x86_64/buildbot/rhe6x86_64--arm-linux-gnueabihf/build/src/gcc/configure --target=arm-linux-gnueabihf --prefix= --with-sysroot=/arm-linux-gnueabihf/libc --with-build-sysroot=/tmp/dgboter/bbs/rhev-vm8--rhe6x86_64/buildbot/rhe6x86_64--arm-linux-gnueabihf/build/build-arm-linux-gnueabihf/install//arm-linux-gnueabihf/libc --with-bugurl=https://bugs.linaro.org/ --enable-gnu-indirect-function --enable-shared --disable-libssp --disable-libmudflap --enable-checking=release --enable-languages=c,c++,fortran --with-gmp=/tmp/dgboter/bbs/rhev-vm8--rhe6x86_64/buildbot/rhe6x86_64--arm-linux-gnueabihf/build/build-arm-linux-gnueabihf/host-tools --with-mpfr=/tmp/dgboter/bbs/rhev-vm8--rhe6x86_64/buildbot/rhe6x86_64--arm-linux-gnueabihf/build/build-arm-linux-gnueabihf/host-tools --with-mpc=/tmp/dgboter/bbs/rhev-vm8--rhe6x86_64/buildbot/rhe6x86_64--arm-linux-gnueabihf/build/build-arm-linux-gnueabihf/host-tools --with-isl=/tmp/dgboter/bbs/rhev-vm8--rhe6x86_64/buildbot/rhe6x86_64--arm-linux-gnueabihf/build/build-arm-linux-gnueabihf/host-tools --with-arch=armv7-a --with-fpu=neon --with-float=hard --with-arch=armv7-a --with-pkgversion='GNU Toolchain for the A-profile Architecture 8.3-2019.03 (arm-rel-8.36)'
Thread model: posix
gcc version 8.3.0 (GNU Toolchain for the A-profile Architecture 8.3-2019.03 (arm-rel-8.36)) 
COMPILER_PATH=/home/thomas/rv1126/repo_new/prebuilts/gcc/linux-x86/arm/gcc-arm-8.3-2019.03-x86_64-arm-linux-gnueabihf/bin/../libexec/gcc/arm-linux-gnueabihf/8.3.0/:/home/thomas/rv1126/repo_new/prebuilts/gcc/linux-x86/arm/gcc-arm-8.3-2019.03-x86_64-arm-linux-gnueabihf/bin/../libexec/gcc/:/home/thomas/rv1126/repo_new/prebuilts/gcc/linux-x86/arm/gcc-arm-8.3-2019.03-x86_64-arm-linux-gnueabihf/bin/../lib/gcc/arm-linux-gnueabihf/8.3.0/../../../../arm-linux-gnueabihf/bin/
LIBRARY_PATH=/home/thomas/rv1126/repo_new/prebuilts/gcc/linux-x86/arm/gcc-arm-8.3-2019.03-x86_64-arm-linux-gnueabihf/bin/../lib/gcc/arm-linux-gnueabihf/8.3.0/:/home/thomas/rv1126/repo_new/prebuilts/gcc/linux-x86/arm/gcc-arm-8.3-2019.03-x86_64-arm-linux-gnueabihf/bin/../lib/gcc/:/home/thomas/rv1126/repo_new/prebuilts/gcc/linux-x86/arm/gcc-arm-8.3-2019.03-x86_64-arm-linux-gnueabihf/bin/../lib/gcc/arm-linux-gnueabihf/8.3.0/../../../../arm-linux-gnueabihf/lib/:/home/thomas/rv1126/repo_new/buildroot/output/rockchip_rv1126_rv1109/host/arm-buildroot-linux-gnueabihf/sysroot/lib/:/home/thomas/rv1126/repo_new/buildroot/output/rockchip_rv1126_rv1109/host/arm-buildroot-linux-gnueabihf/sysroot/usr/lib/
COLLECT_GCC_OPTIONS='-mabi=aapcs-linux' '-mfpu=neon-vfpv4' '-marm' '-mfloat-abi=hard' '-mcpu=cortex-a7' '-v' '-o' 'cmTC_be70e' '-mtls-dialect=gnu' '-march=armv7ve+simd'
 /home/thomas/rv1126/repo_new/prebuilts/gcc/linux-x86/arm/gcc-arm-8.3-2019.03-x86_64-arm-linux-gnueabihf/bin/../libexec/gcc/arm-linux-gnueabihf/8.3.0/collect2 -plugin /home/thomas/rv1126/repo_new/prebuilts/gcc/linux-x86/arm/gcc-arm-8.3-2019.03-x86_64-arm-linux-gnueabihf/bin/../libexec/gcc/arm-linux-gnueabihf/8.3.0/liblto_plugin.so -plugin-opt=/home/thomas/rv1126/repo_new/prebuilts/gcc/linux-x86/arm/gcc-arm-8.3-2019.03-x86_64-arm-linux-gnueabihf/bin/../libexec/gcc/arm-linux-gnueabihf/8.3.0/lto-wrapper -plugin-opt=-fresolution=/tmp/ccsNT5gM.res -plugin-opt=-pass-through=-lgcc -plugin-opt=-pass-through=-lgcc_s -plugin-opt=-pass-through=-lc -plugin-opt=-pass-through=-lgcc -plugin-opt=-pass-through=-lgcc_s --sysroot=/home/thomas/rv1126/repo_new/buildroot/output/rockchip_rv1126_rv1109/host/arm-buildroot-linux-gnueabihf/sysroot --eh-frame-hdr -dynamic-linker /lib/ld-linux-armhf.so.3 -X -m armelf_linux_eabi -o cmTC_be70e /home/thomas/rv1126/repo_new/buildroot/output/rockchip_rv1126_rv1109/host/arm-buildroot-linux-gnueabihf/sysroot/usr/lib/crt1.o /home/thomas/rv1126/repo_new/buildroot/output/rockchip_rv1126_rv1109/host/arm-buildroot-linux-gnueabihf/sysroot/usr/lib/crti.o /home/thomas/rv1126/repo_new/prebuilts/gcc/linux-x86/arm/gcc-arm-8.3-2019.03-x86_64-arm-linux-gnueabihf/bin/../lib/gcc/arm-linux-gnueabihf/8.3.0/crtbegin.o -L/home/thomas/rv1126/repo_new/prebuilts/gcc/linux-x86/arm/gcc-arm-8.3-2019.03-x86_64-arm-linux-gnueabihf/bin/../lib/gcc/arm-linux-gnueabihf/8.3.0 -L/home/thomas/rv1126/repo_new/prebuilts/gcc/linux-x86/arm/gcc-arm-8.3-2019.03-x86_64-arm-linux-gnueabihf/bin/../lib/gcc -L/home/thomas/rv1126/repo_new/prebuilts/gcc/linux-x86/arm/gcc-arm-8.3-2019.03-x86_64-arm-linux-gnueabihf/bin/../lib/gcc/arm-linux-gnueabihf/8.3.0/../../../../arm-linux-gnueabihf/lib -L/home/thomas/rv1126/repo_new/buildroot/output/rockchip_rv1126_rv1109/host/arm-buildroot-linux-gnueabihf/sysroot/lib -L/home/thomas/rv1126/repo_new/buildroot/output/rockchip_rv1126_rv1109/host/arm-buildroot-linux-gnueabihf/sysroot/usr/lib CMakeFiles/cmTC_be70e.dir/CMakeCCompilerABI.c.o -lgcc --as-needed -lgcc_s --no-as-needed -lc -lgcc --as-needed -lgcc_s --no-as-needed /home/thomas/rv1126/repo_new/prebuilts/gcc/linux-x86/arm/gcc-arm-8.3-2019.03-x86_64-arm-linux-gnueabihf/bin/../lib/gcc/arm-linux-gnueabihf/8.3.0/crtend.o /home/thomas/rv1126/repo_new/buildroot/output/rockchip_rv1126_rv1109/host/arm-buildroot-linux-gnueabihf/sysroot/usr/lib/crtn.o
COLLECT_GCC_OPTIONS='-mabi=aapcs-linux' '-mfpu=neon-vfpv4' '-marm' '-mfloat-abi=hard' '-mcpu=cortex-a7' '-v' '-o' 'cmTC_be70e' '-mtls-dialect=gnu' '-march=armv7ve+simd'
make[1]: Leaving directory '/home/ubt/Documents/algorithm/C++/notepp/exp/04-cmake-level4/build/CMakeFiles/CMakeScratch/TryCompile-v4RaHM'



Parsed C implicit include dir info from above output: rv=done
  found start of include info
  found start of implicit include info
    add: [/home/thomas/rv1126/repo_new/prebuilts/gcc/linux-x86/arm/gcc-arm-8.3-2019.03-x86_64-arm-linux-gnueabihf/bin/../lib/gcc/arm-linux-gnueabihf/8.3.0/include]
    add: [/home/thomas/rv1126/repo_new/prebuilts/gcc/linux-x86/arm/gcc-arm-8.3-2019.03-x86_64-arm-linux-gnueabihf/bin/../lib/gcc/arm-linux-gnueabihf/8.3.0/include-fixed]
    add: [/home/thomas/rv1126/repo_new/prebuilts/gcc/linux-x86/arm/gcc-arm-8.3-2019.03-x86_64-arm-linux-gnueabihf/bin/../lib/gcc/arm-linux-gnueabihf/8.3.0/../../../../arm-linux-gnueabihf/include]
    add: [../../../../../../../../../../../thomas/rv1126/repo_new/buildroot/output/rockchip_rv1126_rv1109/host/arm-buildroot-linux-gnueabihf/sysroot/usr/include]
  end of search list found
  collapse include dir [/home/thomas/rv1126/repo_new/prebuilts/gcc/linux-x86/arm/gcc-arm-8.3-2019.03-x86_64-arm-linux-gnueabihf/bin/../lib/gcc/arm-linux-gnueabihf/8.3.0/include] ==> [/home/thomas/rv1126/repo_new/prebuilts/gcc/linux-x86/arm/gcc-arm-8.3-2019.03-x86_64-arm-linux-gnueabihf/lib/gcc/arm-linux-gnueabihf/8.3.0/include]
  collapse include dir [/home/thomas/rv1126/repo_new/prebuilts/gcc/linux-x86/arm/gcc-arm-8.3-2019.03-x86_64-arm-linux-gnueabihf/bin/../lib/gcc/arm-linux-gnueabihf/8.3.0/include-fixed] ==> [/home/thomas/rv1126/repo_new/prebuilts/gcc/linux-x86/arm/gcc-arm-8.3-2019.03-x86_64-arm-linux-gnueabihf/lib/gcc/arm-linux-gnueabihf/8.3.0/include-fixed]
  collapse include dir [/home/thomas/rv1126/repo_new/prebuilts/gcc/linux-x86/arm/gcc-arm-8.3-2019.03-x86_64-arm-linux-gnueabihf/bin/../lib/gcc/arm-linux-gnueabihf/8.3.0/../../../../arm-linux-gnueabihf/include] ==> [/home/thomas/rv1126/repo_new/prebuilts/gcc/linux-x86/arm/gcc-arm-8.3-2019.03-x86_64-arm-linux-gnueabihf/arm-linux-gnueabihf/include]
  collapse relative include dir [../../../../../../../../../../../thomas/rv1126/repo_new/buildroot/output/rockchip_rv1126_rv1109/host/arm-buildroot-linux-gnueabihf/sysroot/usr/include] ==> [/thomas/rv1126/repo_new/buildroot/output/rockchip_rv1126_rv1109/host/arm-buildroot-linux-gnueabihf/sysroot/usr/include]
  implicit include dirs: [/home/thomas/rv1126/repo_new/prebuilts/gcc/linux-x86/arm/gcc-arm-8.3-2019.03-x86_64-arm-linux-gnueabihf/lib/gcc/arm-linux-gnueabihf/8.3.0/include;/home/thomas/rv1126/repo_new/prebuilts/gcc/linux-x86/arm/gcc-arm-8.3-2019.03-x86_64-arm-linux-gnueabihf/lib/gcc/arm-linux-gnueabihf/8.3.0/include-fixed;/home/thomas/rv1126/repo_new/prebuilts/gcc/linux-x86/arm/gcc-arm-8.3-2019.03-x86_64-arm-linux-gnueabihf/arm-linux-gnueabihf/include;/thomas/rv1126/repo_new/buildroot/output/rockchip_rv1126_rv1109/host/arm-buildroot-linux-gnueabihf/sysroot/usr/include]


Parsed C implicit link information from above output:
  link line regex: [^( *|.*[/\])(arm-linux-gnueabihf-ld|CMAKE_LINK_STARTFILE-NOTFOUND|([^/\]+-)?ld|collect2)[^/\]*( |$)]
  ignore line: [Change Dir: /home/ubt/Documents/algorithm/C++/notepp/exp/04-cmake-level4/build/CMakeFiles/CMakeScratch/TryCompile-v4RaHM]
  ignore line: []
  ignore line: [Run Build Command(s):/usr/bin/make -f Makefile cmTC_be70e/fast && /usr/bin/make  -f CMakeFiles/cmTC_be70e.dir/build.make CMakeFiles/cmTC_be70e.dir/build]
  ignore line: [make[1]: Entering directory '/home/ubt/Documents/algorithm/C++/notepp/exp/04-cmake-level4/build/CMakeFiles/CMakeScratch/TryCompile-v4RaHM']
  ignore line: [Building C object CMakeFiles/cmTC_be70e.dir/CMakeCCompilerABI.c.o]
  ignore line: [/home/thomas/rv1126/repo_new/buildroot/output/rockchip_rv1126_rv1109/host/bin/arm-linux-gnueabihf-gcc   -v -o CMakeFiles/cmTC_be70e.dir/CMakeCCompilerABI.c.o -c /home/ubt/.local/lib/python3.8/site-packages/cmake/data/share/cmake-3.25/Modules/CMakeCCompilerABI.c]
  ignore line: [Using built-in specs.]
  ignore line: [COLLECT_GCC=/home/thomas/rv1126/repo_new/buildroot/../prebuilts/gcc/linux-x86/arm/gcc-arm-8.3-2019.03-x86_64-arm-linux-gnueabihf/bin/arm-linux-gnueabihf-gcc]
  ignore line: [Target: arm-linux-gnueabihf]
  ignore line: [Configured with: /tmp/dgboter/bbs/rhev-vm8--rhe6x86_64/buildbot/rhe6x86_64--arm-linux-gnueabihf/build/src/gcc/configure --target=arm-linux-gnueabihf --prefix= --with-sysroot=/arm-linux-gnueabihf/libc --with-build-sysroot=/tmp/dgboter/bbs/rhev-vm8--rhe6x86_64/buildbot/rhe6x86_64--arm-linux-gnueabihf/build/build-arm-linux-gnueabihf/install//arm-linux-gnueabihf/libc --with-bugurl=https://bugs.linaro.org/ --enable-gnu-indirect-function --enable-shared --disable-libssp --disable-libmudflap --enable-checking=release --enable-languages=c c++ fortran --with-gmp=/tmp/dgboter/bbs/rhev-vm8--rhe6x86_64/buildbot/rhe6x86_64--arm-linux-gnueabihf/build/build-arm-linux-gnueabihf/host-tools --with-mpfr=/tmp/dgboter/bbs/rhev-vm8--rhe6x86_64/buildbot/rhe6x86_64--arm-linux-gnueabihf/build/build-arm-linux-gnueabihf/host-tools --with-mpc=/tmp/dgboter/bbs/rhev-vm8--rhe6x86_64/buildbot/rhe6x86_64--arm-linux-gnueabihf/build/build-arm-linux-gnueabihf/host-tools --with-isl=/tmp/dgboter/bbs/rhev-vm8--rhe6x86_64/buildbot/rhe6x86_64--arm-linux-gnueabihf/build/build-arm-linux-gnueabihf/host-tools --with-arch=armv7-a --with-fpu=neon --with-float=hard --with-arch=armv7-a --with-pkgversion='GNU Toolchain for the A-profile Architecture 8.3-2019.03 (arm-rel-8.36)']
  ignore line: [Thread model: posix]
  ignore line: [gcc version 8.3.0 (GNU Toolchain for the A-profile Architecture 8.3-2019.03 (arm-rel-8.36)) ]
  ignore line: [COLLECT_GCC_OPTIONS='-mabi=aapcs-linux' '-mfpu=neon-vfpv4' '-marm' '-mfloat-abi=hard' '-mcpu=cortex-a7' '-v' '-c' '-o' 'CMakeFiles/cmTC_dc8b7.dir/CMakeCCompilerABI.c.o' '-mtls-dialect=gnu' '-march=armv7ve+simd']
  ignore line: [ /home/thomas/rv1126/repo_new/prebuilts/gcc/linux-x86/arm/gcc-arm-8.3-2019.03-x86_64-arm-linux-gnueabihf/bin/../libexec/gcc/arm-linux-gnueabihf/8.3.0/cc1 -quiet -v -iprefix /home/thomas/rv1126/repo_new/prebuilts/gcc/linux-x86/arm/gcc-arm-8.3-2019.03-x86_64-arm-linux-gnueabihf/bin/../lib/gcc/arm-linux-gnueabihf/8.3.0/ -isysroot ../../../../../../../../../../../thomas/rv1126/repo_new/buildroot/output/rockchip_rv1126_rv1109/host/arm-buildroot-linux-gnueabihf/sysroot /home/ubt/.local/lib/python3.8/site-packages/cmake/data/share/cmake-3.25/Modules/CMakeCCompilerABI.c -quiet -dumpbase CMakeCCompilerABI.c -mabi=aapcs-linux -mfpu=neon-vfpv4 -marm -mfloat-abi=hard -mcpu=cortex-a7 -mtls-dialect=gnu -march=armv7ve+simd -auxbase-strip CMakeFiles/cmTC_dc8b7.dir/CMakeCCompilerABI.c.o -version -o /tmp/cca0IuQy.s]
  ignore line: [GNU C17 (GNU Toolchain for the A-profile Architecture 8.3-2019.03 (arm-rel-8.36)) version 8.3.0 (arm-linux-gnueabihf)]
  ignore line: [	compiled by GNU C version 4.8.1  GMP version 4.3.2  MPFR version 3.1.6  MPC version 0.8.2  isl version isl-0.15-1-g835ea3a-GMP]
  ignore line: []
  ignore line: [GGC heuristics: --param ggc-min-expand=100 --param ggc-min-heapsize=131072]
  ignore line: [ignoring duplicate directory "/home/thomas/rv1126/repo_new/prebuilts/gcc/linux-x86/arm/gcc-arm-8.3-2019.03-x86_64-arm-linux-gnueabihf/bin/../lib/gcc/../../lib/gcc/arm-linux-gnueabihf/8.3.0/include"]
  ignore line: [ignoring nonexistent directory "../../../../../../../../../../../thomas/rv1126/repo_new/buildroot/output/rockchip_rv1126_rv1109/host/arm-buildroot-linux-gnueabihf/sysroot/usr/local/include"]
  ignore line: [ignoring duplicate directory "/home/thomas/rv1126/repo_new/prebuilts/gcc/linux-x86/arm/gcc-arm-8.3-2019.03-x86_64-arm-linux-gnueabihf/bin/../lib/gcc/../../lib/gcc/arm-linux-gnueabihf/8.3.0/include-fixed"]
  ignore line: [ignoring duplicate directory "/home/thomas/rv1126/repo_new/prebuilts/gcc/linux-x86/arm/gcc-arm-8.3-2019.03-x86_64-arm-linux-gnueabihf/bin/../lib/gcc/../../lib/gcc/arm-linux-gnueabihf/8.3.0/../../../../arm-linux-gnueabihf/include"]
  ignore line: [#include "..." search starts here:]
  ignore line: [#include <...> search starts here:]
  ignore line: [ /home/thomas/rv1126/repo_new/prebuilts/gcc/linux-x86/arm/gcc-arm-8.3-2019.03-x86_64-arm-linux-gnueabihf/bin/../lib/gcc/arm-linux-gnueabihf/8.3.0/include]
  ignore line: [ /home/thomas/rv1126/repo_new/prebuilts/gcc/linux-x86/arm/gcc-arm-8.3-2019.03-x86_64-arm-linux-gnueabihf/bin/../lib/gcc/arm-linux-gnueabihf/8.3.0/include-fixed]
  ignore line: [ /home/thomas/rv1126/repo_new/prebuilts/gcc/linux-x86/arm/gcc-arm-8.3-2019.03-x86_64-arm-linux-gnueabihf/bin/../lib/gcc/arm-linux-gnueabihf/8.3.0/../../../../arm-linux-gnueabihf/include]
  ignore line: [ ../../../../../../../../../../../thomas/rv1126/repo_new/buildroot/output/rockchip_rv1126_rv1109/host/arm-buildroot-linux-gnueabihf/sysroot/usr/include]
  ignore line: [End of search list.]
  ignore line: [GNU C17 (GNU Toolchain for the A-profile Architecture 8.3-2019.03 (arm-rel-8.36)) version 8.3.0 (arm-linux-gnueabihf)]
  ignore line: [	compiled by GNU C version 4.8.1  GMP version 4.3.2  MPFR version 3.1.6  MPC version 0.8.2  isl version isl-0.15-1-g835ea3a-GMP]
  ignore line: []
  ignore line: [GGC heuristics: --param ggc-min-expand=100 --param ggc-min-heapsize=131072]
  ignore line: [Compiler executable checksum: 7f73d02f5a647c367ef9cbd0ddc0248c]
  ignore line: [COLLECT_GCC_OPTIONS='-mabi=aapcs-linux' '-mfpu=neon-vfpv4' '-marm' '-mfloat-abi=hard' '-mcpu=cortex-a7' '-v' '-c' '-o' 'CMakeFiles/cmTC_dc8b7.dir/CMakeCCompilerABI.c.o' '-mtls-dialect=gnu' '-march=armv7ve+simd']
  ignore line: [ /home/thomas/rv1126/repo_new/prebuilts/gcc/linux-x86/arm/gcc-arm-8.3-2019.03-x86_64-arm-linux-gnueabihf/bin/../lib/gcc/arm-linux-gnueabihf/8.3.0/../../../../arm-linux-gnueabihf/bin/as -v -march=armv7ve -mfloat-abi=hard -mfpu=neon-vfpv4 -meabi=5 -o CMakeFiles/cmTC_dc8b7.dir/CMakeCCompilerABI.c.o /tmp/cca0IuQy.s]
  ignore line: [GNU assembler version 2.32.0 (arm-linux-gnueabihf) using BFD version (GNU Toolchain for the A-profile Architecture 8.3-2019.03 (arm-rel-8.36)) 2.32.0.20190321]
  ignore line: [COMPILER_PATH=/home/thomas/rv1126/repo_new/prebuilts/gcc/linux-x86/arm/gcc-arm-8.3-2019.03-x86_64-arm-linux-gnueabihf/bin/../libexec/gcc/arm-linux-gnueabihf/8.3.0/:/home/thomas/rv1126/repo_new/prebuilts/gcc/linux-x86/arm/gcc-arm-8.3-2019.03-x86_64-arm-linux-gnueabihf/bin/../libexec/gcc/:/home/thomas/rv1126/repo_new/prebuilts/gcc/linux-x86/arm/gcc-arm-8.3-2019.03-x86_64-arm-linux-gnueabihf/bin/../lib/gcc/arm-linux-gnueabihf/8.3.0/../../../../arm-linux-gnueabihf/bin/]
  ignore line: [LIBRARY_PATH=/home/thomas/rv1126/repo_new/prebuilts/gcc/linux-x86/arm/gcc-arm-8.3-2019.03-x86_64-arm-linux-gnueabihf/bin/../lib/gcc/arm-linux-gnueabihf/8.3.0/:/home/thomas/rv1126/repo_new/prebuilts/gcc/linux-x86/arm/gcc-arm-8.3-2019.03-x86_64-arm-linux-gnueabihf/bin/../lib/gcc/:/home/thomas/rv1126/repo_new/prebuilts/gcc/linux-x86/arm/gcc-arm-8.3-2019.03-x86_64-arm-linux-gnueabihf/bin/../lib/gcc/arm-linux-gnueabihf/8.3.0/../../../../arm-linux-gnueabihf/lib/:../../../../../../../../../../../thomas/rv1126/repo_new/buildroot/output/rockchip_rv1126_rv1109/host/arm-buildroot-linux-gnueabihf/sysroot/lib/:../../../../../../../../../../../thomas/rv1126/repo_new/buildroot/output/rockchip_rv1126_rv1109/host/arm-buildroot-linux-gnueabihf/sysroot/usr/lib/]
  ignore line: [COLLECT_GCC_OPTIONS='-mabi=aapcs-linux' '-mfpu=neon-vfpv4' '-marm' '-mfloat-abi=hard' '-mcpu=cortex-a7' '-v' '-c' '-o' 'CMakeFiles/cmTC_dc8b7.dir/CMakeCCompilerABI.c.o' '-mtls-dialect=gnu' '-march=armv7ve+simd']
  ignore line: [Linking C executable cmTC_be70e]
  ignore line: [/home/ubt/.local/lib/python3.8/site-packages/cmake/data/bin/cmake -E cmake_link_script CMakeFiles/cmTC_be70e.dir/link.txt --verbose=1]
  ignore line: [/home/thomas/rv1126/repo_new/buildroot/output/rockchip_rv1126_rv1109/host/bin/arm-linux-gnueabihf-gcc  -v CMakeFiles/cmTC_be70e.dir/CMakeCCompilerABI.c.o -o cmTC_be70e ]
  ignore line: [Using built-in specs.]
  ignore line: [COLLECT_GCC=/home/thomas/rv1126/repo_new/buildroot/../prebuilts/gcc/linux-x86/arm/gcc-arm-8.3-2019.03-x86_64-arm-linux-gnueabihf/bin/arm-linux-gnueabihf-gcc]
  ignore line: [COLLECT_LTO_WRAPPER=/home/thomas/rv1126/repo_new/prebuilts/gcc/linux-x86/arm/gcc-arm-8.3-2019.03-x86_64-arm-linux-gnueabihf/bin/../libexec/gcc/arm-linux-gnueabihf/8.3.0/lto-wrapper]
  ignore line: [Target: arm-linux-gnueabihf]
  ignore line: [Configured with: /tmp/dgboter/bbs/rhev-vm8--rhe6x86_64/buildbot/rhe6x86_64--arm-linux-gnueabihf/build/src/gcc/configure --target=arm-linux-gnueabihf --prefix= --with-sysroot=/arm-linux-gnueabihf/libc --with-build-sysroot=/tmp/dgboter/bbs/rhev-vm8--rhe6x86_64/buildbot/rhe6x86_64--arm-linux-gnueabihf/build/build-arm-linux-gnueabihf/install//arm-linux-gnueabihf/libc --with-bugurl=https://bugs.linaro.org/ --enable-gnu-indirect-function --enable-shared --disable-libssp --disable-libmudflap --enable-checking=release --enable-languages=c c++ fortran --with-gmp=/tmp/dgboter/bbs/rhev-vm8--rhe6x86_64/buildbot/rhe6x86_64--arm-linux-gnueabihf/build/build-arm-linux-gnueabihf/host-tools --with-mpfr=/tmp/dgboter/bbs/rhev-vm8--rhe6x86_64/buildbot/rhe6x86_64--arm-linux-gnueabihf/build/build-arm-linux-gnueabihf/host-tools --with-mpc=/tmp/dgboter/bbs/rhev-vm8--rhe6x86_64/buildbot/rhe6x86_64--arm-linux-gnueabihf/build/build-arm-linux-gnueabihf/host-tools --with-isl=/tmp/dgboter/bbs/rhev-vm8--rhe6x86_64/buildbot/rhe6x86_64--arm-linux-gnueabihf/build/build-arm-linux-gnueabihf/host-tools --with-arch=armv7-a --with-fpu=neon --with-float=hard --with-arch=armv7-a --with-pkgversion='GNU Toolchain for the A-profile Architecture 8.3-2019.03 (arm-rel-8.36)']
  ignore line: [Thread model: posix]
  ignore line: [gcc version 8.3.0 (GNU Toolchain for the A-profile Architecture 8.3-2019.03 (arm-rel-8.36)) ]
  ignore line: [COMPILER_PATH=/home/thomas/rv1126/repo_new/prebuilts/gcc/linux-x86/arm/gcc-arm-8.3-2019.03-x86_64-arm-linux-gnueabihf/bin/../libexec/gcc/arm-linux-gnueabihf/8.3.0/:/home/thomas/rv1126/repo_new/prebuilts/gcc/linux-x86/arm/gcc-arm-8.3-2019.03-x86_64-arm-linux-gnueabihf/bin/../libexec/gcc/:/home/thomas/rv1126/repo_new/prebuilts/gcc/linux-x86/arm/gcc-arm-8.3-2019.03-x86_64-arm-linux-gnueabihf/bin/../lib/gcc/arm-linux-gnueabihf/8.3.0/../../../../arm-linux-gnueabihf/bin/]
  ignore line: [LIBRARY_PATH=/home/thomas/rv1126/repo_new/prebuilts/gcc/linux-x86/arm/gcc-arm-8.3-2019.03-x86_64-arm-linux-gnueabihf/bin/../lib/gcc/arm-linux-gnueabihf/8.3.0/:/home/thomas/rv1126/repo_new/prebuilts/gcc/linux-x86/arm/gcc-arm-8.3-2019.03-x86_64-arm-linux-gnueabihf/bin/../lib/gcc/:/home/thomas/rv1126/repo_new/prebuilts/gcc/linux-x86/arm/gcc-arm-8.3-2019.03-x86_64-arm-linux-gnueabihf/bin/../lib/gcc/arm-linux-gnueabihf/8.3.0/../../../../arm-linux-gnueabihf/lib/:/home/thomas/rv1126/repo_new/buildroot/output/rockchip_rv1126_rv1109/host/arm-buildroot-linux-gnueabihf/sysroot/lib/:/home/thomas/rv1126/repo_new/buildroot/output/rockchip_rv1126_rv1109/host/arm-buildroot-linux-gnueabihf/sysroot/usr/lib/]
  ignore line: [COLLECT_GCC_OPTIONS='-mabi=aapcs-linux' '-mfpu=neon-vfpv4' '-marm' '-mfloat-abi=hard' '-mcpu=cortex-a7' '-v' '-o' 'cmTC_be70e' '-mtls-dialect=gnu' '-march=armv7ve+simd']
  link line: [ /home/thomas/rv1126/repo_new/prebuilts/gcc/linux-x86/arm/gcc-arm-8.3-2019.03-x86_64-arm-linux-gnueabihf/bin/../libexec/gcc/arm-linux-gnueabihf/8.3.0/collect2 -plugin /home/thomas/rv1126/repo_new/prebuilts/gcc/linux-x86/arm/gcc-arm-8.3-2019.03-x86_64-arm-linux-gnueabihf/bin/../libexec/gcc/arm-linux-gnueabihf/8.3.0/liblto_plugin.so -plugin-opt=/home/thomas/rv1126/repo_new/prebuilts/gcc/linux-x86/arm/gcc-arm-8.3-2019.03-x86_64-arm-linux-gnueabihf/bin/../libexec/gcc/arm-linux-gnueabihf/8.3.0/lto-wrapper -plugin-opt=-fresolution=/tmp/ccsNT5gM.res -plugin-opt=-pass-through=-lgcc -plugin-opt=-pass-through=-lgcc_s -plugin-opt=-pass-through=-lc -plugin-opt=-pass-through=-lgcc -plugin-opt=-pass-through=-lgcc_s --sysroot=/home/thomas/rv1126/repo_new/buildroot/output/rockchip_rv1126_rv1109/host/arm-buildroot-linux-gnueabihf/sysroot --eh-frame-hdr -dynamic-linker /lib/ld-linux-armhf.so.3 -X -m armelf_linux_eabi -o cmTC_be70e /home/thomas/rv1126/repo_new/buildroot/output/rockchip_rv1126_rv1109/host/arm-buildroot-linux-gnueabihf/sysroot/usr/lib/crt1.o /home/thomas/rv1126/repo_new/buildroot/output/rockchip_rv1126_rv1109/host/arm-buildroot-linux-gnueabihf/sysroot/usr/lib/crti.o /home/thomas/rv1126/repo_new/prebuilts/gcc/linux-x86/arm/gcc-arm-8.3-2019.03-x86_64-arm-linux-gnueabihf/bin/../lib/gcc/arm-linux-gnueabihf/8.3.0/crtbegin.o -L/home/thomas/rv1126/repo_new/prebuilts/gcc/linux-x86/arm/gcc-arm-8.3-2019.03-x86_64-arm-linux-gnueabihf/bin/../lib/gcc/arm-linux-gnueabihf/8.3.0 -L/home/thomas/rv1126/repo_new/prebuilts/gcc/linux-x86/arm/gcc-arm-8.3-2019.03-x86_64-arm-linux-gnueabihf/bin/../lib/gcc -L/home/thomas/rv1126/repo_new/prebuilts/gcc/linux-x86/arm/gcc-arm-8.3-2019.03-x86_64-arm-linux-gnueabihf/bin/../lib/gcc/arm-linux-gnueabihf/8.3.0/../../../../arm-linux-gnueabihf/lib -L/home/thomas/rv1126/repo_new/buildroot/output/rockchip_rv1126_rv1109/host/arm-buildroot-linux-gnueabihf/sysroot/lib -L/home/thomas/rv1126/repo_new/buildroot/output/rockchip_rv1126_rv1109/host/arm-buildroot-linux-gnueabihf/sysroot/usr/lib CMakeFiles/cmTC_be70e.dir/CMakeCCompilerABI.c.o -lgcc --as-needed -lgcc_s --no-as-needed -lc -lgcc --as-needed -lgcc_s --no-as-needed /home/thomas/rv1126/repo_new/prebuilts/gcc/linux-x86/arm/gcc-arm-8.3-2019.03-x86_64-arm-linux-gnueabihf/bin/../lib/gcc/arm-linux-gnueabihf/8.3.0/crtend.o /home/thomas/rv1126/repo_new/buildroot/output/rockchip_rv1126_rv1109/host/arm-buildroot-linux-gnueabihf/sysroot/usr/lib/crtn.o]
    arg [/home/thomas/rv1126/repo_new/prebuilts/gcc/linux-x86/arm/gcc-arm-8.3-2019.03-x86_64-arm-linux-gnueabihf/bin/../libexec/gcc/arm-linux-gnueabihf/8.3.0/collect2] ==> ignore
    arg [-plugin] ==> ignore
    arg [/home/thomas/rv1126/repo_new/prebuilts/gcc/linux-x86/arm/gcc-arm-8.3-2019.03-x86_64-arm-linux-gnueabihf/bin/../libexec/gcc/arm-linux-gnueabihf/8.3.0/liblto_plugin.so] ==> ignore
    arg [-plugin-opt=/home/thomas/rv1126/repo_new/prebuilts/gcc/linux-x86/arm/gcc-arm-8.3-2019.03-x86_64-arm-linux-gnueabihf/bin/../libexec/gcc/arm-linux-gnueabihf/8.3.0/lto-wrapper] ==> ignore
    arg [-plugin-opt=-fresolution=/tmp/ccsNT5gM.res] ==> ignore
    arg [-plugin-opt=-pass-through=-lgcc] ==> ignore
    arg [-plugin-opt=-pass-through=-lgcc_s] ==> ignore
    arg [-plugin-opt=-pass-through=-lc] ==> ignore
    arg [-plugin-opt=-pass-through=-lgcc] ==> ignore
    arg [-plugin-opt=-pass-through=-lgcc_s] ==> ignore
    arg [--sysroot=/home/thomas/rv1126/repo_new/buildroot/output/rockchip_rv1126_rv1109/host/arm-buildroot-linux-gnueabihf/sysroot] ==> ignore
    arg [--eh-frame-hdr] ==> ignore
    arg [-dynamic-linker] ==> ignore
    arg [/lib/ld-linux-armhf.so.3] ==> ignore
    arg [-X] ==> ignore
    arg [-m] ==> ignore
    arg [armelf_linux_eabi] ==> ignore
    arg [-o] ==> ignore
    arg [cmTC_be70e] ==> ignore
    arg [/home/thomas/rv1126/repo_new/buildroot/output/rockchip_rv1126_rv1109/host/arm-buildroot-linux-gnueabihf/sysroot/usr/lib/crt1.o] ==> obj [/home/thomas/rv1126/repo_new/buildroot/output/rockchip_rv1126_rv1109/host/arm-buildroot-linux-gnueabihf/sysroot/usr/lib/crt1.o]
    arg [/home/thomas/rv1126/repo_new/buildroot/output/rockchip_rv1126_rv1109/host/arm-buildroot-linux-gnueabihf/sysroot/usr/lib/crti.o] ==> obj [/home/thomas/rv1126/repo_new/buildroot/output/rockchip_rv1126_rv1109/host/arm-buildroot-linux-gnueabihf/sysroot/usr/lib/crti.o]
    arg [/home/thomas/rv1126/repo_new/prebuilts/gcc/linux-x86/arm/gcc-arm-8.3-2019.03-x86_64-arm-linux-gnueabihf/bin/../lib/gcc/arm-linux-gnueabihf/8.3.0/crtbegin.o] ==> obj [/home/thomas/rv1126/repo_new/prebuilts/gcc/linux-x86/arm/gcc-arm-8.3-2019.03-x86_64-arm-linux-gnueabihf/bin/../lib/gcc/arm-linux-gnueabihf/8.3.0/crtbegin.o]
    arg [-L/home/thomas/rv1126/repo_new/prebuilts/gcc/linux-x86/arm/gcc-arm-8.3-2019.03-x86_64-arm-linux-gnueabihf/bin/../lib/gcc/arm-linux-gnueabihf/8.3.0] ==> dir [/home/thomas/rv1126/repo_new/prebuilts/gcc/linux-x86/arm/gcc-arm-8.3-2019.03-x86_64-arm-linux-gnueabihf/bin/../lib/gcc/arm-linux-gnueabihf/8.3.0]
    arg [-L/home/thomas/rv1126/repo_new/prebuilts/gcc/linux-x86/arm/gcc-arm-8.3-2019.03-x86_64-arm-linux-gnueabihf/bin/../lib/gcc] ==> dir [/home/thomas/rv1126/repo_new/prebuilts/gcc/linux-x86/arm/gcc-arm-8.3-2019.03-x86_64-arm-linux-gnueabihf/bin/../lib/gcc]
    arg [-L/home/thomas/rv1126/repo_new/prebuilts/gcc/linux-x86/arm/gcc-arm-8.3-2019.03-x86_64-arm-linux-gnueabihf/bin/../lib/gcc/arm-linux-gnueabihf/8.3.0/../../../../arm-linux-gnueabihf/lib] ==> dir [/home/thomas/rv1126/repo_new/prebuilts/gcc/linux-x86/arm/gcc-arm-8.3-2019.03-x86_64-arm-linux-gnueabihf/bin/../lib/gcc/arm-linux-gnueabihf/8.3.0/../../../../arm-linux-gnueabihf/lib]
    arg [-L/home/thomas/rv1126/repo_new/buildroot/output/rockchip_rv1126_rv1109/host/arm-buildroot-linux-gnueabihf/sysroot/lib] ==> dir [/home/thomas/rv1126/repo_new/buildroot/output/rockchip_rv1126_rv1109/host/arm-buildroot-linux-gnueabihf/sysroot/lib]
    arg [-L/home/thomas/rv1126/repo_new/buildroot/output/rockchip_rv1126_rv1109/host/arm-buildroot-linux-gnueabihf/sysroot/usr/lib] ==> dir [/home/thomas/rv1126/repo_new/buildroot/output/rockchip_rv1126_rv1109/host/arm-buildroot-linux-gnueabihf/sysroot/usr/lib]
    arg [CMakeFiles/cmTC_be70e.dir/CMakeCCompilerABI.c.o] ==> ignore
    arg [-lgcc] ==> lib [gcc]
    arg [--as-needed] ==> ignore
    arg [-lgcc_s] ==> lib [gcc_s]
    arg [--no-as-needed] ==> ignore
    arg [-lc] ==> lib [c]
    arg [-lgcc] ==> lib [gcc]
    arg [--as-needed] ==> ignore
    arg [-lgcc_s] ==> lib [gcc_s]
    arg [--no-as-needed] ==> ignore
    arg [/home/thomas/rv1126/repo_new/prebuilts/gcc/linux-x86/arm/gcc-arm-8.3-2019.03-x86_64-arm-linux-gnueabihf/bin/../lib/gcc/arm-linux-gnueabihf/8.3.0/crtend.o] ==> obj [/home/thomas/rv1126/repo_new/prebuilts/gcc/linux-x86/arm/gcc-arm-8.3-2019.03-x86_64-arm-linux-gnueabihf/bin/../lib/gcc/arm-linux-gnueabihf/8.3.0/crtend.o]
    arg [/home/thomas/rv1126/repo_new/buildroot/output/rockchip_rv1126_rv1109/host/arm-buildroot-linux-gnueabihf/sysroot/usr/lib/crtn.o] ==> obj [/home/thomas/rv1126/repo_new/buildroot/output/rockchip_rv1126_rv1109/host/arm-buildroot-linux-gnueabihf/sysroot/usr/lib/crtn.o]
  collapse obj [/home/thomas/rv1126/repo_new/prebuilts/gcc/linux-x86/arm/gcc-arm-8.3-2019.03-x86_64-arm-linux-gnueabihf/bin/../lib/gcc/arm-linux-gnueabihf/8.3.0/crtbegin.o] ==> [/home/thomas/rv1126/repo_new/prebuilts/gcc/linux-x86/arm/gcc-arm-8.3-2019.03-x86_64-arm-linux-gnueabihf/lib/gcc/arm-linux-gnueabihf/8.3.0/crtbegin.o]
  collapse obj [/home/thomas/rv1126/repo_new/prebuilts/gcc/linux-x86/arm/gcc-arm-8.3-2019.03-x86_64-arm-linux-gnueabihf/bin/../lib/gcc/arm-linux-gnueabihf/8.3.0/crtend.o] ==> [/home/thomas/rv1126/repo_new/prebuilts/gcc/linux-x86/arm/gcc-arm-8.3-2019.03-x86_64-arm-linux-gnueabihf/lib/gcc/arm-linux-gnueabihf/8.3.0/crtend.o]
  collapse library dir [/home/thomas/rv1126/repo_new/prebuilts/gcc/linux-x86/arm/gcc-arm-8.3-2019.03-x86_64-arm-linux-gnueabihf/bin/../lib/gcc/arm-linux-gnueabihf/8.3.0] ==> [/home/thomas/rv1126/repo_new/prebuilts/gcc/linux-x86/arm/gcc-arm-8.3-2019.03-x86_64-arm-linux-gnueabihf/lib/gcc/arm-linux-gnueabihf/8.3.0]
  collapse library dir [/home/thomas/rv1126/repo_new/prebuilts/gcc/linux-x86/arm/gcc-arm-8.3-2019.03-x86_64-arm-linux-gnueabihf/bin/../lib/gcc] ==> [/home/thomas/rv1126/repo_new/prebuilts/gcc/linux-x86/arm/gcc-arm-8.3-2019.03-x86_64-arm-linux-gnueabihf/lib/gcc]
  collapse library dir [/home/thomas/rv1126/repo_new/prebuilts/gcc/linux-x86/arm/gcc-arm-8.3-2019.03-x86_64-arm-linux-gnueabihf/bin/../lib/gcc/arm-linux-gnueabihf/8.3.0/../../../../arm-linux-gnueabihf/lib] ==> [/home/thomas/rv1126/repo_new/prebuilts/gcc/linux-x86/arm/gcc-arm-8.3-2019.03-x86_64-arm-linux-gnueabihf/arm-linux-gnueabihf/lib]
  collapse library dir [/home/thomas/rv1126/repo_new/buildroot/output/rockchip_rv1126_rv1109/host/arm-buildroot-linux-gnueabihf/sysroot/lib] ==> [/home/thomas/rv1126/repo_new/buildroot/output/rockchip_rv1126_rv1109/host/arm-buildroot-linux-gnueabihf/sysroot/lib]
  collapse library dir [/home/thomas/rv1126/repo_new/buildroot/output/rockchip_rv1126_rv1109/host/arm-buildroot-linux-gnueabihf/sysroot/usr/lib] ==> [/home/thomas/rv1126/repo_new/buildroot/output/rockchip_rv1126_rv1109/host/arm-buildroot-linux-gnueabihf/sysroot/usr/lib]
  implicit libs: [gcc;gcc_s;c;gcc;gcc_s]
  implicit objs: [/home/thomas/rv1126/repo_new/buildroot/output/rockchip_rv1126_rv1109/host/arm-buildroot-linux-gnueabihf/sysroot/usr/lib/crt1.o;/home/thomas/rv1126/repo_new/buildroot/output/rockchip_rv1126_rv1109/host/arm-buildroot-linux-gnueabihf/sysroot/usr/lib/crti.o;/home/thomas/rv1126/repo_new/prebuilts/gcc/linux-x86/arm/gcc-arm-8.3-2019.03-x86_64-arm-linux-gnueabihf/lib/gcc/arm-linux-gnueabihf/8.3.0/crtbegin.o;/home/thomas/rv1126/repo_new/prebuilts/gcc/linux-x86/arm/gcc-arm-8.3-2019.03-x86_64-arm-linux-gnueabihf/lib/gcc/arm-linux-gnueabihf/8.3.0/crtend.o;/home/thomas/rv1126/repo_new/buildroot/output/rockchip_rv1126_rv1109/host/arm-buildroot-linux-gnueabihf/sysroot/usr/lib/crtn.o]
  implicit dirs: [/home/thomas/rv1126/repo_new/prebuilts/gcc/linux-x86/arm/gcc-arm-8.3-2019.03-x86_64-arm-linux-gnueabihf/lib/gcc/arm-linux-gnueabihf/8.3.0;/home/thomas/rv1126/repo_new/prebuilts/gcc/linux-x86/arm/gcc-arm-8.3-2019.03-x86_64-arm-linux-gnueabihf/lib/gcc;/home/thomas/rv1126/repo_new/prebuilts/gcc/linux-x86/arm/gcc-arm-8.3-2019.03-x86_64-arm-linux-gnueabihf/arm-linux-gnueabihf/lib;/home/thomas/rv1126/repo_new/buildroot/output/rockchip_rv1126_rv1109/host/arm-buildroot-linux-gnueabihf/sysroot/lib;/home/thomas/rv1126/repo_new/buildroot/output/rockchip_rv1126_rv1109/host/arm-buildroot-linux-gnueabihf/sysroot/usr/lib]
  implicit fwks: []


Detecting CXX compiler ABI info compiled with the following output:
Change Dir: /home/ubt/Documents/algorithm/C++/notepp/exp/04-cmake-level4/build/CMakeFiles/CMakeScratch/TryCompile-qkNtS2

Run Build Command(s):/usr/bin/make -f Makefile cmTC_ca8e8/fast && /usr/bin/make  -f CMakeFiles/cmTC_ca8e8.dir/build.make CMakeFiles/cmTC_ca8e8.dir/build
make[1]: Entering directory '/home/ubt/Documents/algorithm/C++/notepp/exp/04-cmake-level4/build/CMakeFiles/CMakeScratch/TryCompile-qkNtS2'
Building CXX object CMakeFiles/cmTC_ca8e8.dir/CMakeCXXCompilerABI.cpp.o
/home/thomas/rv1126/repo_new/buildroot/output/rockchip_rv1126_rv1109/host/bin/arm-linux-gnueabihf-g++   -v -o CMakeFiles/cmTC_ca8e8.dir/CMakeCXXCompilerABI.cpp.o -c /home/ubt/.local/lib/python3.8/site-packages/cmake/data/share/cmake-3.25/Modules/CMakeCXXCompilerABI.cpp
Using built-in specs.
COLLECT_GCC=/home/thomas/rv1126/repo_new/buildroot/../prebuilts/gcc/linux-x86/arm/gcc-arm-8.3-2019.03-x86_64-arm-linux-gnueabihf/bin/arm-linux-gnueabihf-g++
Target: arm-linux-gnueabihf
Configured with: /tmp/dgboter/bbs/rhev-vm8--rhe6x86_64/buildbot/rhe6x86_64--arm-linux-gnueabihf/build/src/gcc/configure --target=arm-linux-gnueabihf --prefix= --with-sysroot=/arm-linux-gnueabihf/libc --with-build-sysroot=/tmp/dgboter/bbs/rhev-vm8--rhe6x86_64/buildbot/rhe6x86_64--arm-linux-gnueabihf/build/build-arm-linux-gnueabihf/install//arm-linux-gnueabihf/libc --with-bugurl=https://bugs.linaro.org/ --enable-gnu-indirect-function --enable-shared --disable-libssp --disable-libmudflap --enable-checking=release --enable-languages=c,c++,fortran --with-gmp=/tmp/dgboter/bbs/rhev-vm8--rhe6x86_64/buildbot/rhe6x86_64--arm-linux-gnueabihf/build/build-arm-linux-gnueabihf/host-tools --with-mpfr=/tmp/dgboter/bbs/rhev-vm8--rhe6x86_64/buildbot/rhe6x86_64--arm-linux-gnueabihf/build/build-arm-linux-gnueabihf/host-tools --with-mpc=/tmp/dgboter/bbs/rhev-vm8--rhe6x86_64/buildbot/rhe6x86_64--arm-linux-gnueabihf/build/build-arm-linux-gnueabihf/host-tools --with-isl=/tmp/dgboter/bbs/rhev-vm8--rhe6x86_64/buildbot/rhe6x86_64--arm-linux-gnueabihf/build/build-arm-linux-gnueabihf/host-tools --with-arch=armv7-a --with-fpu=neon --with-float=hard --with-arch=armv7-a --with-pkgversion='GNU Toolchain for the A-profile Architecture 8.3-2019.03 (arm-rel-8.36)'
Thread model: posix
gcc version 8.3.0 (GNU Toolchain for the A-profile Architecture 8.3-2019.03 (arm-rel-8.36)) 
COLLECT_GCC_OPTIONS='-mabi=aapcs-linux' '-mfpu=neon-vfpv4' '-marm' '-mfloat-abi=hard' '-mcpu=cortex-a7' '-v' '-c' '-o' 'CMakeFiles/cmTC_2db4e.dir/CMakeCXXCompilerABI.cpp.o' '-shared-libgcc' '-mtls-dialect=gnu' '-march=armv7ve+simd'
 /home/thomas/rv1126/repo_new/prebuilts/gcc/linux-x86/arm/gcc-arm-8.3-2019.03-x86_64-arm-linux-gnueabihf/bin/../libexec/gcc/arm-linux-gnueabihf/8.3.0/cc1plus -quiet -v -iprefix /home/thomas/rv1126/repo_new/prebuilts/gcc/linux-x86/arm/gcc-arm-8.3-2019.03-x86_64-arm-linux-gnueabihf/bin/../lib/gcc/arm-linux-gnueabihf/8.3.0/ -isysroot ../../../../../../../../../../../thomas/rv1126/repo_new/buildroot/output/rockchip_rv1126_rv1109/host/arm-buildroot-linux-gnueabihf/sysroot -D_GNU_SOURCE /home/ubt/.local/lib/python3.8/site-packages/cmake/data/share/cmake-3.25/Modules/CMakeCXXCompilerABI.cpp -quiet -dumpbase CMakeCXXCompilerABI.cpp -mabi=aapcs-linux -mfpu=neon-vfpv4 -marm -mfloat-abi=hard -mcpu=cortex-a7 -mtls-dialect=gnu -march=armv7ve+simd -auxbase-strip CMakeFiles/cmTC_2db4e.dir/CMakeCXXCompilerABI.cpp.o -version -o /tmp/ccZq4WRA.s
GNU C++14 (GNU Toolchain for the A-profile Architecture 8.3-2019.03 (arm-rel-8.36)) version 8.3.0 (arm-linux-gnueabihf)
	compiled by GNU C version 4.8.1, GMP version 4.3.2, MPFR version 3.1.6, MPC version 0.8.2, isl version isl-0.15-1-g835ea3a-GMP

GGC heuristics: --param ggc-min-expand=100 --param ggc-min-heapsize=131072
ignoring duplicate directory "/home/thomas/rv1126/repo_new/prebuilts/gcc/linux-x86/arm/gcc-arm-8.3-2019.03-x86_64-arm-linux-gnueabihf/bin/../lib/gcc/../../lib/gcc/arm-linux-gnueabihf/8.3.0/../../../../arm-linux-gnueabihf/include/c++/8.3.0"
ignoring duplicate directory "/home/thomas/rv1126/repo_new/prebuilts/gcc/linux-x86/arm/gcc-arm-8.3-2019.03-x86_64-arm-linux-gnueabihf/bin/../lib/gcc/../../lib/gcc/arm-linux-gnueabihf/8.3.0/../../../../arm-linux-gnueabihf/include/c++/8.3.0/arm-linux-gnueabihf"
ignoring duplicate directory "/home/thomas/rv1126/repo_new/prebuilts/gcc/linux-x86/arm/gcc-arm-8.3-2019.03-x86_64-arm-linux-gnueabihf/bin/../lib/gcc/../../lib/gcc/arm-linux-gnueabihf/8.3.0/../../../../arm-linux-gnueabihf/include/c++/8.3.0/backward"
ignoring duplicate directory "/home/thomas/rv1126/repo_new/prebuilts/gcc/linux-x86/arm/gcc-arm-8.3-2019.03-x86_64-arm-linux-gnueabihf/bin/../lib/gcc/../../lib/gcc/arm-linux-gnueabihf/8.3.0/include"
ignoring nonexistent directory "../../../../../../../../../../../thomas/rv1126/repo_new/buildroot/output/rockchip_rv1126_rv1109/host/arm-buildroot-linux-gnueabihf/sysroot/usr/local/include"
ignoring duplicate directory "/home/thomas/rv1126/repo_new/prebuilts/gcc/linux-x86/arm/gcc-arm-8.3-2019.03-x86_64-arm-linux-gnueabihf/bin/../lib/gcc/../../lib/gcc/arm-linux-gnueabihf/8.3.0/include-fixed"
ignoring duplicate directory "/home/thomas/rv1126/repo_new/prebuilts/gcc/linux-x86/arm/gcc-arm-8.3-2019.03-x86_64-arm-linux-gnueabihf/bin/../lib/gcc/../../lib/gcc/arm-linux-gnueabihf/8.3.0/../../../../arm-linux-gnueabihf/include"
#include "..." search starts here:
#include <...> search starts here:
 /home/thomas/rv1126/repo_new/prebuilts/gcc/linux-x86/arm/gcc-arm-8.3-2019.03-x86_64-arm-linux-gnueabihf/bin/../lib/gcc/arm-linux-gnueabihf/8.3.0/../../../../arm-linux-gnueabihf/include/c++/8.3.0
 /home/thomas/rv1126/repo_new/prebuilts/gcc/linux-x86/arm/gcc-arm-8.3-2019.03-x86_64-arm-linux-gnueabihf/bin/../lib/gcc/arm-linux-gnueabihf/8.3.0/../../../../arm-linux-gnueabihf/include/c++/8.3.0/arm-linux-gnueabihf
 /home/thomas/rv1126/repo_new/prebuilts/gcc/linux-x86/arm/gcc-arm-8.3-2019.03-x86_64-arm-linux-gnueabihf/bin/../lib/gcc/arm-linux-gnueabihf/8.3.0/../../../../arm-linux-gnueabihf/include/c++/8.3.0/backward
 /home/thomas/rv1126/repo_new/prebuilts/gcc/linux-x86/arm/gcc-arm-8.3-2019.03-x86_64-arm-linux-gnueabihf/bin/../lib/gcc/arm-linux-gnueabihf/8.3.0/include
 /home/thomas/rv1126/repo_new/prebuilts/gcc/linux-x86/arm/gcc-arm-8.3-2019.03-x86_64-arm-linux-gnueabihf/bin/../lib/gcc/arm-linux-gnueabihf/8.3.0/include-fixed
 /home/thomas/rv1126/repo_new/prebuilts/gcc/linux-x86/arm/gcc-arm-8.3-2019.03-x86_64-arm-linux-gnueabihf/bin/../lib/gcc/arm-linux-gnueabihf/8.3.0/../../../../arm-linux-gnueabihf/include
 ../../../../../../../../../../../thomas/rv1126/repo_new/buildroot/output/rockchip_rv1126_rv1109/host/arm-buildroot-linux-gnueabihf/sysroot/usr/include
End of search list.
GNU C++14 (GNU Toolchain for the A-profile Architecture 8.3-2019.03 (arm-rel-8.36)) version 8.3.0 (arm-linux-gnueabihf)
	compiled by GNU C version 4.8.1, GMP version 4.3.2, MPFR version 3.1.6, MPC version 0.8.2, isl version isl-0.15-1-g835ea3a-GMP

GGC heuristics: --param ggc-min-expand=100 --param ggc-min-heapsize=131072
Compiler executable checksum: 8a85cb0d2d2ff66df776d19db4ea2416
COLLECT_GCC_OPTIONS='-mabi=aapcs-linux' '-mfpu=neon-vfpv4' '-marm' '-mfloat-abi=hard' '-mcpu=cortex-a7' '-v' '-c' '-o' 'CMakeFiles/cmTC_2db4e.dir/CMakeCXXCompilerABI.cpp.o' '-shared-libgcc' '-mtls-dialect=gnu' '-march=armv7ve+simd'
 /home/thomas/rv1126/repo_new/prebuilts/gcc/linux-x86/arm/gcc-arm-8.3-2019.03-x86_64-arm-linux-gnueabihf/bin/../lib/gcc/arm-linux-gnueabihf/8.3.0/../../../../arm-linux-gnueabihf/bin/as -v -march=armv7ve -mfloat-abi=hard -mfpu=neon-vfpv4 -meabi=5 -o CMakeFiles/cmTC_2db4e.dir/CMakeCXXCompilerABI.cpp.o /tmp/ccZq4WRA.s
GNU assembler version 2.32.0 (arm-linux-gnueabihf) using BFD version (GNU Toolchain for the A-profile Architecture 8.3-2019.03 (arm-rel-8.36)) 2.32.0.20190321
COMPILER_PATH=/home/thomas/rv1126/repo_new/prebuilts/gcc/linux-x86/arm/gcc-arm-8.3-2019.03-x86_64-arm-linux-gnueabihf/bin/../libexec/gcc/arm-linux-gnueabihf/8.3.0/:/home/thomas/rv1126/repo_new/prebuilts/gcc/linux-x86/arm/gcc-arm-8.3-2019.03-x86_64-arm-linux-gnueabihf/bin/../libexec/gcc/:/home/thomas/rv1126/repo_new/prebuilts/gcc/linux-x86/arm/gcc-arm-8.3-2019.03-x86_64-arm-linux-gnueabihf/bin/../lib/gcc/arm-linux-gnueabihf/8.3.0/../../../../arm-linux-gnueabihf/bin/
LIBRARY_PATH=/home/thomas/rv1126/repo_new/prebuilts/gcc/linux-x86/arm/gcc-arm-8.3-2019.03-x86_64-arm-linux-gnueabihf/bin/../lib/gcc/arm-linux-gnueabihf/8.3.0/:/home/thomas/rv1126/repo_new/prebuilts/gcc/linux-x86/arm/gcc-arm-8.3-2019.03-x86_64-arm-linux-gnueabihf/bin/../lib/gcc/:/home/thomas/rv1126/repo_new/prebuilts/gcc/linux-x86/arm/gcc-arm-8.3-2019.03-x86_64-arm-linux-gnueabihf/bin/../lib/gcc/arm-linux-gnueabihf/8.3.0/../../../../arm-linux-gnueabihf/lib/:../../../../../../../../../../../thomas/rv1126/repo_new/buildroot/output/rockchip_rv1126_rv1109/host/arm-buildroot-linux-gnueabihf/sysroot/lib/:../../../../../../../../../../../thomas/rv1126/repo_new/buildroot/output/rockchip_rv1126_rv1109/host/arm-buildroot-linux-gnueabihf/sysroot/usr/lib/
COLLECT_GCC_OPTIONS='-mabi=aapcs-linux' '-mfpu=neon-vfpv4' '-marm' '-mfloat-abi=hard' '-mcpu=cortex-a7' '-v' '-c' '-o' 'CMakeFiles/cmTC_2db4e.dir/CMakeCXXCompilerABI.cpp.o' '-shared-libgcc' '-mtls-dialect=gnu' '-march=armv7ve+simd'
Linking CXX executable cmTC_ca8e8
/home/ubt/.local/lib/python3.8/site-packages/cmake/data/bin/cmake -E cmake_link_script CMakeFiles/cmTC_ca8e8.dir/link.txt --verbose=1
/home/thomas/rv1126/repo_new/buildroot/output/rockchip_rv1126_rv1109/host/bin/arm-linux-gnueabihf-g++  -v CMakeFiles/cmTC_ca8e8.dir/CMakeCXXCompilerABI.cpp.o -o cmTC_ca8e8 
Using built-in specs.
COLLECT_GCC=/home/thomas/rv1126/repo_new/buildroot/../prebuilts/gcc/linux-x86/arm/gcc-arm-8.3-2019.03-x86_64-arm-linux-gnueabihf/bin/arm-linux-gnueabihf-g++
COLLECT_LTO_WRAPPER=/home/thomas/rv1126/repo_new/prebuilts/gcc/linux-x86/arm/gcc-arm-8.3-2019.03-x86_64-arm-linux-gnueabihf/bin/../libexec/gcc/arm-linux-gnueabihf/8.3.0/lto-wrapper
Target: arm-linux-gnueabihf
Configured with: /tmp/dgboter/bbs/rhev-vm8--rhe6x86_64/buildbot/rhe6x86_64--arm-linux-gnueabihf/build/src/gcc/configure --target=arm-linux-gnueabihf --prefix= --with-sysroot=/arm-linux-gnueabihf/libc --with-build-sysroot=/tmp/dgboter/bbs/rhev-vm8--rhe6x86_64/buildbot/rhe6x86_64--arm-linux-gnueabihf/build/build-arm-linux-gnueabihf/install//arm-linux-gnueabihf/libc --with-bugurl=https://bugs.linaro.org/ --enable-gnu-indirect-function --enable-shared --disable-libssp --disable-libmudflap --enable-checking=release --enable-languages=c,c++,fortran --with-gmp=/tmp/dgboter/bbs/rhev-vm8--rhe6x86_64/buildbot/rhe6x86_64--arm-linux-gnueabihf/build/build-arm-linux-gnueabihf/host-tools --with-mpfr=/tmp/dgboter/bbs/rhev-vm8--rhe6x86_64/buildbot/rhe6x86_64--arm-linux-gnueabihf/build/build-arm-linux-gnueabihf/host-tools --with-mpc=/tmp/dgboter/bbs/rhev-vm8--rhe6x86_64/buildbot/rhe6x86_64--arm-linux-gnueabihf/build/build-arm-linux-gnueabihf/host-tools --with-isl=/tmp/dgboter/bbs/rhev-vm8--rhe6x86_64/buildbot/rhe6x86_64--arm-linux-gnueabihf/build/build-arm-linux-gnueabihf/host-tools --with-arch=armv7-a --with-fpu=neon --with-float=hard --with-arch=armv7-a --with-pkgversion='GNU Toolchain for the A-profile Architecture 8.3-2019.03 (arm-rel-8.36)'
Thread model: posix
gcc version 8.3.0 (GNU Toolchain for the A-profile Architecture 8.3-2019.03 (arm-rel-8.36)) 
COMPILER_PATH=/home/thomas/rv1126/repo_new/prebuilts/gcc/linux-x86/arm/gcc-arm-8.3-2019.03-x86_64-arm-linux-gnueabihf/bin/../libexec/gcc/arm-linux-gnueabihf/8.3.0/:/home/thomas/rv1126/repo_new/prebuilts/gcc/linux-x86/arm/gcc-arm-8.3-2019.03-x86_64-arm-linux-gnueabihf/bin/../libexec/gcc/:/home/thomas/rv1126/repo_new/prebuilts/gcc/linux-x86/arm/gcc-arm-8.3-2019.03-x86_64-arm-linux-gnueabihf/bin/../lib/gcc/arm-linux-gnueabihf/8.3.0/../../../../arm-linux-gnueabihf/bin/
LIBRARY_PATH=/home/thomas/rv1126/repo_new/prebuilts/gcc/linux-x86/arm/gcc-arm-8.3-2019.03-x86_64-arm-linux-gnueabihf/bin/../lib/gcc/arm-linux-gnueabihf/8.3.0/:/home/thomas/rv1126/repo_new/prebuilts/gcc/linux-x86/arm/gcc-arm-8.3-2019.03-x86_64-arm-linux-gnueabihf/bin/../lib/gcc/:/home/thomas/rv1126/repo_new/prebuilts/gcc/linux-x86/arm/gcc-arm-8.3-2019.03-x86_64-arm-linux-gnueabihf/bin/../lib/gcc/arm-linux-gnueabihf/8.3.0/../../../../arm-linux-gnueabihf/lib/:/home/thomas/rv1126/repo_new/buildroot/output/rockchip_rv1126_rv1109/host/arm-buildroot-linux-gnueabihf/sysroot/lib/:/home/thomas/rv1126/repo_new/buildroot/output/rockchip_rv1126_rv1109/host/arm-buildroot-linux-gnueabihf/sysroot/usr/lib/
COLLECT_GCC_OPTIONS='-mabi=aapcs-linux' '-mfpu=neon-vfpv4' '-marm' '-mfloat-abi=hard' '-mcpu=cortex-a7' '-v' '-o' 'cmTC_ca8e8' '-shared-libgcc' '-mtls-dialect=gnu' '-march=armv7ve+simd'
 /home/thomas/rv1126/repo_new/prebuilts/gcc/linux-x86/arm/gcc-arm-8.3-2019.03-x86_64-arm-linux-gnueabihf/bin/../libexec/gcc/arm-linux-gnueabihf/8.3.0/collect2 -plugin /home/thomas/rv1126/repo_new/prebuilts/gcc/linux-x86/arm/gcc-arm-8.3-2019.03-x86_64-arm-linux-gnueabihf/bin/../libexec/gcc/arm-linux-gnueabihf/8.3.0/liblto_plugin.so -plugin-opt=/home/thomas/rv1126/repo_new/prebuilts/gcc/linux-x86/arm/gcc-arm-8.3-2019.03-x86_64-arm-linux-gnueabihf/bin/../libexec/gcc/arm-linux-gnueabihf/8.3.0/lto-wrapper -plugin-opt=-fresolution=/tmp/cceefROO.res -plugin-opt=-pass-through=-lgcc_s -plugin-opt=-pass-through=-lgcc -plugin-opt=-pass-through=-lc -plugin-opt=-pass-through=-lgcc_s -plugin-opt=-pass-through=-lgcc --sysroot=/home/thomas/rv1126/repo_new/buildroot/output/rockchip_rv1126_rv1109/host/arm-buildroot-linux-gnueabihf/sysroot --eh-frame-hdr -dynamic-linker /lib/ld-linux-armhf.so.3 -X -m armelf_linux_eabi -o cmTC_ca8e8 /home/thomas/rv1126/repo_new/buildroot/output/rockchip_rv1126_rv1109/host/arm-buildroot-linux-gnueabihf/sysroot/usr/lib/crt1.o /home/thomas/rv1126/repo_new/buildroot/output/rockchip_rv1126_rv1109/host/arm-buildroot-linux-gnueabihf/sysroot/usr/lib/crti.o /home/thomas/rv1126/repo_new/prebuilts/gcc/linux-x86/arm/gcc-arm-8.3-2019.03-x86_64-arm-linux-gnueabihf/bin/../lib/gcc/arm-linux-gnueabihf/8.3.0/crtbegin.o -L/home/thomas/rv1126/repo_new/prebuilts/gcc/linux-x86/arm/gcc-arm-8.3-2019.03-x86_64-arm-linux-gnueabihf/bin/../lib/gcc/arm-linux-gnueabihf/8.3.0 -L/home/thomas/rv1126/repo_new/prebuilts/gcc/linux-x86/arm/gcc-arm-8.3-2019.03-x86_64-arm-linux-gnueabihf/bin/../lib/gcc -L/home/thomas/rv1126/repo_new/prebuilts/gcc/linux-x86/arm/gcc-arm-8.3-2019.03-x86_64-arm-linux-gnueabihf/bin/../lib/gcc/arm-linux-gnueabihf/8.3.0/../../../../arm-linux-gnueabihf/lib -L/home/thomas/rv1126/repo_new/buildroot/output/rockchip_rv1126_rv1109/host/arm-buildroot-linux-gnueabihf/sysroot/lib -L/home/thomas/rv1126/repo_new/buildroot/output/rockchip_rv1126_rv1109/host/arm-buildroot-linux-gnueabihf/sysroot/usr/lib CMakeFiles/cmTC_ca8e8.dir/CMakeCXXCompilerABI.cpp.o -lstdc++ -lm -lgcc_s -lgcc -lc -lgcc_s -lgcc /home/thomas/rv1126/repo_new/prebuilts/gcc/linux-x86/arm/gcc-arm-8.3-2019.03-x86_64-arm-linux-gnueabihf/bin/../lib/gcc/arm-linux-gnueabihf/8.3.0/crtend.o /home/thomas/rv1126/repo_new/buildroot/output/rockchip_rv1126_rv1109/host/arm-buildroot-linux-gnueabihf/sysroot/usr/lib/crtn.o
COLLECT_GCC_OPTIONS='-mabi=aapcs-linux' '-mfpu=neon-vfpv4' '-marm' '-mfloat-abi=hard' '-mcpu=cortex-a7' '-v' '-o' 'cmTC_ca8e8' '-shared-libgcc' '-mtls-dialect=gnu' '-march=armv7ve+simd'
make[1]: Leaving directory '/home/ubt/Documents/algorithm/C++/notepp/exp/04-cmake-level4/build/CMakeFiles/CMakeScratch/TryCompile-qkNtS2'



Parsed CXX implicit include dir info from above output: rv=done
  found start of include info
  found start of implicit include info
    add: [/home/thomas/rv1126/repo_new/prebuilts/gcc/linux-x86/arm/gcc-arm-8.3-2019.03-x86_64-arm-linux-gnueabihf/bin/../lib/gcc/arm-linux-gnueabihf/8.3.0/../../../../arm-linux-gnueabihf/include/c++/8.3.0]
    add: [/home/thomas/rv1126/repo_new/prebuilts/gcc/linux-x86/arm/gcc-arm-8.3-2019.03-x86_64-arm-linux-gnueabihf/bin/../lib/gcc/arm-linux-gnueabihf/8.3.0/../../../../arm-linux-gnueabihf/include/c++/8.3.0/arm-linux-gnueabihf]
    add: [/home/thomas/rv1126/repo_new/prebuilts/gcc/linux-x86/arm/gcc-arm-8.3-2019.03-x86_64-arm-linux-gnueabihf/bin/../lib/gcc/arm-linux-gnueabihf/8.3.0/../../../../arm-linux-gnueabihf/include/c++/8.3.0/backward]
    add: [/home/thomas/rv1126/repo_new/prebuilts/gcc/linux-x86/arm/gcc-arm-8.3-2019.03-x86_64-arm-linux-gnueabihf/bin/../lib/gcc/arm-linux-gnueabihf/8.3.0/include]
    add: [/home/thomas/rv1126/repo_new/prebuilts/gcc/linux-x86/arm/gcc-arm-8.3-2019.03-x86_64-arm-linux-gnueabihf/bin/../lib/gcc/arm-linux-gnueabihf/8.3.0/include-fixed]
    add: [/home/thomas/rv1126/repo_new/prebuilts/gcc/linux-x86/arm/gcc-arm-8.3-2019.03-x86_64-arm-linux-gnueabihf/bin/../lib/gcc/arm-linux-gnueabihf/8.3.0/../../../../arm-linux-gnueabihf/include]
    add: [../../../../../../../../../../../thomas/rv1126/repo_new/buildroot/output/rockchip_rv1126_rv1109/host/arm-buildroot-linux-gnueabihf/sysroot/usr/include]
  end of search list found
  collapse include dir [/home/thomas/rv1126/repo_new/prebuilts/gcc/linux-x86/arm/gcc-arm-8.3-2019.03-x86_64-arm-linux-gnueabihf/bin/../lib/gcc/arm-linux-gnueabihf/8.3.0/../../../../arm-linux-gnueabihf/include/c++/8.3.0] ==> [/home/thomas/rv1126/repo_new/prebuilts/gcc/linux-x86/arm/gcc-arm-8.3-2019.03-x86_64-arm-linux-gnueabihf/arm-linux-gnueabihf/include/c++/8.3.0]
  collapse include dir [/home/thomas/rv1126/repo_new/prebuilts/gcc/linux-x86/arm/gcc-arm-8.3-2019.03-x86_64-arm-linux-gnueabihf/bin/../lib/gcc/arm-linux-gnueabihf/8.3.0/../../../../arm-linux-gnueabihf/include/c++/8.3.0/arm-linux-gnueabihf] ==> [/home/thomas/rv1126/repo_new/prebuilts/gcc/linux-x86/arm/gcc-arm-8.3-2019.03-x86_64-arm-linux-gnueabihf/arm-linux-gnueabihf/include/c++/8.3.0/arm-linux-gnueabihf]
  collapse include dir [/home/thomas/rv1126/repo_new/prebuilts/gcc/linux-x86/arm/gcc-arm-8.3-2019.03-x86_64-arm-linux-gnueabihf/bin/../lib/gcc/arm-linux-gnueabihf/8.3.0/../../../../arm-linux-gnueabihf/include/c++/8.3.0/backward] ==> [/home/thomas/rv1126/repo_new/prebuilts/gcc/linux-x86/arm/gcc-arm-8.3-2019.03-x86_64-arm-linux-gnueabihf/arm-linux-gnueabihf/include/c++/8.3.0/backward]
  collapse include dir [/home/thomas/rv1126/repo_new/prebuilts/gcc/linux-x86/arm/gcc-arm-8.3-2019.03-x86_64-arm-linux-gnueabihf/bin/../lib/gcc/arm-linux-gnueabihf/8.3.0/include] ==> [/home/thomas/rv1126/repo_new/prebuilts/gcc/linux-x86/arm/gcc-arm-8.3-2019.03-x86_64-arm-linux-gnueabihf/lib/gcc/arm-linux-gnueabihf/8.3.0/include]
  collapse include dir [/home/thomas/rv1126/repo_new/prebuilts/gcc/linux-x86/arm/gcc-arm-8.3-2019.03-x86_64-arm-linux-gnueabihf/bin/../lib/gcc/arm-linux-gnueabihf/8.3.0/include-fixed] ==> [/home/thomas/rv1126/repo_new/prebuilts/gcc/linux-x86/arm/gcc-arm-8.3-2019.03-x86_64-arm-linux-gnueabihf/lib/gcc/arm-linux-gnueabihf/8.3.0/include-fixed]
  collapse include dir [/home/thomas/rv1126/repo_new/prebuilts/gcc/linux-x86/arm/gcc-arm-8.3-2019.03-x86_64-arm-linux-gnueabihf/bin/../lib/gcc/arm-linux-gnueabihf/8.3.0/../../../../arm-linux-gnueabihf/include] ==> [/home/thomas/rv1126/repo_new/prebuilts/gcc/linux-x86/arm/gcc-arm-8.3-2019.03-x86_64-arm-linux-gnueabihf/arm-linux-gnueabihf/include]
  collapse relative include dir [../../../../../../../../../../../thomas/rv1126/repo_new/buildroot/output/rockchip_rv1126_rv1109/host/arm-buildroot-linux-gnueabihf/sysroot/usr/include] ==> [/thomas/rv1126/repo_new/buildroot/output/rockchip_rv1126_rv1109/host/arm-buildroot-linux-gnueabihf/sysroot/usr/include]
  implicit include dirs: [/home/thomas/rv1126/repo_new/prebuilts/gcc/linux-x86/arm/gcc-arm-8.3-2019.03-x86_64-arm-linux-gnueabihf/arm-linux-gnueabihf/include/c++/8.3.0;/home/thomas/rv1126/repo_new/prebuilts/gcc/linux-x86/arm/gcc-arm-8.3-2019.03-x86_64-arm-linux-gnueabihf/arm-linux-gnueabihf/include/c++/8.3.0/arm-linux-gnueabihf;/home/thomas/rv1126/repo_new/prebuilts/gcc/linux-x86/arm/gcc-arm-8.3-2019.03-x86_64-arm-linux-gnueabihf/arm-linux-gnueabihf/include/c++/8.3.0/backward;/home/thomas/rv1126/repo_new/prebuilts/gcc/linux-x86/arm/gcc-arm-8.3-2019.03-x86_64-arm-linux-gnueabihf/lib/gcc/arm-linux-gnueabihf/8.3.0/include;/home/thomas/rv1126/repo_new/prebuilts/gcc/linux-x86/arm/gcc-arm-8.3-2019.03-x86_64-arm-linux-gnueabihf/lib/gcc/arm-linux-gnueabihf/8.3.0/include-fixed;/home/thomas/rv1126/repo_new/prebuilts/gcc/linux-x86/arm/gcc-arm-8.3-2019.03-x86_64-arm-linux-gnueabihf/arm-linux-gnueabihf/include;/thomas/rv1126/repo_new/buildroot/output/rockchip_rv1126_rv1109/host/arm-buildroot-linux-gnueabihf/sysroot/usr/include]


Parsed CXX implicit link information from above output:
  link line regex: [^( *|.*[/\])(arm-linux-gnueabihf-ld|CMAKE_LINK_STARTFILE-NOTFOUND|([^/\]+-)?ld|collect2)[^/\]*( |$)]
  ignore line: [Change Dir: /home/ubt/Documents/algorithm/C++/notepp/exp/04-cmake-level4/build/CMakeFiles/CMakeScratch/TryCompile-qkNtS2]
  ignore line: []
  ignore line: [Run Build Command(s):/usr/bin/make -f Makefile cmTC_ca8e8/fast && /usr/bin/make  -f CMakeFiles/cmTC_ca8e8.dir/build.make CMakeFiles/cmTC_ca8e8.dir/build]
  ignore line: [make[1]: Entering directory '/home/ubt/Documents/algorithm/C++/notepp/exp/04-cmake-level4/build/CMakeFiles/CMakeScratch/TryCompile-qkNtS2']
  ignore line: [Building CXX object CMakeFiles/cmTC_ca8e8.dir/CMakeCXXCompilerABI.cpp.o]
  ignore line: [/home/thomas/rv1126/repo_new/buildroot/output/rockchip_rv1126_rv1109/host/bin/arm-linux-gnueabihf-g++   -v -o CMakeFiles/cmTC_ca8e8.dir/CMakeCXXCompilerABI.cpp.o -c /home/ubt/.local/lib/python3.8/site-packages/cmake/data/share/cmake-3.25/Modules/CMakeCXXCompilerABI.cpp]
  ignore line: [Using built-in specs.]
  ignore line: [COLLECT_GCC=/home/thomas/rv1126/repo_new/buildroot/../prebuilts/gcc/linux-x86/arm/gcc-arm-8.3-2019.03-x86_64-arm-linux-gnueabihf/bin/arm-linux-gnueabihf-g++]
  ignore line: [Target: arm-linux-gnueabihf]
  ignore line: [Configured with: /tmp/dgboter/bbs/rhev-vm8--rhe6x86_64/buildbot/rhe6x86_64--arm-linux-gnueabihf/build/src/gcc/configure --target=arm-linux-gnueabihf --prefix= --with-sysroot=/arm-linux-gnueabihf/libc --with-build-sysroot=/tmp/dgboter/bbs/rhev-vm8--rhe6x86_64/buildbot/rhe6x86_64--arm-linux-gnueabihf/build/build-arm-linux-gnueabihf/install//arm-linux-gnueabihf/libc --with-bugurl=https://bugs.linaro.org/ --enable-gnu-indirect-function --enable-shared --disable-libssp --disable-libmudflap --enable-checking=release --enable-languages=c c++ fortran --with-gmp=/tmp/dgboter/bbs/rhev-vm8--rhe6x86_64/buildbot/rhe6x86_64--arm-linux-gnueabihf/build/build-arm-linux-gnueabihf/host-tools --with-mpfr=/tmp/dgboter/bbs/rhev-vm8--rhe6x86_64/buildbot/rhe6x86_64--arm-linux-gnueabihf/build/build-arm-linux-gnueabihf/host-tools --with-mpc=/tmp/dgboter/bbs/rhev-vm8--rhe6x86_64/buildbot/rhe6x86_64--arm-linux-gnueabihf/build/build-arm-linux-gnueabihf/host-tools --with-isl=/tmp/dgboter/bbs/rhev-vm8--rhe6x86_64/buildbot/rhe6x86_64--arm-linux-gnueabihf/build/build-arm-linux-gnueabihf/host-tools --with-arch=armv7-a --with-fpu=neon --with-float=hard --with-arch=armv7-a --with-pkgversion='GNU Toolchain for the A-profile Architecture 8.3-2019.03 (arm-rel-8.36)']
  ignore line: [Thread model: posix]
  ignore line: [gcc version 8.3.0 (GNU Toolchain for the A-profile Architecture 8.3-2019.03 (arm-rel-8.36)) ]
  ignore line: [COLLECT_GCC_OPTIONS='-mabi=aapcs-linux' '-mfpu=neon-vfpv4' '-marm' '-mfloat-abi=hard' '-mcpu=cortex-a7' '-v' '-c' '-o' 'CMakeFiles/cmTC_2db4e.dir/CMakeCXXCompilerABI.cpp.o' '-shared-libgcc' '-mtls-dialect=gnu' '-march=armv7ve+simd']
  ignore line: [ /home/thomas/rv1126/repo_new/prebuilts/gcc/linux-x86/arm/gcc-arm-8.3-2019.03-x86_64-arm-linux-gnueabihf/bin/../libexec/gcc/arm-linux-gnueabihf/8.3.0/cc1plus -quiet -v -iprefix /home/thomas/rv1126/repo_new/prebuilts/gcc/linux-x86/arm/gcc-arm-8.3-2019.03-x86_64-arm-linux-gnueabihf/bin/../lib/gcc/arm-linux-gnueabihf/8.3.0/ -isysroot ../../../../../../../../../../../thomas/rv1126/repo_new/buildroot/output/rockchip_rv1126_rv1109/host/arm-buildroot-linux-gnueabihf/sysroot -D_GNU_SOURCE /home/ubt/.local/lib/python3.8/site-packages/cmake/data/share/cmake-3.25/Modules/CMakeCXXCompilerABI.cpp -quiet -dumpbase CMakeCXXCompilerABI.cpp -mabi=aapcs-linux -mfpu=neon-vfpv4 -marm -mfloat-abi=hard -mcpu=cortex-a7 -mtls-dialect=gnu -march=armv7ve+simd -auxbase-strip CMakeFiles/cmTC_2db4e.dir/CMakeCXXCompilerABI.cpp.o -version -o /tmp/ccZq4WRA.s]
  ignore line: [GNU C++14 (GNU Toolchain for the A-profile Architecture 8.3-2019.03 (arm-rel-8.36)) version 8.3.0 (arm-linux-gnueabihf)]
  ignore line: [	compiled by GNU C version 4.8.1  GMP version 4.3.2  MPFR version 3.1.6  MPC version 0.8.2  isl version isl-0.15-1-g835ea3a-GMP]
  ignore line: []
  ignore line: [GGC heuristics: --param ggc-min-expand=100 --param ggc-min-heapsize=131072]
  ignore line: [ignoring duplicate directory "/home/thomas/rv1126/repo_new/prebuilts/gcc/linux-x86/arm/gcc-arm-8.3-2019.03-x86_64-arm-linux-gnueabihf/bin/../lib/gcc/../../lib/gcc/arm-linux-gnueabihf/8.3.0/../../../../arm-linux-gnueabihf/include/c++/8.3.0"]
  ignore line: [ignoring duplicate directory "/home/thomas/rv1126/repo_new/prebuilts/gcc/linux-x86/arm/gcc-arm-8.3-2019.03-x86_64-arm-linux-gnueabihf/bin/../lib/gcc/../../lib/gcc/arm-linux-gnueabihf/8.3.0/../../../../arm-linux-gnueabihf/include/c++/8.3.0/arm-linux-gnueabihf"]
  ignore line: [ignoring duplicate directory "/home/thomas/rv1126/repo_new/prebuilts/gcc/linux-x86/arm/gcc-arm-8.3-2019.03-x86_64-arm-linux-gnueabihf/bin/../lib/gcc/../../lib/gcc/arm-linux-gnueabihf/8.3.0/../../../../arm-linux-gnueabihf/include/c++/8.3.0/backward"]
  ignore line: [ignoring duplicate directory "/home/thomas/rv1126/repo_new/prebuilts/gcc/linux-x86/arm/gcc-arm-8.3-2019.03-x86_64-arm-linux-gnueabihf/bin/../lib/gcc/../../lib/gcc/arm-linux-gnueabihf/8.3.0/include"]
  ignore line: [ignoring nonexistent directory "../../../../../../../../../../../thomas/rv1126/repo_new/buildroot/output/rockchip_rv1126_rv1109/host/arm-buildroot-linux-gnueabihf/sysroot/usr/local/include"]
  ignore line: [ignoring duplicate directory "/home/thomas/rv1126/repo_new/prebuilts/gcc/linux-x86/arm/gcc-arm-8.3-2019.03-x86_64-arm-linux-gnueabihf/bin/../lib/gcc/../../lib/gcc/arm-linux-gnueabihf/8.3.0/include-fixed"]
  ignore line: [ignoring duplicate directory "/home/thomas/rv1126/repo_new/prebuilts/gcc/linux-x86/arm/gcc-arm-8.3-2019.03-x86_64-arm-linux-gnueabihf/bin/../lib/gcc/../../lib/gcc/arm-linux-gnueabihf/8.3.0/../../../../arm-linux-gnueabihf/include"]
  ignore line: [#include "..." search starts here:]
  ignore line: [#include <...> search starts here:]
  ignore line: [ /home/thomas/rv1126/repo_new/prebuilts/gcc/linux-x86/arm/gcc-arm-8.3-2019.03-x86_64-arm-linux-gnueabihf/bin/../lib/gcc/arm-linux-gnueabihf/8.3.0/../../../../arm-linux-gnueabihf/include/c++/8.3.0]
  ignore line: [ /home/thomas/rv1126/repo_new/prebuilts/gcc/linux-x86/arm/gcc-arm-8.3-2019.03-x86_64-arm-linux-gnueabihf/bin/../lib/gcc/arm-linux-gnueabihf/8.3.0/../../../../arm-linux-gnueabihf/include/c++/8.3.0/arm-linux-gnueabihf]
  ignore line: [ /home/thomas/rv1126/repo_new/prebuilts/gcc/linux-x86/arm/gcc-arm-8.3-2019.03-x86_64-arm-linux-gnueabihf/bin/../lib/gcc/arm-linux-gnueabihf/8.3.0/../../../../arm-linux-gnueabihf/include/c++/8.3.0/backward]
  ignore line: [ /home/thomas/rv1126/repo_new/prebuilts/gcc/linux-x86/arm/gcc-arm-8.3-2019.03-x86_64-arm-linux-gnueabihf/bin/../lib/gcc/arm-linux-gnueabihf/8.3.0/include]
  ignore line: [ /home/thomas/rv1126/repo_new/prebuilts/gcc/linux-x86/arm/gcc-arm-8.3-2019.03-x86_64-arm-linux-gnueabihf/bin/../lib/gcc/arm-linux-gnueabihf/8.3.0/include-fixed]
  ignore line: [ /home/thomas/rv1126/repo_new/prebuilts/gcc/linux-x86/arm/gcc-arm-8.3-2019.03-x86_64-arm-linux-gnueabihf/bin/../lib/gcc/arm-linux-gnueabihf/8.3.0/../../../../arm-linux-gnueabihf/include]
  ignore line: [ ../../../../../../../../../../../thomas/rv1126/repo_new/buildroot/output/rockchip_rv1126_rv1109/host/arm-buildroot-linux-gnueabihf/sysroot/usr/include]
  ignore line: [End of search list.]
  ignore line: [GNU C++14 (GNU Toolchain for the A-profile Architecture 8.3-2019.03 (arm-rel-8.36)) version 8.3.0 (arm-linux-gnueabihf)]
  ignore line: [	compiled by GNU C version 4.8.1  GMP version 4.3.2  MPFR version 3.1.6  MPC version 0.8.2  isl version isl-0.15-1-g835ea3a-GMP]
  ignore line: []
  ignore line: [GGC heuristics: --param ggc-min-expand=100 --param ggc-min-heapsize=131072]
  ignore line: [Compiler executable checksum: 8a85cb0d2d2ff66df776d19db4ea2416]
  ignore line: [COLLECT_GCC_OPTIONS='-mabi=aapcs-linux' '-mfpu=neon-vfpv4' '-marm' '-mfloat-abi=hard' '-mcpu=cortex-a7' '-v' '-c' '-o' 'CMakeFiles/cmTC_2db4e.dir/CMakeCXXCompilerABI.cpp.o' '-shared-libgcc' '-mtls-dialect=gnu' '-march=armv7ve+simd']
  ignore line: [ /home/thomas/rv1126/repo_new/prebuilts/gcc/linux-x86/arm/gcc-arm-8.3-2019.03-x86_64-arm-linux-gnueabihf/bin/../lib/gcc/arm-linux-gnueabihf/8.3.0/../../../../arm-linux-gnueabihf/bin/as -v -march=armv7ve -mfloat-abi=hard -mfpu=neon-vfpv4 -meabi=5 -o CMakeFiles/cmTC_2db4e.dir/CMakeCXXCompilerABI.cpp.o /tmp/ccZq4WRA.s]
  ignore line: [GNU assembler version 2.32.0 (arm-linux-gnueabihf) using BFD version (GNU Toolchain for the A-profile Architecture 8.3-2019.03 (arm-rel-8.36)) 2.32.0.20190321]
  ignore line: [COMPILER_PATH=/home/thomas/rv1126/repo_new/prebuilts/gcc/linux-x86/arm/gcc-arm-8.3-2019.03-x86_64-arm-linux-gnueabihf/bin/../libexec/gcc/arm-linux-gnueabihf/8.3.0/:/home/thomas/rv1126/repo_new/prebuilts/gcc/linux-x86/arm/gcc-arm-8.3-2019.03-x86_64-arm-linux-gnueabihf/bin/../libexec/gcc/:/home/thomas/rv1126/repo_new/prebuilts/gcc/linux-x86/arm/gcc-arm-8.3-2019.03-x86_64-arm-linux-gnueabihf/bin/../lib/gcc/arm-linux-gnueabihf/8.3.0/../../../../arm-linux-gnueabihf/bin/]
  ignore line: [LIBRARY_PATH=/home/thomas/rv1126/repo_new/prebuilts/gcc/linux-x86/arm/gcc-arm-8.3-2019.03-x86_64-arm-linux-gnueabihf/bin/../lib/gcc/arm-linux-gnueabihf/8.3.0/:/home/thomas/rv1126/repo_new/prebuilts/gcc/linux-x86/arm/gcc-arm-8.3-2019.03-x86_64-arm-linux-gnueabihf/bin/../lib/gcc/:/home/thomas/rv1126/repo_new/prebuilts/gcc/linux-x86/arm/gcc-arm-8.3-2019.03-x86_64-arm-linux-gnueabihf/bin/../lib/gcc/arm-linux-gnueabihf/8.3.0/../../../../arm-linux-gnueabihf/lib/:../../../../../../../../../../../thomas/rv1126/repo_new/buildroot/output/rockchip_rv1126_rv1109/host/arm-buildroot-linux-gnueabihf/sysroot/lib/:../../../../../../../../../../../thomas/rv1126/repo_new/buildroot/output/rockchip_rv1126_rv1109/host/arm-buildroot-linux-gnueabihf/sysroot/usr/lib/]
  ignore line: [COLLECT_GCC_OPTIONS='-mabi=aapcs-linux' '-mfpu=neon-vfpv4' '-marm' '-mfloat-abi=hard' '-mcpu=cortex-a7' '-v' '-c' '-o' 'CMakeFiles/cmTC_2db4e.dir/CMakeCXXCompilerABI.cpp.o' '-shared-libgcc' '-mtls-dialect=gnu' '-march=armv7ve+simd']
  ignore line: [Linking CXX executable cmTC_ca8e8]
  ignore line: [/home/ubt/.local/lib/python3.8/site-packages/cmake/data/bin/cmake -E cmake_link_script CMakeFiles/cmTC_ca8e8.dir/link.txt --verbose=1]
  ignore line: [/home/thomas/rv1126/repo_new/buildroot/output/rockchip_rv1126_rv1109/host/bin/arm-linux-gnueabihf-g++  -v CMakeFiles/cmTC_ca8e8.dir/CMakeCXXCompilerABI.cpp.o -o cmTC_ca8e8 ]
  ignore line: [Using built-in specs.]
  ignore line: [COLLECT_GCC=/home/thomas/rv1126/repo_new/buildroot/../prebuilts/gcc/linux-x86/arm/gcc-arm-8.3-2019.03-x86_64-arm-linux-gnueabihf/bin/arm-linux-gnueabihf-g++]
  ignore line: [COLLECT_LTO_WRAPPER=/home/thomas/rv1126/repo_new/prebuilts/gcc/linux-x86/arm/gcc-arm-8.3-2019.03-x86_64-arm-linux-gnueabihf/bin/../libexec/gcc/arm-linux-gnueabihf/8.3.0/lto-wrapper]
  ignore line: [Target: arm-linux-gnueabihf]
  ignore line: [Configured with: /tmp/dgboter/bbs/rhev-vm8--rhe6x86_64/buildbot/rhe6x86_64--arm-linux-gnueabihf/build/src/gcc/configure --target=arm-linux-gnueabihf --prefix= --with-sysroot=/arm-linux-gnueabihf/libc --with-build-sysroot=/tmp/dgboter/bbs/rhev-vm8--rhe6x86_64/buildbot/rhe6x86_64--arm-linux-gnueabihf/build/build-arm-linux-gnueabihf/install//arm-linux-gnueabihf/libc --with-bugurl=https://bugs.linaro.org/ --enable-gnu-indirect-function --enable-shared --disable-libssp --disable-libmudflap --enable-checking=release --enable-languages=c c++ fortran --with-gmp=/tmp/dgboter/bbs/rhev-vm8--rhe6x86_64/buildbot/rhe6x86_64--arm-linux-gnueabihf/build/build-arm-linux-gnueabihf/host-tools --with-mpfr=/tmp/dgboter/bbs/rhev-vm8--rhe6x86_64/buildbot/rhe6x86_64--arm-linux-gnueabihf/build/build-arm-linux-gnueabihf/host-tools --with-mpc=/tmp/dgboter/bbs/rhev-vm8--rhe6x86_64/buildbot/rhe6x86_64--arm-linux-gnueabihf/build/build-arm-linux-gnueabihf/host-tools --with-isl=/tmp/dgboter/bbs/rhev-vm8--rhe6x86_64/buildbot/rhe6x86_64--arm-linux-gnueabihf/build/build-arm-linux-gnueabihf/host-tools --with-arch=armv7-a --with-fpu=neon --with-float=hard --with-arch=armv7-a --with-pkgversion='GNU Toolchain for the A-profile Architecture 8.3-2019.03 (arm-rel-8.36)']
  ignore line: [Thread model: posix]
  ignore line: [gcc version 8.3.0 (GNU Toolchain for the A-profile Architecture 8.3-2019.03 (arm-rel-8.36)) ]
  ignore line: [COMPILER_PATH=/home/thomas/rv1126/repo_new/prebuilts/gcc/linux-x86/arm/gcc-arm-8.3-2019.03-x86_64-arm-linux-gnueabihf/bin/../libexec/gcc/arm-linux-gnueabihf/8.3.0/:/home/thomas/rv1126/repo_new/prebuilts/gcc/linux-x86/arm/gcc-arm-8.3-2019.03-x86_64-arm-linux-gnueabihf/bin/../libexec/gcc/:/home/thomas/rv1126/repo_new/prebuilts/gcc/linux-x86/arm/gcc-arm-8.3-2019.03-x86_64-arm-linux-gnueabihf/bin/../lib/gcc/arm-linux-gnueabihf/8.3.0/../../../../arm-linux-gnueabihf/bin/]
  ignore line: [LIBRARY_PATH=/home/thomas/rv1126/repo_new/prebuilts/gcc/linux-x86/arm/gcc-arm-8.3-2019.03-x86_64-arm-linux-gnueabihf/bin/../lib/gcc/arm-linux-gnueabihf/8.3.0/:/home/thomas/rv1126/repo_new/prebuilts/gcc/linux-x86/arm/gcc-arm-8.3-2019.03-x86_64-arm-linux-gnueabihf/bin/../lib/gcc/:/home/thomas/rv1126/repo_new/prebuilts/gcc/linux-x86/arm/gcc-arm-8.3-2019.03-x86_64-arm-linux-gnueabihf/bin/../lib/gcc/arm-linux-gnueabihf/8.3.0/../../../../arm-linux-gnueabihf/lib/:/home/thomas/rv1126/repo_new/buildroot/output/rockchip_rv1126_rv1109/host/arm-buildroot-linux-gnueabihf/sysroot/lib/:/home/thomas/rv1126/repo_new/buildroot/output/rockchip_rv1126_rv1109/host/arm-buildroot-linux-gnueabihf/sysroot/usr/lib/]
  ignore line: [COLLECT_GCC_OPTIONS='-mabi=aapcs-linux' '-mfpu=neon-vfpv4' '-marm' '-mfloat-abi=hard' '-mcpu=cortex-a7' '-v' '-o' 'cmTC_ca8e8' '-shared-libgcc' '-mtls-dialect=gnu' '-march=armv7ve+simd']
  link line: [ /home/thomas/rv1126/repo_new/prebuilts/gcc/linux-x86/arm/gcc-arm-8.3-2019.03-x86_64-arm-linux-gnueabihf/bin/../libexec/gcc/arm-linux-gnueabihf/8.3.0/collect2 -plugin /home/thomas/rv1126/repo_new/prebuilts/gcc/linux-x86/arm/gcc-arm-8.3-2019.03-x86_64-arm-linux-gnueabihf/bin/../libexec/gcc/arm-linux-gnueabihf/8.3.0/liblto_plugin.so -plugin-opt=/home/thomas/rv1126/repo_new/prebuilts/gcc/linux-x86/arm/gcc-arm-8.3-2019.03-x86_64-arm-linux-gnueabihf/bin/../libexec/gcc/arm-linux-gnueabihf/8.3.0/lto-wrapper -plugin-opt=-fresolution=/tmp/cceefROO.res -plugin-opt=-pass-through=-lgcc_s -plugin-opt=-pass-through=-lgcc -plugin-opt=-pass-through=-lc -plugin-opt=-pass-through=-lgcc_s -plugin-opt=-pass-through=-lgcc --sysroot=/home/thomas/rv1126/repo_new/buildroot/output/rockchip_rv1126_rv1109/host/arm-buildroot-linux-gnueabihf/sysroot --eh-frame-hdr -dynamic-linker /lib/ld-linux-armhf.so.3 -X -m armelf_linux_eabi -o cmTC_ca8e8 /home/thomas/rv1126/repo_new/buildroot/output/rockchip_rv1126_rv1109/host/arm-buildroot-linux-gnueabihf/sysroot/usr/lib/crt1.o /home/thomas/rv1126/repo_new/buildroot/output/rockchip_rv1126_rv1109/host/arm-buildroot-linux-gnueabihf/sysroot/usr/lib/crti.o /home/thomas/rv1126/repo_new/prebuilts/gcc/linux-x86/arm/gcc-arm-8.3-2019.03-x86_64-arm-linux-gnueabihf/bin/../lib/gcc/arm-linux-gnueabihf/8.3.0/crtbegin.o -L/home/thomas/rv1126/repo_new/prebuilts/gcc/linux-x86/arm/gcc-arm-8.3-2019.03-x86_64-arm-linux-gnueabihf/bin/../lib/gcc/arm-linux-gnueabihf/8.3.0 -L/home/thomas/rv1126/repo_new/prebuilts/gcc/linux-x86/arm/gcc-arm-8.3-2019.03-x86_64-arm-linux-gnueabihf/bin/../lib/gcc -L/home/thomas/rv1126/repo_new/prebuilts/gcc/linux-x86/arm/gcc-arm-8.3-2019.03-x86_64-arm-linux-gnueabihf/bin/../lib/gcc/arm-linux-gnueabihf/8.3.0/../../../../arm-linux-gnueabihf/lib -L/home/thomas/rv1126/repo_new/buildroot/output/rockchip_rv1126_rv1109/host/arm-buildroot-linux-gnueabihf/sysroot/lib -L/home/thomas/rv1126/repo_new/buildroot/output/rockchip_rv1126_rv1109/host/arm-buildroot-linux-gnueabihf/sysroot/usr/lib CMakeFiles/cmTC_ca8e8.dir/CMakeCXXCompilerABI.cpp.o -lstdc++ -lm -lgcc_s -lgcc -lc -lgcc_s -lgcc /home/thomas/rv1126/repo_new/prebuilts/gcc/linux-x86/arm/gcc-arm-8.3-2019.03-x86_64-arm-linux-gnueabihf/bin/../lib/gcc/arm-linux-gnueabihf/8.3.0/crtend.o /home/thomas/rv1126/repo_new/buildroot/output/rockchip_rv1126_rv1109/host/arm-buildroot-linux-gnueabihf/sysroot/usr/lib/crtn.o]
    arg [/home/thomas/rv1126/repo_new/prebuilts/gcc/linux-x86/arm/gcc-arm-8.3-2019.03-x86_64-arm-linux-gnueabihf/bin/../libexec/gcc/arm-linux-gnueabihf/8.3.0/collect2] ==> ignore
    arg [-plugin] ==> ignore
    arg [/home/thomas/rv1126/repo_new/prebuilts/gcc/linux-x86/arm/gcc-arm-8.3-2019.03-x86_64-arm-linux-gnueabihf/bin/../libexec/gcc/arm-linux-gnueabihf/8.3.0/liblto_plugin.so] ==> ignore
    arg [-plugin-opt=/home/thomas/rv1126/repo_new/prebuilts/gcc/linux-x86/arm/gcc-arm-8.3-2019.03-x86_64-arm-linux-gnueabihf/bin/../libexec/gcc/arm-linux-gnueabihf/8.3.0/lto-wrapper] ==> ignore
    arg [-plugin-opt=-fresolution=/tmp/cceefROO.res] ==> ignore
    arg [-plugin-opt=-pass-through=-lgcc_s] ==> ignore
    arg [-plugin-opt=-pass-through=-lgcc] ==> ignore
    arg [-plugin-opt=-pass-through=-lc] ==> ignore
    arg [-plugin-opt=-pass-through=-lgcc_s] ==> ignore
    arg [-plugin-opt=-pass-through=-lgcc] ==> ignore
    arg [--sysroot=/home/thomas/rv1126/repo_new/buildroot/output/rockchip_rv1126_rv1109/host/arm-buildroot-linux-gnueabihf/sysroot] ==> ignore
    arg [--eh-frame-hdr] ==> ignore
    arg [-dynamic-linker] ==> ignore
    arg [/lib/ld-linux-armhf.so.3] ==> ignore
    arg [-X] ==> ignore
    arg [-m] ==> ignore
    arg [armelf_linux_eabi] ==> ignore
    arg [-o] ==> ignore
    arg [cmTC_ca8e8] ==> ignore
    arg [/home/thomas/rv1126/repo_new/buildroot/output/rockchip_rv1126_rv1109/host/arm-buildroot-linux-gnueabihf/sysroot/usr/lib/crt1.o] ==> obj [/home/thomas/rv1126/repo_new/buildroot/output/rockchip_rv1126_rv1109/host/arm-buildroot-linux-gnueabihf/sysroot/usr/lib/crt1.o]
    arg [/home/thomas/rv1126/repo_new/buildroot/output/rockchip_rv1126_rv1109/host/arm-buildroot-linux-gnueabihf/sysroot/usr/lib/crti.o] ==> obj [/home/thomas/rv1126/repo_new/buildroot/output/rockchip_rv1126_rv1109/host/arm-buildroot-linux-gnueabihf/sysroot/usr/lib/crti.o]
    arg [/home/thomas/rv1126/repo_new/prebuilts/gcc/linux-x86/arm/gcc-arm-8.3-2019.03-x86_64-arm-linux-gnueabihf/bin/../lib/gcc/arm-linux-gnueabihf/8.3.0/crtbegin.o] ==> obj [/home/thomas/rv1126/repo_new/prebuilts/gcc/linux-x86/arm/gcc-arm-8.3-2019.03-x86_64-arm-linux-gnueabihf/bin/../lib/gcc/arm-linux-gnueabihf/8.3.0/crtbegin.o]
    arg [-L/home/thomas/rv1126/repo_new/prebuilts/gcc/linux-x86/arm/gcc-arm-8.3-2019.03-x86_64-arm-linux-gnueabihf/bin/../lib/gcc/arm-linux-gnueabihf/8.3.0] ==> dir [/home/thomas/rv1126/repo_new/prebuilts/gcc/linux-x86/arm/gcc-arm-8.3-2019.03-x86_64-arm-linux-gnueabihf/bin/../lib/gcc/arm-linux-gnueabihf/8.3.0]
    arg [-L/home/thomas/rv1126/repo_new/prebuilts/gcc/linux-x86/arm/gcc-arm-8.3-2019.03-x86_64-arm-linux-gnueabihf/bin/../lib/gcc] ==> dir [/home/thomas/rv1126/repo_new/prebuilts/gcc/linux-x86/arm/gcc-arm-8.3-2019.03-x86_64-arm-linux-gnueabihf/bin/../lib/gcc]
    arg [-L/home/thomas/rv1126/repo_new/prebuilts/gcc/linux-x86/arm/gcc-arm-8.3-2019.03-x86_64-arm-linux-gnueabihf/bin/../lib/gcc/arm-linux-gnueabihf/8.3.0/../../../../arm-linux-gnueabihf/lib] ==> dir [/home/thomas/rv1126/repo_new/prebuilts/gcc/linux-x86/arm/gcc-arm-8.3-2019.03-x86_64-arm-linux-gnueabihf/bin/../lib/gcc/arm-linux-gnueabihf/8.3.0/../../../../arm-linux-gnueabihf/lib]
    arg [-L/home/thomas/rv1126/repo_new/buildroot/output/rockchip_rv1126_rv1109/host/arm-buildroot-linux-gnueabihf/sysroot/lib] ==> dir [/home/thomas/rv1126/repo_new/buildroot/output/rockchip_rv1126_rv1109/host/arm-buildroot-linux-gnueabihf/sysroot/lib]
    arg [-L/home/thomas/rv1126/repo_new/buildroot/output/rockchip_rv1126_rv1109/host/arm-buildroot-linux-gnueabihf/sysroot/usr/lib] ==> dir [/home/thomas/rv1126/repo_new/buildroot/output/rockchip_rv1126_rv1109/host/arm-buildroot-linux-gnueabihf/sysroot/usr/lib]
    arg [CMakeFiles/cmTC_ca8e8.dir/CMakeCXXCompilerABI.cpp.o] ==> ignore
    arg [-lstdc++] ==> lib [stdc++]
    arg [-lm] ==> lib [m]
    arg [-lgcc_s] ==> lib [gcc_s]
    arg [-lgcc] ==> lib [gcc]
    arg [-lc] ==> lib [c]
    arg [-lgcc_s] ==> lib [gcc_s]
    arg [-lgcc] ==> lib [gcc]
    arg [/home/thomas/rv1126/repo_new/prebuilts/gcc/linux-x86/arm/gcc-arm-8.3-2019.03-x86_64-arm-linux-gnueabihf/bin/../lib/gcc/arm-linux-gnueabihf/8.3.0/crtend.o] ==> obj [/home/thomas/rv1126/repo_new/prebuilts/gcc/linux-x86/arm/gcc-arm-8.3-2019.03-x86_64-arm-linux-gnueabihf/bin/../lib/gcc/arm-linux-gnueabihf/8.3.0/crtend.o]
    arg [/home/thomas/rv1126/repo_new/buildroot/output/rockchip_rv1126_rv1109/host/arm-buildroot-linux-gnueabihf/sysroot/usr/lib/crtn.o] ==> obj [/home/thomas/rv1126/repo_new/buildroot/output/rockchip_rv1126_rv1109/host/arm-buildroot-linux-gnueabihf/sysroot/usr/lib/crtn.o]
  collapse obj [/home/thomas/rv1126/repo_new/prebuilts/gcc/linux-x86/arm/gcc-arm-8.3-2019.03-x86_64-arm-linux-gnueabihf/bin/../lib/gcc/arm-linux-gnueabihf/8.3.0/crtbegin.o] ==> [/home/thomas/rv1126/repo_new/prebuilts/gcc/linux-x86/arm/gcc-arm-8.3-2019.03-x86_64-arm-linux-gnueabihf/lib/gcc/arm-linux-gnueabihf/8.3.0/crtbegin.o]
  collapse obj [/home/thomas/rv1126/repo_new/prebuilts/gcc/linux-x86/arm/gcc-arm-8.3-2019.03-x86_64-arm-linux-gnueabihf/bin/../lib/gcc/arm-linux-gnueabihf/8.3.0/crtend.o] ==> [/home/thomas/rv1126/repo_new/prebuilts/gcc/linux-x86/arm/gcc-arm-8.3-2019.03-x86_64-arm-linux-gnueabihf/lib/gcc/arm-linux-gnueabihf/8.3.0/crtend.o]
  collapse library dir [/home/thomas/rv1126/repo_new/prebuilts/gcc/linux-x86/arm/gcc-arm-8.3-2019.03-x86_64-arm-linux-gnueabihf/bin/../lib/gcc/arm-linux-gnueabihf/8.3.0] ==> [/home/thomas/rv1126/repo_new/prebuilts/gcc/linux-x86/arm/gcc-arm-8.3-2019.03-x86_64-arm-linux-gnueabihf/lib/gcc/arm-linux-gnueabihf/8.3.0]
  collapse library dir [/home/thomas/rv1126/repo_new/prebuilts/gcc/linux-x86/arm/gcc-arm-8.3-2019.03-x86_64-arm-linux-gnueabihf/bin/../lib/gcc] ==> [/home/thomas/rv1126/repo_new/prebuilts/gcc/linux-x86/arm/gcc-arm-8.3-2019.03-x86_64-arm-linux-gnueabihf/lib/gcc]
  collapse library dir [/home/thomas/rv1126/repo_new/prebuilts/gcc/linux-x86/arm/gcc-arm-8.3-2019.03-x86_64-arm-linux-gnueabihf/bin/../lib/gcc/arm-linux-gnueabihf/8.3.0/../../../../arm-linux-gnueabihf/lib] ==> [/home/thomas/rv1126/repo_new/prebuilts/gcc/linux-x86/arm/gcc-arm-8.3-2019.03-x86_64-arm-linux-gnueabihf/arm-linux-gnueabihf/lib]
  collapse library dir [/home/thomas/rv1126/repo_new/buildroot/output/rockchip_rv1126_rv1109/host/arm-buildroot-linux-gnueabihf/sysroot/lib] ==> [/home/thomas/rv1126/repo_new/buildroot/output/rockchip_rv1126_rv1109/host/arm-buildroot-linux-gnueabihf/sysroot/lib]
  collapse library dir [/home/thomas/rv1126/repo_new/buildroot/output/rockchip_rv1126_rv1109/host/arm-buildroot-linux-gnueabihf/sysroot/usr/lib] ==> [/home/thomas/rv1126/repo_new/buildroot/output/rockchip_rv1126_rv1109/host/arm-buildroot-linux-gnueabihf/sysroot/usr/lib]
  implicit libs: [stdc++;m;gcc_s;gcc;c;gcc_s;gcc]
  implicit objs: [/home/thomas/rv1126/repo_new/buildroot/output/rockchip_rv1126_rv1109/host/arm-buildroot-linux-gnueabihf/sysroot/usr/lib/crt1.o;/home/thomas/rv1126/repo_new/buildroot/output/rockchip_rv1126_rv1109/host/arm-buildroot-linux-gnueabihf/sysroot/usr/lib/crti.o;/home/thomas/rv1126/repo_new/prebuilts/gcc/linux-x86/arm/gcc-arm-8.3-2019.03-x86_64-arm-linux-gnueabihf/lib/gcc/arm-linux-gnueabihf/8.3.0/crtbegin.o;/home/thomas/rv1126/repo_new/prebuilts/gcc/linux-x86/arm/gcc-arm-8.3-2019.03-x86_64-arm-linux-gnueabihf/lib/gcc/arm-linux-gnueabihf/8.3.0/crtend.o;/home/thomas/rv1126/repo_new/buildroot/output/rockchip_rv1126_rv1109/host/arm-buildroot-linux-gnueabihf/sysroot/usr/lib/crtn.o]
  implicit dirs: [/home/thomas/rv1126/repo_new/prebuilts/gcc/linux-x86/arm/gcc-arm-8.3-2019.03-x86_64-arm-linux-gnueabihf/lib/gcc/arm-linux-gnueabihf/8.3.0;/home/thomas/rv1126/repo_new/prebuilts/gcc/linux-x86/arm/gcc-arm-8.3-2019.03-x86_64-arm-linux-gnueabihf/lib/gcc;/home/thomas/rv1126/repo_new/prebuilts/gcc/linux-x86/arm/gcc-arm-8.3-2019.03-x86_64-arm-linux-gnueabihf/arm-linux-gnueabihf/lib;/home/thomas/rv1126/repo_new/buildroot/output/rockchip_rv1126_rv1109/host/arm-buildroot-linux-gnueabihf/sysroot/lib;/home/thomas/rv1126/repo_new/buildroot/output/rockchip_rv1126_rv1109/host/arm-buildroot-linux-gnueabihf/sysroot/usr/lib]
  implicit fwks: []


