The system is: Darwin - 17.4.0 - x86_64
Compiling the C compiler identification source file "CMakeCCompilerId.c" succeeded.
Compiler:  
Build flags: 
Id flags:  

The output was:
0
=== BUILD TARGET CompilerIdC OF PROJECT CompilerIdC WITH THE DEFAULT CONFIGURATION (Debug) ===

Check dependencies

Write auxiliary files
write-file /Users/kcl/Documents/Cpp_Projects/cpp_notes/exp5-xcode/build/CMakeFiles/3.22.1/CompilerIdC/CompilerIdC.build/Debug/CompilerIdC.build/CompilerIdC-all-non-framework-target-headers.hmap
write-file /Users/kcl/Documents/Cpp_Projects/cpp_notes/exp5-xcode/build/CMakeFiles/3.22.1/CompilerIdC/CompilerIdC.build/Debug/CompilerIdC.build/CompilerIdC-own-target-headers.hmap
write-file /Users/kcl/Documents/Cpp_Projects/cpp_notes/exp5-xcode/build/CMakeFiles/3.22.1/CompilerIdC/CompilerIdC.build/Debug/CompilerIdC.build/CompilerIdC-generated-files.hmap
/bin/mkdir -p /Users/kcl/Documents/Cpp_Projects/cpp_notes/exp5-xcode/build/CMakeFiles/3.22.1/CompilerIdC/CompilerIdC.build/Debug/CompilerIdC.build/Objects-normal/x86_64
write-file /Users/kcl/Documents/Cpp_Projects/cpp_notes/exp5-xcode/build/CMakeFiles/3.22.1/CompilerIdC/CompilerIdC.build/Debug/CompilerIdC.build/Objects-normal/x86_64/CompilerIdC.LinkFileList
write-file /Users/kcl/Documents/Cpp_Projects/cpp_notes/exp5-xcode/build/CMakeFiles/3.22.1/CompilerIdC/CompilerIdC.build/Debug/CompilerIdC.build/Script-2C8FEB8E15DC1A1A00E56A5D.sh
chmod 0755 /Users/kcl/Documents/Cpp_Projects/cpp_notes/exp5-xcode/build/CMakeFiles/3.22.1/CompilerIdC/CompilerIdC.build/Debug/CompilerIdC.build/Script-2C8FEB8E15DC1A1A00E56A5D.sh
write-file /Users/kcl/Documents/Cpp_Projects/cpp_notes/exp5-xcode/build/CMakeFiles/3.22.1/CompilerIdC/CompilerIdC.build/Debug/CompilerIdC.build/CompilerIdC.hmap
write-file /Users/kcl/Documents/Cpp_Projects/cpp_notes/exp5-xcode/build/CMakeFiles/3.22.1/CompilerIdC/CompilerIdC.build/Debug/CompilerIdC.build/CompilerIdC-all-target-headers.hmap
write-file /Users/kcl/Documents/Cpp_Projects/cpp_notes/exp5-xcode/build/CMakeFiles/3.22.1/CompilerIdC/CompilerIdC.build/Debug/CompilerIdC.build/CompilerIdC-project-headers.hmap

CompileC CompilerIdC.build/Debug/CompilerIdC.build/Objects-normal/x86_64/CMakeCCompilerId.o CMakeCCompilerId.c normal x86_64 c com.apple.compilers.llvm.clang.1_0.compiler
    cd /Users/kcl/Documents/Cpp_Projects/cpp_notes/exp5-xcode/build/CMakeFiles/3.22.1/CompilerIdC
    export LANG=en_US.US-ASCII
    /Applications/Xcode.app/Contents/Developer/Toolchains/XcodeDefault.xctoolchain/usr/bin/clang -x c -arch x86_64 -fmessage-length=0 -fdiagnostics-show-note-include-stack -fmacro-backtrace-limit=0 -Wno-trigraphs -fpascal-strings -Os -Wno-missing-field-initializers -Wno-missing-prototypes -Wno-return-type -Wno-missing-braces -Wparentheses -Wswitch -Wno-unused-function -Wno-unused-label -Wno-unused-parameter -Wno-unused-variable -Wunused-value -Wno-empty-body -Wno-uninitialized -Wno-unknown-pragmas -Wno-shadow -Wno-four-char-constants -Wno-conversion -Wno-constant-conversion -Wno-int-conversion -Wno-bool-conversion -Wno-enum-conversion -Wno-float-conversion -Wno-non-literal-null-conversion -Wno-objc-literal-conversion -Wno-shorten-64-to-32 -Wpointer-sign -Wno-newline-eof -isysroot /Applications/Xcode.app/Contents/Developer/Platforms/MacOSX.platform/Developer/SDKs/MacOSX10.13.sdk -fasm-blocks -fstrict-aliasing -Wdeprecated-declarations -mmacosx-version-min=10.13 -g -fvisibility=hidden -Wno-sign-conversion -Wno-infinite-recursion -Wno-comma -Wno-block-capture-autoreleasing -Wno-strict-prototypes -I/Users/kcl/Documents/Cpp_Projects/cpp_notes/exp5-xcode/build/CMakeFiles/3.22.1/CompilerIdC/CompilerIdC.build/Debug/CompilerIdC.build/CompilerIdC.hmap -I/Users/kcl/Documents/Cpp_Projects/cpp_notes/exp5-xcode/build/CMakeFiles/3.22.1/CompilerIdC/include -I/Users/kcl/Documents/Cpp_Projects/cpp_notes/exp5-xcode/build/CMakeFiles/3.22.1/CompilerIdC/CompilerIdC.build/Debug/CompilerIdC.build/DerivedSources/x86_64 -I/Users/kcl/Documents/Cpp_Projects/cpp_notes/exp5-xcode/build/CMakeFiles/3.22.1/CompilerIdC/CompilerIdC.build/Debug/CompilerIdC.build/DerivedSources -F/Users/kcl/Documents/Cpp_Projects/cpp_notes/exp5-xcode/build/CMakeFiles/3.22.1/CompilerIdC -MMD -MT dependencies -MF /Users/kcl/Documents/Cpp_Projects/cpp_notes/exp5-xcode/build/CMakeFiles/3.22.1/CompilerIdC/CompilerIdC.build/Debug/CompilerIdC.build/Objects-normal/x86_64/CMakeCCompilerId.d --serialize-diagnostics /Users/kcl/Documents/Cpp_Projects/cpp_notes/exp5-xcode/build/CMakeFiles/3.22.1/CompilerIdC/CompilerIdC.build/Debug/CompilerIdC.build/Objects-normal/x86_64/CMakeCCompilerId.dia -c /Users/kcl/Documents/Cpp_Projects/cpp_notes/exp5-xcode/build/CMakeFiles/3.22.1/CompilerIdC/CMakeCCompilerId.c -o /Users/kcl/Documents/Cpp_Projects/cpp_notes/exp5-xcode/build/CMakeFiles/3.22.1/CompilerIdC/CompilerIdC.build/Debug/CompilerIdC.build/Objects-normal/x86_64/CMakeCCompilerId.o

Ld CompilerIdC normal x86_64
    cd /Users/kcl/Documents/Cpp_Projects/cpp_notes/exp5-xcode/build/CMakeFiles/3.22.1/CompilerIdC
    export MACOSX_DEPLOYMENT_TARGET=10.13
    /Applications/Xcode.app/Contents/Developer/Toolchains/XcodeDefault.xctoolchain/usr/bin/clang -arch x86_64 -isysroot /Applications/Xcode.app/Contents/Developer/Platforms/MacOSX.platform/Developer/SDKs/MacOSX10.13.sdk -L/Users/kcl/Documents/Cpp_Projects/cpp_notes/exp5-xcode/build/CMakeFiles/3.22.1/CompilerIdC -F/Users/kcl/Documents/Cpp_Projects/cpp_notes/exp5-xcode/build/CMakeFiles/3.22.1/CompilerIdC -filelist /Users/kcl/Documents/Cpp_Projects/cpp_notes/exp5-xcode/build/CMakeFiles/3.22.1/CompilerIdC/CompilerIdC.build/Debug/CompilerIdC.build/Objects-normal/x86_64/CompilerIdC.LinkFileList -mmacosx-version-min=10.13 -Xlinker -object_path_lto -Xlinker /Users/kcl/Documents/Cpp_Projects/cpp_notes/exp5-xcode/build/CMakeFiles/3.22.1/CompilerIdC/CompilerIdC.build/Debug/CompilerIdC.build/Objects-normal/x86_64/CompilerIdC_lto.o -Xlinker -dependency_info -Xlinker /Users/kcl/Documents/Cpp_Projects/cpp_notes/exp5-xcode/build/CMakeFiles/3.22.1/CompilerIdC/CompilerIdC.build/Debug/CompilerIdC.build/Objects-normal/x86_64/CompilerIdC_dependency_info.dat -o /Users/kcl/Documents/Cpp_Projects/cpp_notes/exp5-xcode/build/CMakeFiles/3.22.1/CompilerIdC/CompilerIdC

PhaseScriptExecution Run\ Script CompilerIdC.build/Debug/CompilerIdC.build/Script-2C8FEB8E15DC1A1A00E56A5D.sh
    cd /Users/kcl/Documents/Cpp_Projects/cpp_notes/exp5-xcode/build/CMakeFiles/3.22.1/CompilerIdC
    /bin/sh -c /Users/kcl/Documents/Cpp_Projects/cpp_notes/exp5-xcode/build/CMakeFiles/3.22.1/CompilerIdC/CompilerIdC.build/Debug/CompilerIdC.build/Script-2C8FEB8E15DC1A1A00E56A5D.sh
GCC_VERSION=com.apple.compilers.llvm.clang.1_0
ARCHS=x86_64

** BUILD SUCCEEDED **



Compilation of the C compiler identification source "CMakeCCompilerId.c" produced "CompilerIdC"

The C compiler identification is AppleClang, found in "/Users/kcl/Documents/Cpp_Projects/cpp_notes/exp5-xcode/build/CMakeFiles/3.22.1/CompilerIdC/CompilerIdC"

Compiling the CXX compiler identification source file "CMakeCXXCompilerId.cpp" succeeded.
Compiler:  
Build flags: 
Id flags:  

The output was:
0
=== BUILD TARGET CompilerIdCXX OF PROJECT CompilerIdCXX WITH THE DEFAULT CONFIGURATION (Debug) ===

Check dependencies

Write auxiliary files
write-file /Users/kcl/Documents/Cpp_Projects/cpp_notes/exp5-xcode/build/CMakeFiles/3.22.1/CompilerIdCXX/CompilerIdCXX.build/Debug/CompilerIdCXX.build/Script-2C8FEB8E15DC1A1A00E56A5D.sh
chmod 0755 /Users/kcl/Documents/Cpp_Projects/cpp_notes/exp5-xcode/build/CMakeFiles/3.22.1/CompilerIdCXX/CompilerIdCXX.build/Debug/CompilerIdCXX.build/Script-2C8FEB8E15DC1A1A00E56A5D.sh
write-file /Users/kcl/Documents/Cpp_Projects/cpp_notes/exp5-xcode/build/CMakeFiles/3.22.1/CompilerIdCXX/CompilerIdCXX.build/Debug/CompilerIdCXX.build/CompilerIdCXX-generated-files.hmap
write-file /Users/kcl/Documents/Cpp_Projects/cpp_notes/exp5-xcode/build/CMakeFiles/3.22.1/CompilerIdCXX/CompilerIdCXX.build/Debug/CompilerIdCXX.build/CompilerIdCXX-all-target-headers.hmap
write-file /Users/kcl/Documents/Cpp_Projects/cpp_notes/exp5-xcode/build/CMakeFiles/3.22.1/CompilerIdCXX/CompilerIdCXX.build/Debug/CompilerIdCXX.build/CompilerIdCXX.hmap
write-file /Users/kcl/Documents/Cpp_Projects/cpp_notes/exp5-xcode/build/CMakeFiles/3.22.1/CompilerIdCXX/CompilerIdCXX.build/Debug/CompilerIdCXX.build/CompilerIdCXX-project-headers.hmap
write-file /Users/kcl/Documents/Cpp_Projects/cpp_notes/exp5-xcode/build/CMakeFiles/3.22.1/CompilerIdCXX/CompilerIdCXX.build/Debug/CompilerIdCXX.build/CompilerIdCXX-all-non-framework-target-headers.hmap
/bin/mkdir -p /Users/kcl/Documents/Cpp_Projects/cpp_notes/exp5-xcode/build/CMakeFiles/3.22.1/CompilerIdCXX/CompilerIdCXX.build/Debug/CompilerIdCXX.build/Objects-normal/x86_64
write-file /Users/kcl/Documents/Cpp_Projects/cpp_notes/exp5-xcode/build/CMakeFiles/3.22.1/CompilerIdCXX/CompilerIdCXX.build/Debug/CompilerIdCXX.build/Objects-normal/x86_64/CompilerIdCXX.LinkFileList
write-file /Users/kcl/Documents/Cpp_Projects/cpp_notes/exp5-xcode/build/CMakeFiles/3.22.1/CompilerIdCXX/CompilerIdCXX.build/Debug/CompilerIdCXX.build/CompilerIdCXX-own-target-headers.hmap

CompileC CompilerIdCXX.build/Debug/CompilerIdCXX.build/Objects-normal/x86_64/CMakeCXXCompilerId.o CMakeCXXCompilerId.cpp normal x86_64 c++ com.apple.compilers.llvm.clang.1_0.compiler
    cd /Users/kcl/Documents/Cpp_Projects/cpp_notes/exp5-xcode/build/CMakeFiles/3.22.1/CompilerIdCXX
    export LANG=en_US.US-ASCII
    /Applications/Xcode.app/Contents/Developer/Toolchains/XcodeDefault.xctoolchain/usr/bin/clang -x c++ -arch x86_64 -fmessage-length=0 -fdiagnostics-show-note-include-stack -fmacro-backtrace-limit=0 -Wno-trigraphs -fpascal-strings -Os -Wno-missing-field-initializers -Wno-missing-prototypes -Wno-return-type -Wno-non-virtual-dtor -Wno-overloaded-virtual -Wno-exit-time-destructors -Wno-missing-braces -Wparentheses -Wswitch -Wno-unused-function -Wno-unused-label -Wno-unused-parameter -Wno-unused-variable -Wunused-value -Wno-empty-body -Wno-uninitialized -Wno-unknown-pragmas -Wno-shadow -Wno-four-char-constants -Wno-conversion -Wno-constant-conversion -Wno-int-conversion -Wno-bool-conversion -Wno-enum-conversion -Wno-float-conversion -Wno-non-literal-null-conversion -Wno-objc-literal-conversion -Wno-shorten-64-to-32 -Wno-newline-eof -Wno-c++11-extensions -isysroot /Applications/Xcode.app/Contents/Developer/Platforms/MacOSX.platform/Developer/SDKs/MacOSX10.13.sdk -fasm-blocks -fstrict-aliasing -Wdeprecated-declarations -Winvalid-offsetof -mmacosx-version-min=10.13 -g -fvisibility=hidden -fvisibility-inlines-hidden -Wno-sign-conversion -Wno-infinite-recursion -Wno-move -Wno-comma -Wno-block-capture-autoreleasing -Wno-strict-prototypes -Wno-range-loop-analysis -I/Users/kcl/Documents/Cpp_Projects/cpp_notes/exp5-xcode/build/CMakeFiles/3.22.1/CompilerIdCXX/CompilerIdCXX.build/Debug/CompilerIdCXX.build/CompilerIdCXX.hmap -I/Users/kcl/Documents/Cpp_Projects/cpp_notes/exp5-xcode/build/CMakeFiles/3.22.1/CompilerIdCXX/include -I/Users/kcl/Documents/Cpp_Projects/cpp_notes/exp5-xcode/build/CMakeFiles/3.22.1/CompilerIdCXX/CompilerIdCXX.build/Debug/CompilerIdCXX.build/DerivedSources/x86_64 -I/Users/kcl/Documents/Cpp_Projects/cpp_notes/exp5-xcode/build/CMakeFiles/3.22.1/CompilerIdCXX/CompilerIdCXX.build/Debug/CompilerIdCXX.build/DerivedSources -F/Users/kcl/Documents/Cpp_Projects/cpp_notes/exp5-xcode/build/CMakeFiles/3.22.1/CompilerIdCXX -MMD -MT dependencies -MF /Users/kcl/Documents/Cpp_Projects/cpp_notes/exp5-xcode/build/CMakeFiles/3.22.1/CompilerIdCXX/CompilerIdCXX.build/Debug/CompilerIdCXX.build/Objects-normal/x86_64/CMakeCXXCompilerId.d --serialize-diagnostics /Users/kcl/Documents/Cpp_Projects/cpp_notes/exp5-xcode/build/CMakeFiles/3.22.1/CompilerIdCXX/CompilerIdCXX.build/Debug/CompilerIdCXX.build/Objects-normal/x86_64/CMakeCXXCompilerId.dia -c /Users/kcl/Documents/Cpp_Projects/cpp_notes/exp5-xcode/build/CMakeFiles/3.22.1/CompilerIdCXX/CMakeCXXCompilerId.cpp -o /Users/kcl/Documents/Cpp_Projects/cpp_notes/exp5-xcode/build/CMakeFiles/3.22.1/CompilerIdCXX/CompilerIdCXX.build/Debug/CompilerIdCXX.build/Objects-normal/x86_64/CMakeCXXCompilerId.o

Ld CompilerIdCXX normal x86_64
    cd /Users/kcl/Documents/Cpp_Projects/cpp_notes/exp5-xcode/build/CMakeFiles/3.22.1/CompilerIdCXX
    export MACOSX_DEPLOYMENT_TARGET=10.13
    /Applications/Xcode.app/Contents/Developer/Toolchains/XcodeDefault.xctoolchain/usr/bin/clang++ -arch x86_64 -isysroot /Applications/Xcode.app/Contents/Developer/Platforms/MacOSX.platform/Developer/SDKs/MacOSX10.13.sdk -L/Users/kcl/Documents/Cpp_Projects/cpp_notes/exp5-xcode/build/CMakeFiles/3.22.1/CompilerIdCXX -F/Users/kcl/Documents/Cpp_Projects/cpp_notes/exp5-xcode/build/CMakeFiles/3.22.1/CompilerIdCXX -filelist /Users/kcl/Documents/Cpp_Projects/cpp_notes/exp5-xcode/build/CMakeFiles/3.22.1/CompilerIdCXX/CompilerIdCXX.build/Debug/CompilerIdCXX.build/Objects-normal/x86_64/CompilerIdCXX.LinkFileList -mmacosx-version-min=10.13 -Xlinker -object_path_lto -Xlinker /Users/kcl/Documents/Cpp_Projects/cpp_notes/exp5-xcode/build/CMakeFiles/3.22.1/CompilerIdCXX/CompilerIdCXX.build/Debug/CompilerIdCXX.build/Objects-normal/x86_64/CompilerIdCXX_lto.o -Xlinker -dependency_info -Xlinker /Users/kcl/Documents/Cpp_Projects/cpp_notes/exp5-xcode/build/CMakeFiles/3.22.1/CompilerIdCXX/CompilerIdCXX.build/Debug/CompilerIdCXX.build/Objects-normal/x86_64/CompilerIdCXX_dependency_info.dat -o /Users/kcl/Documents/Cpp_Projects/cpp_notes/exp5-xcode/build/CMakeFiles/3.22.1/CompilerIdCXX/CompilerIdCXX

PhaseScriptExecution Run\ Script CompilerIdCXX.build/Debug/CompilerIdCXX.build/Script-2C8FEB8E15DC1A1A00E56A5D.sh
    cd /Users/kcl/Documents/Cpp_Projects/cpp_notes/exp5-xcode/build/CMakeFiles/3.22.1/CompilerIdCXX
    /bin/sh -c /Users/kcl/Documents/Cpp_Projects/cpp_notes/exp5-xcode/build/CMakeFiles/3.22.1/CompilerIdCXX/CompilerIdCXX.build/Debug/CompilerIdCXX.build/Script-2C8FEB8E15DC1A1A00E56A5D.sh
GCC_VERSION=com.apple.compilers.llvm.clang.1_0
ARCHS=x86_64

** BUILD SUCCEEDED **



Compilation of the CXX compiler identification source "CMakeCXXCompilerId.cpp" produced "CompilerIdCXX"

The CXX compiler identification is AppleClang, found in "/Users/kcl/Documents/Cpp_Projects/cpp_notes/exp5-xcode/build/CMakeFiles/3.22.1/CompilerIdCXX/CompilerIdCXX"

Detecting C compiler ABI info compiled with the following output:
Change Dir: /Users/kcl/Documents/Cpp_Projects/cpp_notes/exp5-xcode/build/CMakeFiles/CMakeTmp

Run Build Command(s):/usr/bin/xcodebuild -project CMAKE_TRY_COMPILE.xcodeproj build -target cmTC_5a3bc -configuration Debug -hideShellScriptEnvironment && User defaults from command line:
    HideShellScriptEnvironment = YES

=== BUILD TARGET cmTC_5a3bc OF PROJECT CMAKE_TRY_COMPILE WITH CONFIGURATION Debug ===

Check dependencies

Write auxiliary files
/bin/mkdir -p /Users/kcl/Documents/Cpp_Projects/cpp_notes/exp5-xcode/build/CMakeFiles/CMakeTmp/CMAKE_TRY_COMPILE.build/Debug/cmTC_5a3bc.build/Objects-normal/x86_64
write-file /Users/kcl/Documents/Cpp_Projects/cpp_notes/exp5-xcode/build/CMakeFiles/CMakeTmp/CMAKE_TRY_COMPILE.build/Debug/cmTC_5a3bc.build/Objects-normal/x86_64/cmTC_5a3bc.LinkFileList

CompileC CMAKE_TRY_COMPILE.build/Debug/cmTC_5a3bc.build/Objects-normal/x86_64/CMakeCCompilerABI.o /usr/local/Cellar/cmake/3.22.1/share/cmake/Modules/CMakeCCompilerABI.c normal x86_64 c com.apple.compilers.llvm.clang.1_0.compiler
    cd /Users/kcl/Documents/Cpp_Projects/cpp_notes/exp5-xcode/build/CMakeFiles/CMakeTmp
    /Applications/Xcode.app/Contents/Developer/Toolchains/XcodeDefault.xctoolchain/usr/bin/clang -x c -arch x86_64 -fmessage-length=0 -fdiagnostics-show-note-include-stack -fmacro-backtrace-limit=0 -Wno-trigraphs -fpascal-strings -O0 -Wno-missing-field-initializers -Wno-missing-prototypes -Wno-return-type -Wno-missing-braces -Wparentheses -Wswitch -Wno-unused-function -Wno-unused-label -Wno-unused-parameter -Wno-unused-variable -Wunused-value -Wno-empty-body -Wno-uninitialized -Wno-unknown-pragmas -Wno-shadow -Wno-four-char-constants -Wno-conversion -Wno-constant-conversion -Wno-int-conversion -Wno-bool-conversion -Wno-enum-conversion -Wno-float-conversion -Wno-non-literal-null-conversion -Wno-objc-literal-conversion -Wno-shorten-64-to-32 -Wpointer-sign -Wno-newline-eof -DCMAKE_INTDIR=\"Debug\" -isysroot /Applications/Xcode.app/Contents/Developer/Platforms/MacOSX.platform/Developer/SDKs/MacOSX10.13.sdk -fasm-blocks -fstrict-aliasing -Wdeprecated-declarations -mmacosx-version-min=10.13 -g -Wno-sign-conversion -Wno-infinite-recursion -Wno-comma -Wno-block-capture-autoreleasing -Wno-strict-prototypes -I/Users/kcl/Documents/Cpp_Projects/cpp_notes/exp5-xcode/build/CMakeFiles/CMakeTmp/Debug/include -I/Users/kcl/Documents/Cpp_Projects/cpp_notes/exp5-xcode/build/CMakeFiles/CMakeTmp/CMAKE_TRY_COMPILE.build/Debug/cmTC_5a3bc.build/DerivedSources/x86_64 -I/Users/kcl/Documents/Cpp_Projects/cpp_notes/exp5-xcode/build/CMakeFiles/CMakeTmp/CMAKE_TRY_COMPILE.build/Debug/cmTC_5a3bc.build/DerivedSources -F/Users/kcl/Documents/Cpp_Projects/cpp_notes/exp5-xcode/build/CMakeFiles/CMakeTmp/Debug -v -Wl,-v -MMD -MT dependencies -MF /Users/kcl/Documents/Cpp_Projects/cpp_notes/exp5-xcode/build/CMakeFiles/CMakeTmp/CMAKE_TRY_COMPILE.build/Debug/cmTC_5a3bc.build/Objects-normal/x86_64/CMakeCCompilerABI.d --serialize-diagnostics /Users/kcl/Documents/Cpp_Projects/cpp_notes/exp5-xcode/build/CMakeFiles/CMakeTmp/CMAKE_TRY_COMPILE.build/Debug/cmTC_5a3bc.build/Objects-normal/x86_64/CMakeCCompilerABI.dia -c /usr/local/Cellar/cmake/3.22.1/share/cmake/Modules/CMakeCCompilerABI.c -o /Users/kcl/Documents/Cpp_Projects/cpp_notes/exp5-xcode/build/CMakeFiles/CMakeTmp/CMAKE_TRY_COMPILE.build/Debug/cmTC_5a3bc.build/Objects-normal/x86_64/CMakeCCompilerABI.o
Apple LLVM version 9.0.0 (clang-900.0.39.2)
Target: x86_64-apple-darwin17.4.0
Thread model: posix
InstalledDir: /Applications/Xcode.app/Contents/Developer/Toolchains/XcodeDefault.xctoolchain/usr/bin
clang: warning: -Wl,-v: 'linker' input unused [-Wunused-command-line-argument]
 "/Applications/Xcode.app/Contents/Developer/Toolchains/XcodeDefault.xctoolchain/usr/bin/clang" -cc1 -triple x86_64-apple-macosx10.13.0 -Wdeprecated-objc-isa-usage -Werror=deprecated-objc-isa-usage -emit-obj -mrelax-all -disable-free -disable-llvm-verifier -discard-value-names -main-file-name CMakeCCompilerABI.c -mrelocation-model pic -pic-level 2 -mthread-model posix -mdisable-fp-elim -fno-strict-return -masm-verbose -munwind-tables -target-cpu penryn -target-linker-version 305 -v -dwarf-column-info -debug-info-kind=standalone -dwarf-version=4 -debugger-tuning=lldb -coverage-notes-file /Users/kcl/Documents/Cpp_Projects/cpp_notes/exp5-xcode/build/CMakeFiles/CMakeTmp/CMAKE_TRY_COMPILE.build/Debug/cmTC_5a3bc.build/Objects-normal/x86_64/CMakeCCompilerABI.gcno -resource-dir /Applications/Xcode.app/Contents/Developer/Toolchains/XcodeDefault.xctoolchain/usr/lib/clang/9.0.0 -dependency-file /Users/kcl/Documents/Cpp_Projects/cpp_notes/exp5-xcode/build/CMakeFiles/CMakeTmp/CMAKE_TRY_COMPILE.build/Debug/cmTC_5a3bc.build/Objects-normal/x86_64/CMakeCCompilerABI.d -MT dependencies -isysroot /Applications/Xcode.app/Contents/Developer/Platforms/MacOSX.platform/Developer/SDKs/MacOSX10.13.sdk -D "CMAKE_INTDIR=\"Debug\"" -I /Users/kcl/Documents/Cpp_Projects/cpp_notes/exp5-xcode/build/CMakeFiles/CMakeTmp/Debug/include -I /Users/kcl/Documents/Cpp_Projects/cpp_notes/exp5-xcode/build/CMakeFiles/CMakeTmp/CMAKE_TRY_COMPILE.build/Debug/cmTC_5a3bc.build/DerivedSources/x86_64 -I /Users/kcl/Documents/Cpp_Projects/cpp_notes/exp5-xcode/build/CMakeFiles/CMakeTmp/CMAKE_TRY_COMPILE.build/Debug/cmTC_5a3bc.build/DerivedSources -F/Users/kcl/Documents/Cpp_Projects/cpp_notes/exp5-xcode/build/CMakeFiles/CMakeTmp/Debug -O0 -Wno-trigraphs -Wno-missing-field-initializers -Wno-missing-prototypes -Wno-return-type -Wno-missing-braces -Wparentheses -Wswitch -Wno-unused-function -Wno-unused-label -Wno-unused-parameter -Wno-unused-variable -Wunused-value -Wno-empty-body -Wno-uninitialized -Wno-unknown-pragmas -Wno-shadow -Wno-four-char-constants -Wno-conversion -Wno-constant-conversion -Wno-int-conversion -Wno-bool-conversion -Wno-enum-conversion -Wno-float-conversion -Wno-non-literal-null-conversion -Wno-objc-literal-conversion -Wno-shorten-64-to-32 -Wpointer-sign -Wno-newline-eof -Wdeprecated-declarations -Wno-sign-conversion -Wno-infinite-recursion -Wno-comma -Wno-block-capture-autoreleasing -Wno-strict-prototypes -fdebug-compilation-dir /Users/kcl/Documents/Cpp_Projects/cpp_notes/exp5-xcode/build/CMakeFiles/CMakeTmp -ferror-limit 19 -fmacro-backtrace-limit 0 -fmessage-length 0 -stack-protector 1 -fblocks -fobjc-runtime=macosx-10.13.0 -fencode-extended-block-signature -fpascal-strings -fmax-type-align=16 -fdiagnostics-show-option -fdiagnostics-show-note-include-stack -fasm-blocks -serialize-diagnostic-file /Users/kcl/Documents/Cpp_Projects/cpp_notes/exp5-xcode/build/CMakeFiles/CMakeTmp/CMAKE_TRY_COMPILE.build/Debug/cmTC_5a3bc.build/Objects-normal/x86_64/CMakeCCompilerABI.dia -o /Users/kcl/Documents/Cpp_Projects/cpp_notes/exp5-xcode/build/CMakeFiles/CMakeTmp/CMAKE_TRY_COMPILE.build/Debug/cmTC_5a3bc.build/Objects-normal/x86_64/CMakeCCompilerABI.o -x c /usr/local/Cellar/cmake/3.22.1/share/cmake/Modules/CMakeCCompilerABI.c
clang -cc1 version 9.0.0 (clang-900.0.39.2) default target x86_64-apple-darwin17.4.0
ignoring nonexistent directory "/Users/kcl/Documents/Cpp_Projects/cpp_notes/exp5-xcode/build/CMakeFiles/CMakeTmp/Debug/include"
ignoring nonexistent directory "/Users/kcl/Documents/Cpp_Projects/cpp_notes/exp5-xcode/build/CMakeFiles/CMakeTmp/CMAKE_TRY_COMPILE.build/Debug/cmTC_5a3bc.build/DerivedSources/x86_64"
ignoring nonexistent directory "/Users/kcl/Documents/Cpp_Projects/cpp_notes/exp5-xcode/build/CMakeFiles/CMakeTmp/CMAKE_TRY_COMPILE.build/Debug/cmTC_5a3bc.build/DerivedSources"
ignoring nonexistent directory "/Users/kcl/Documents/Cpp_Projects/cpp_notes/exp5-xcode/build/CMakeFiles/CMakeTmp/Debug"
ignoring nonexistent directory "/Applications/Xcode.app/Contents/Developer/Platforms/MacOSX.platform/Developer/SDKs/MacOSX10.13.sdk/usr/local/include"
ignoring nonexistent directory "/Applications/Xcode.app/Contents/Developer/Platforms/MacOSX.platform/Developer/SDKs/MacOSX10.13.sdk/Library/Frameworks"
#include "..." search starts here:
#include <...> search starts here:
 /Applications/Xcode.app/Contents/Developer/Toolchains/XcodeDefault.xctoolchain/usr/lib/clang/9.0.0/include
 /Applications/Xcode.app/Contents/Developer/Toolchains/XcodeDefault.xctoolchain/usr/include
 /Applications/Xcode.app/Contents/Developer/Platforms/MacOSX.platform/Developer/SDKs/MacOSX10.13.sdk/usr/include
 /Applications/Xcode.app/Contents/Developer/Platforms/MacOSX.platform/Developer/SDKs/MacOSX10.13.sdk/System/Library/Frameworks (framework directory)
End of search list.

Ld Debug/cmTC_5a3bc normal x86_64
    cd /Users/kcl/Documents/Cpp_Projects/cpp_notes/exp5-xcode/build/CMakeFiles/CMakeTmp
    /Applications/Xcode.app/Contents/Developer/Toolchains/XcodeDefault.xctoolchain/usr/bin/clang -arch x86_64 -isysroot /Applications/Xcode.app/Contents/Developer/Platforms/MacOSX.platform/Developer/SDKs/MacOSX10.13.sdk -L/Users/kcl/Documents/Cpp_Projects/cpp_notes/exp5-xcode/build/CMakeFiles/CMakeTmp/Debug -F/Users/kcl/Documents/Cpp_Projects/cpp_notes/exp5-xcode/build/CMakeFiles/CMakeTmp/Debug -filelist /Users/kcl/Documents/Cpp_Projects/cpp_notes/exp5-xcode/build/CMakeFiles/CMakeTmp/CMAKE_TRY_COMPILE.build/Debug/cmTC_5a3bc.build/Objects-normal/x86_64/cmTC_5a3bc.LinkFileList -mmacosx-version-min=10.13 -Xlinker -object_path_lto -Xlinker /Users/kcl/Documents/Cpp_Projects/cpp_notes/exp5-xcode/build/CMakeFiles/CMakeTmp/CMAKE_TRY_COMPILE.build/Debug/cmTC_5a3bc.build/Objects-normal/x86_64/cmTC_5a3bc_lto.o -Xlinker -no_deduplicate -v -Wl,-v -Wl,-search_paths_first -Wl,-headerpad_max_install_names -Xlinker -dependency_info -Xlinker /Users/kcl/Documents/Cpp_Projects/cpp_notes/exp5-xcode/build/CMakeFiles/CMakeTmp/CMAKE_TRY_COMPILE.build/Debug/cmTC_5a3bc.build/Objects-normal/x86_64/cmTC_5a3bc_dependency_info.dat -o /Users/kcl/Documents/Cpp_Projects/cpp_notes/exp5-xcode/build/CMakeFiles/CMakeTmp/Debug/cmTC_5a3bc
Apple LLVM version 9.0.0 (clang-900.0.39.2)
Target: x86_64-apple-darwin17.4.0
Thread model: posix
InstalledDir: /Applications/Xcode.app/Contents/Developer/Toolchains/XcodeDefault.xctoolchain/usr/bin
 "/Applications/Xcode.app/Contents/Developer/Toolchains/XcodeDefault.xctoolchain/usr/bin/ld" -demangle -lto_library /Applications/Xcode.app/Contents/Developer/Toolchains/XcodeDefault.xctoolchain/usr/lib/libLTO.dylib -dynamic -arch x86_64 -macosx_version_min 10.13.0 -syslibroot /Applications/Xcode.app/Contents/Developer/Platforms/MacOSX.platform/Developer/SDKs/MacOSX10.13.sdk -o /Users/kcl/Documents/Cpp_Projects/cpp_notes/exp5-xcode/build/CMakeFiles/CMakeTmp/Debug/cmTC_5a3bc -L/Users/kcl/Documents/Cpp_Projects/cpp_notes/exp5-xcode/build/CMakeFiles/CMakeTmp/Debug -filelist /Users/kcl/Documents/Cpp_Projects/cpp_notes/exp5-xcode/build/CMakeFiles/CMakeTmp/CMAKE_TRY_COMPILE.build/Debug/cmTC_5a3bc.build/Objects-normal/x86_64/cmTC_5a3bc.LinkFileList -object_path_lto /Users/kcl/Documents/Cpp_Projects/cpp_notes/exp5-xcode/build/CMakeFiles/CMakeTmp/CMAKE_TRY_COMPILE.build/Debug/cmTC_5a3bc.build/Objects-normal/x86_64/cmTC_5a3bc_lto.o -no_deduplicate -v -search_paths_first -headerpad_max_install_names -dependency_info /Users/kcl/Documents/Cpp_Projects/cpp_notes/exp5-xcode/build/CMakeFiles/CMakeTmp/CMAKE_TRY_COMPILE.build/Debug/cmTC_5a3bc.build/Objects-normal/x86_64/cmTC_5a3bc_dependency_info.dat -lSystem /Applications/Xcode.app/Contents/Developer/Toolchains/XcodeDefault.xctoolchain/usr/lib/clang/9.0.0/lib/darwin/libclang_rt.osx.a -F/Users/kcl/Documents/Cpp_Projects/cpp_notes/exp5-xcode/build/CMakeFiles/CMakeTmp/Debug
@(#)PROGRAM:ld  PROJECT:ld64-305
configured to support archs: armv6 armv7 armv7s arm64 i386 x86_64 x86_64h armv6m armv7k armv7m armv7em (tvOS)
Library search paths:
	/Users/kcl/Documents/Cpp_Projects/cpp_notes/exp5-xcode/build/CMakeFiles/CMakeTmp/Debug
	/Applications/Xcode.app/Contents/Developer/Platforms/MacOSX.platform/Developer/SDKs/MacOSX10.13.sdk/usr/lib
Framework search paths:
	/Users/kcl/Documents/Cpp_Projects/cpp_notes/exp5-xcode/build/CMakeFiles/CMakeTmp/Debug
	/Applications/Xcode.app/Contents/Developer/Platforms/MacOSX.platform/Developer/SDKs/MacOSX10.13.sdk/System/Library/Frameworks/

** BUILD SUCCEEDED **




Parsed C implicit include dir info from above output: rv=done
  found start of include info
  found start of implicit include info
    add: [/Applications/Xcode.app/Contents/Developer/Toolchains/XcodeDefault.xctoolchain/usr/lib/clang/9.0.0/include]
    add: [/Applications/Xcode.app/Contents/Developer/Toolchains/XcodeDefault.xctoolchain/usr/include]
    add: [/Applications/Xcode.app/Contents/Developer/Platforms/MacOSX.platform/Developer/SDKs/MacOSX10.13.sdk/usr/include]
  end of search list found
  collapse include dir [/Applications/Xcode.app/Contents/Developer/Toolchains/XcodeDefault.xctoolchain/usr/lib/clang/9.0.0/include] ==> [/Applications/Xcode.app/Contents/Developer/Toolchains/XcodeDefault.xctoolchain/usr/lib/clang/9.0.0/include]
  collapse include dir [/Applications/Xcode.app/Contents/Developer/Toolchains/XcodeDefault.xctoolchain/usr/include] ==> [/Applications/Xcode.app/Contents/Developer/Toolchains/XcodeDefault.xctoolchain/usr/include]
  collapse include dir [/Applications/Xcode.app/Contents/Developer/Platforms/MacOSX.platform/Developer/SDKs/MacOSX10.13.sdk/usr/include] ==> [/Applications/Xcode.app/Contents/Developer/Platforms/MacOSX.platform/Developer/SDKs/MacOSX10.13.sdk/usr/include]
  implicit include dirs: [/Applications/Xcode.app/Contents/Developer/Toolchains/XcodeDefault.xctoolchain/usr/lib/clang/9.0.0/include;/Applications/Xcode.app/Contents/Developer/Toolchains/XcodeDefault.xctoolchain/usr/include;/Applications/Xcode.app/Contents/Developer/Platforms/MacOSX.platform/Developer/SDKs/MacOSX10.13.sdk/usr/include]


Parsed C implicit link information from above output:
  link line regex: [^( *|.*[/\])(ld|CMAKE_LINK_STARTFILE-NOTFOUND|([^/\]+-)?ld|collect2)[^/\]*( |$)]
  ignore line: [Change Dir: /Users/kcl/Documents/Cpp_Projects/cpp_notes/exp5-xcode/build/CMakeFiles/CMakeTmp]
  ignore line: []
  ignore line: [Run Build Command(s):/usr/bin/xcodebuild -project CMAKE_TRY_COMPILE.xcodeproj build -target cmTC_5a3bc -configuration Debug -hideShellScriptEnvironment && User defaults from command line:]
  ignore line: [    HideShellScriptEnvironment = YES]
  ignore line: []
  ignore line: [=== BUILD TARGET cmTC_5a3bc OF PROJECT CMAKE_TRY_COMPILE WITH CONFIGURATION Debug ===]
  ignore line: []
  ignore line: [Check dependencies]
  ignore line: []
  ignore line: [Write auxiliary files]
  ignore line: [/bin/mkdir -p /Users/kcl/Documents/Cpp_Projects/cpp_notes/exp5-xcode/build/CMakeFiles/CMakeTmp/CMAKE_TRY_COMPILE.build/Debug/cmTC_5a3bc.build/Objects-normal/x86_64]
  ignore line: [write-file /Users/kcl/Documents/Cpp_Projects/cpp_notes/exp5-xcode/build/CMakeFiles/CMakeTmp/CMAKE_TRY_COMPILE.build/Debug/cmTC_5a3bc.build/Objects-normal/x86_64/cmTC_5a3bc.LinkFileList]
  ignore line: []
  ignore line: [CompileC CMAKE_TRY_COMPILE.build/Debug/cmTC_5a3bc.build/Objects-normal/x86_64/CMakeCCompilerABI.o /usr/local/Cellar/cmake/3.22.1/share/cmake/Modules/CMakeCCompilerABI.c normal x86_64 c com.apple.compilers.llvm.clang.1_0.compiler]
  ignore line: [    cd /Users/kcl/Documents/Cpp_Projects/cpp_notes/exp5-xcode/build/CMakeFiles/CMakeTmp]
  ignore line: [    /Applications/Xcode.app/Contents/Developer/Toolchains/XcodeDefault.xctoolchain/usr/bin/clang -x c -arch x86_64 -fmessage-length=0 -fdiagnostics-show-note-include-stack -fmacro-backtrace-limit=0 -Wno-trigraphs -fpascal-strings -O0 -Wno-missing-field-initializers -Wno-missing-prototypes -Wno-return-type -Wno-missing-braces -Wparentheses -Wswitch -Wno-unused-function -Wno-unused-label -Wno-unused-parameter -Wno-unused-variable -Wunused-value -Wno-empty-body -Wno-uninitialized -Wno-unknown-pragmas -Wno-shadow -Wno-four-char-constants -Wno-conversion -Wno-constant-conversion -Wno-int-conversion -Wno-bool-conversion -Wno-enum-conversion -Wno-float-conversion -Wno-non-literal-null-conversion -Wno-objc-literal-conversion -Wno-shorten-64-to-32 -Wpointer-sign -Wno-newline-eof -DCMAKE_INTDIR=\"Debug\" -isysroot /Applications/Xcode.app/Contents/Developer/Platforms/MacOSX.platform/Developer/SDKs/MacOSX10.13.sdk -fasm-blocks -fstrict-aliasing -Wdeprecated-declarations -mmacosx-version-min=10.13 -g -Wno-sign-conversion -Wno-infinite-recursion -Wno-comma -Wno-block-capture-autoreleasing -Wno-strict-prototypes -I/Users/kcl/Documents/Cpp_Projects/cpp_notes/exp5-xcode/build/CMakeFiles/CMakeTmp/Debug/include -I/Users/kcl/Documents/Cpp_Projects/cpp_notes/exp5-xcode/build/CMakeFiles/CMakeTmp/CMAKE_TRY_COMPILE.build/Debug/cmTC_5a3bc.build/DerivedSources/x86_64 -I/Users/kcl/Documents/Cpp_Projects/cpp_notes/exp5-xcode/build/CMakeFiles/CMakeTmp/CMAKE_TRY_COMPILE.build/Debug/cmTC_5a3bc.build/DerivedSources -F/Users/kcl/Documents/Cpp_Projects/cpp_notes/exp5-xcode/build/CMakeFiles/CMakeTmp/Debug -v -Wl -v -MMD -MT dependencies -MF /Users/kcl/Documents/Cpp_Projects/cpp_notes/exp5-xcode/build/CMakeFiles/CMakeTmp/CMAKE_TRY_COMPILE.build/Debug/cmTC_5a3bc.build/Objects-normal/x86_64/CMakeCCompilerABI.d --serialize-diagnostics /Users/kcl/Documents/Cpp_Projects/cpp_notes/exp5-xcode/build/CMakeFiles/CMakeTmp/CMAKE_TRY_COMPILE.build/Debug/cmTC_5a3bc.build/Objects-normal/x86_64/CMakeCCompilerABI.dia -c /usr/local/Cellar/cmake/3.22.1/share/cmake/Modules/CMakeCCompilerABI.c -o /Users/kcl/Documents/Cpp_Projects/cpp_notes/exp5-xcode/build/CMakeFiles/CMakeTmp/CMAKE_TRY_COMPILE.build/Debug/cmTC_5a3bc.build/Objects-normal/x86_64/CMakeCCompilerABI.o]
  ignore line: [Apple LLVM version 9.0.0 (clang-900.0.39.2)]
  ignore line: [Target: x86_64-apple-darwin17.4.0]
  ignore line: [Thread model: posix]
  ignore line: [InstalledDir: /Applications/Xcode.app/Contents/Developer/Toolchains/XcodeDefault.xctoolchain/usr/bin]
  ignore line: [clang: warning: -Wl -v: 'linker' input unused [-Wunused-command-line-argument]]
  ignore line: [ "/Applications/Xcode.app/Contents/Developer/Toolchains/XcodeDefault.xctoolchain/usr/bin/clang" -cc1 -triple x86_64-apple-macosx10.13.0 -Wdeprecated-objc-isa-usage -Werror=deprecated-objc-isa-usage -emit-obj -mrelax-all -disable-free -disable-llvm-verifier -discard-value-names -main-file-name CMakeCCompilerABI.c -mrelocation-model pic -pic-level 2 -mthread-model posix -mdisable-fp-elim -fno-strict-return -masm-verbose -munwind-tables -target-cpu penryn -target-linker-version 305 -v -dwarf-column-info -debug-info-kind=standalone -dwarf-version=4 -debugger-tuning=lldb -coverage-notes-file /Users/kcl/Documents/Cpp_Projects/cpp_notes/exp5-xcode/build/CMakeFiles/CMakeTmp/CMAKE_TRY_COMPILE.build/Debug/cmTC_5a3bc.build/Objects-normal/x86_64/CMakeCCompilerABI.gcno -resource-dir /Applications/Xcode.app/Contents/Developer/Toolchains/XcodeDefault.xctoolchain/usr/lib/clang/9.0.0 -dependency-file /Users/kcl/Documents/Cpp_Projects/cpp_notes/exp5-xcode/build/CMakeFiles/CMakeTmp/CMAKE_TRY_COMPILE.build/Debug/cmTC_5a3bc.build/Objects-normal/x86_64/CMakeCCompilerABI.d -MT dependencies -isysroot /Applications/Xcode.app/Contents/Developer/Platforms/MacOSX.platform/Developer/SDKs/MacOSX10.13.sdk -D "CMAKE_INTDIR=\"Debug\"" -I /Users/kcl/Documents/Cpp_Projects/cpp_notes/exp5-xcode/build/CMakeFiles/CMakeTmp/Debug/include -I /Users/kcl/Documents/Cpp_Projects/cpp_notes/exp5-xcode/build/CMakeFiles/CMakeTmp/CMAKE_TRY_COMPILE.build/Debug/cmTC_5a3bc.build/DerivedSources/x86_64 -I /Users/kcl/Documents/Cpp_Projects/cpp_notes/exp5-xcode/build/CMakeFiles/CMakeTmp/CMAKE_TRY_COMPILE.build/Debug/cmTC_5a3bc.build/DerivedSources -F/Users/kcl/Documents/Cpp_Projects/cpp_notes/exp5-xcode/build/CMakeFiles/CMakeTmp/Debug -O0 -Wno-trigraphs -Wno-missing-field-initializers -Wno-missing-prototypes -Wno-return-type -Wno-missing-braces -Wparentheses -Wswitch -Wno-unused-function -Wno-unused-label -Wno-unused-parameter -Wno-unused-variable -Wunused-value -Wno-empty-body -Wno-uninitialized -Wno-unknown-pragmas -Wno-shadow -Wno-four-char-constants -Wno-conversion -Wno-constant-conversion -Wno-int-conversion -Wno-bool-conversion -Wno-enum-conversion -Wno-float-conversion -Wno-non-literal-null-conversion -Wno-objc-literal-conversion -Wno-shorten-64-to-32 -Wpointer-sign -Wno-newline-eof -Wdeprecated-declarations -Wno-sign-conversion -Wno-infinite-recursion -Wno-comma -Wno-block-capture-autoreleasing -Wno-strict-prototypes -fdebug-compilation-dir /Users/kcl/Documents/Cpp_Projects/cpp_notes/exp5-xcode/build/CMakeFiles/CMakeTmp -ferror-limit 19 -fmacro-backtrace-limit 0 -fmessage-length 0 -stack-protector 1 -fblocks -fobjc-runtime=macosx-10.13.0 -fencode-extended-block-signature -fpascal-strings -fmax-type-align=16 -fdiagnostics-show-option -fdiagnostics-show-note-include-stack -fasm-blocks -serialize-diagnostic-file /Users/kcl/Documents/Cpp_Projects/cpp_notes/exp5-xcode/build/CMakeFiles/CMakeTmp/CMAKE_TRY_COMPILE.build/Debug/cmTC_5a3bc.build/Objects-normal/x86_64/CMakeCCompilerABI.dia -o /Users/kcl/Documents/Cpp_Projects/cpp_notes/exp5-xcode/build/CMakeFiles/CMakeTmp/CMAKE_TRY_COMPILE.build/Debug/cmTC_5a3bc.build/Objects-normal/x86_64/CMakeCCompilerABI.o -x c /usr/local/Cellar/cmake/3.22.1/share/cmake/Modules/CMakeCCompilerABI.c]
  ignore line: [clang -cc1 version 9.0.0 (clang-900.0.39.2) default target x86_64-apple-darwin17.4.0]
  ignore line: [ignoring nonexistent directory "/Users/kcl/Documents/Cpp_Projects/cpp_notes/exp5-xcode/build/CMakeFiles/CMakeTmp/Debug/include"]
  ignore line: [ignoring nonexistent directory "/Users/kcl/Documents/Cpp_Projects/cpp_notes/exp5-xcode/build/CMakeFiles/CMakeTmp/CMAKE_TRY_COMPILE.build/Debug/cmTC_5a3bc.build/DerivedSources/x86_64"]
  ignore line: [ignoring nonexistent directory "/Users/kcl/Documents/Cpp_Projects/cpp_notes/exp5-xcode/build/CMakeFiles/CMakeTmp/CMAKE_TRY_COMPILE.build/Debug/cmTC_5a3bc.build/DerivedSources"]
  ignore line: [ignoring nonexistent directory "/Users/kcl/Documents/Cpp_Projects/cpp_notes/exp5-xcode/build/CMakeFiles/CMakeTmp/Debug"]
  ignore line: [ignoring nonexistent directory "/Applications/Xcode.app/Contents/Developer/Platforms/MacOSX.platform/Developer/SDKs/MacOSX10.13.sdk/usr/local/include"]
  ignore line: [ignoring nonexistent directory "/Applications/Xcode.app/Contents/Developer/Platforms/MacOSX.platform/Developer/SDKs/MacOSX10.13.sdk/Library/Frameworks"]
  ignore line: [#include "..." search starts here:]
  ignore line: [#include <...> search starts here:]
  ignore line: [ /Applications/Xcode.app/Contents/Developer/Toolchains/XcodeDefault.xctoolchain/usr/lib/clang/9.0.0/include]
  ignore line: [ /Applications/Xcode.app/Contents/Developer/Toolchains/XcodeDefault.xctoolchain/usr/include]
  ignore line: [ /Applications/Xcode.app/Contents/Developer/Platforms/MacOSX.platform/Developer/SDKs/MacOSX10.13.sdk/usr/include]
  ignore line: [ /Applications/Xcode.app/Contents/Developer/Platforms/MacOSX.platform/Developer/SDKs/MacOSX10.13.sdk/System/Library/Frameworks (framework directory)]
  ignore line: [End of search list.]
  ignore line: []
  ignore line: [Ld Debug/cmTC_5a3bc normal x86_64]
  ignore line: [    cd /Users/kcl/Documents/Cpp_Projects/cpp_notes/exp5-xcode/build/CMakeFiles/CMakeTmp]
  ignore line: [    /Applications/Xcode.app/Contents/Developer/Toolchains/XcodeDefault.xctoolchain/usr/bin/clang -arch x86_64 -isysroot /Applications/Xcode.app/Contents/Developer/Platforms/MacOSX.platform/Developer/SDKs/MacOSX10.13.sdk -L/Users/kcl/Documents/Cpp_Projects/cpp_notes/exp5-xcode/build/CMakeFiles/CMakeTmp/Debug -F/Users/kcl/Documents/Cpp_Projects/cpp_notes/exp5-xcode/build/CMakeFiles/CMakeTmp/Debug -filelist /Users/kcl/Documents/Cpp_Projects/cpp_notes/exp5-xcode/build/CMakeFiles/CMakeTmp/CMAKE_TRY_COMPILE.build/Debug/cmTC_5a3bc.build/Objects-normal/x86_64/cmTC_5a3bc.LinkFileList -mmacosx-version-min=10.13 -Xlinker -object_path_lto -Xlinker /Users/kcl/Documents/Cpp_Projects/cpp_notes/exp5-xcode/build/CMakeFiles/CMakeTmp/CMAKE_TRY_COMPILE.build/Debug/cmTC_5a3bc.build/Objects-normal/x86_64/cmTC_5a3bc_lto.o -Xlinker -no_deduplicate -v -Wl -v -Wl -search_paths_first -Wl -headerpad_max_install_names -Xlinker -dependency_info -Xlinker /Users/kcl/Documents/Cpp_Projects/cpp_notes/exp5-xcode/build/CMakeFiles/CMakeTmp/CMAKE_TRY_COMPILE.build/Debug/cmTC_5a3bc.build/Objects-normal/x86_64/cmTC_5a3bc_dependency_info.dat -o /Users/kcl/Documents/Cpp_Projects/cpp_notes/exp5-xcode/build/CMakeFiles/CMakeTmp/Debug/cmTC_5a3bc]
  ignore line: [Apple LLVM version 9.0.0 (clang-900.0.39.2)]
  ignore line: [Target: x86_64-apple-darwin17.4.0]
  ignore line: [Thread model: posix]
  ignore line: [InstalledDir: /Applications/Xcode.app/Contents/Developer/Toolchains/XcodeDefault.xctoolchain/usr/bin]
  reduced line: [ "/Applications/Xcode.app/Contents/Developer/Toolchains/XcodeDefault.xctoolchain/usr/bin/ld" -demangle -lto_library /Applications/Xcode.app/Contents/Developer/Toolchains/XcodeDefault.xctoolchain/usr/lib/libLTO.dylib -dynamic -arch x86_64 -macosx_version_min 10.13.0 -syslibroot /Applications/Xcode.app/Contents/Developer/Platforms/MacOSX.platform/Developer/SDKs/MacOSX10.13.sdk -o /Users/kcl/Documents/Cpp_Projects/cpp_notes/exp5-xcode/build/CMakeFiles/CMakeTmp/Debug/cmTC_5a3bc -L/Users/kcl/Documents/Cpp_Projects/cpp_notes/exp5-xcode/build/CMakeFiles/CMakeTmp/Debug -filelist /Users/kcl/Documents/Cpp_Projects/cpp_notes/exp5-xcode/build/CMakeFiles/CMakeTmp/CMAKE_TRY_COMPILE.build/Debug/cmTC_5a3bc.build/Objects-normal/x86_64/cmTC_5a3bc.LinkFileList -object_path_lto /Users/kcl/Documents/Cpp_Projects/cpp_notes/exp5-xcode/build/CMakeFiles/CMakeTmp/CMAKE_TRY_COMPILE.build/Debug/cmTC_5a3bc.build/Objects-normal/x86_64/cmTC_5a3bc_lto.o -no_deduplicate -v -search_paths_first -headerpad_max_install_names -dependency_info /Users/kcl/Documents/Cpp_Projects/cpp_notes/exp5-xcode/build/CMakeFiles/CMakeTmp/CMAKE_TRY_COMPILE.build/Debug/cmTC_5a3bc.build/Objects-normal/x86_64/cmTC_5a3bc_dependency_info.dat -lSystem /Applications/Xcode.app/Contents/Developer/Toolchains/XcodeDefault.xctoolchain/usr/lib/clang/9.0.0/lib/darwin/libclang_rt.osx.a -F/Users/kcl/Documents/Cpp_Projects/cpp_notes/exp5-xcode/build/CMakeFiles/CMakeTmp/Debug]
            to: [ "/Applications/Xcode.app/Contents/Developer/Toolchains/XcodeDefault.xctoolchain/usr/bin/ld" -demangle -lto_library /Applications/Xcode.app/Contents/Developer/Toolchains/XcodeDefault.xctoolchain/usr/lib/libLTO.dylib -dynamic -arch x86_64 -macosx_version_min 10.13.0 -syslibroot /Applications/Xcode.app/Contents/Developer/Platforms/MacOSX.platform/Developer/SDKs/MacOSX10.13.sdk -o /Users/kcl/Documents/Cpp_Projects/cpp_notes/exp5-xcode/build/CMakeFiles/CMakeTmp/Debug/cmTC_5a3bc -filelist /Users/kcl/Documents/Cpp_Projects/cpp_notes/exp5-xcode/build/CMakeFiles/CMakeTmp/CMAKE_TRY_COMPILE.build/Debug/cmTC_5a3bc.build/Objects-normal/x86_64/cmTC_5a3bc.LinkFileList -object_path_lto /Users/kcl/Documents/Cpp_Projects/cpp_notes/exp5-xcode/build/CMakeFiles/CMakeTmp/CMAKE_TRY_COMPILE.build/Debug/cmTC_5a3bc.build/Objects-normal/x86_64/cmTC_5a3bc_lto.o -no_deduplicate -v -search_paths_first -headerpad_max_install_names -dependency_info /Users/kcl/Documents/Cpp_Projects/cpp_notes/exp5-xcode/build/CMakeFiles/CMakeTmp/CMAKE_TRY_COMPILE.build/Debug/cmTC_5a3bc.build/Objects-normal/x86_64/cmTC_5a3bc_dependency_info.dat -lSystem /Applications/Xcode.app/Contents/Developer/Toolchains/XcodeDefault.xctoolchain/usr/lib/clang/9.0.0/lib/darwin/libclang_rt.osx.a ]
  link line: [ "/Applications/Xcode.app/Contents/Developer/Toolchains/XcodeDefault.xctoolchain/usr/bin/ld" -demangle -lto_library /Applications/Xcode.app/Contents/Developer/Toolchains/XcodeDefault.xctoolchain/usr/lib/libLTO.dylib -dynamic -arch x86_64 -macosx_version_min 10.13.0 -syslibroot /Applications/Xcode.app/Contents/Developer/Platforms/MacOSX.platform/Developer/SDKs/MacOSX10.13.sdk -o /Users/kcl/Documents/Cpp_Projects/cpp_notes/exp5-xcode/build/CMakeFiles/CMakeTmp/Debug/cmTC_5a3bc -filelist /Users/kcl/Documents/Cpp_Projects/cpp_notes/exp5-xcode/build/CMakeFiles/CMakeTmp/CMAKE_TRY_COMPILE.build/Debug/cmTC_5a3bc.build/Objects-normal/x86_64/cmTC_5a3bc.LinkFileList -object_path_lto /Users/kcl/Documents/Cpp_Projects/cpp_notes/exp5-xcode/build/CMakeFiles/CMakeTmp/CMAKE_TRY_COMPILE.build/Debug/cmTC_5a3bc.build/Objects-normal/x86_64/cmTC_5a3bc_lto.o -no_deduplicate -v -search_paths_first -headerpad_max_install_names -dependency_info /Users/kcl/Documents/Cpp_Projects/cpp_notes/exp5-xcode/build/CMakeFiles/CMakeTmp/CMAKE_TRY_COMPILE.build/Debug/cmTC_5a3bc.build/Objects-normal/x86_64/cmTC_5a3bc_dependency_info.dat -lSystem /Applications/Xcode.app/Contents/Developer/Toolchains/XcodeDefault.xctoolchain/usr/lib/clang/9.0.0/lib/darwin/libclang_rt.osx.a ]
    arg [/Applications/Xcode.app/Contents/Developer/Toolchains/XcodeDefault.xctoolchain/usr/bin/ld] ==> ignore
    arg [-demangle] ==> ignore
    arg [-lto_library] ==> ignore, skip following value
    arg [/Applications/Xcode.app/Contents/Developer/Toolchains/XcodeDefault.xctoolchain/usr/lib/libLTO.dylib] ==> skip value of -lto_library
    arg [-dynamic] ==> ignore
    arg [-arch] ==> ignore
    arg [x86_64] ==> ignore
    arg [-macosx_version_min] ==> ignore
    arg [10.13.0] ==> ignore
    arg [-syslibroot] ==> ignore
    arg [/Applications/Xcode.app/Contents/Developer/Platforms/MacOSX.platform/Developer/SDKs/MacOSX10.13.sdk] ==> ignore
    arg [-o] ==> ignore
    arg [/Users/kcl/Documents/Cpp_Projects/cpp_notes/exp5-xcode/build/CMakeFiles/CMakeTmp/Debug/cmTC_5a3bc] ==> ignore
    arg [-filelist] ==> ignore
    arg [/Users/kcl/Documents/Cpp_Projects/cpp_notes/exp5-xcode/build/CMakeFiles/CMakeTmp/CMAKE_TRY_COMPILE.build/Debug/cmTC_5a3bc.build/Objects-normal/x86_64/cmTC_5a3bc.LinkFileList] ==> ignore
    arg [-object_path_lto] ==> ignore
    arg [/Users/kcl/Documents/Cpp_Projects/cpp_notes/exp5-xcode/build/CMakeFiles/CMakeTmp/CMAKE_TRY_COMPILE.build/Debug/cmTC_5a3bc.build/Objects-normal/x86_64/cmTC_5a3bc_lto.o] ==> obj [/Users/kcl/Documents/Cpp_Projects/cpp_notes/exp5-xcode/build/CMakeFiles/CMakeTmp/CMAKE_TRY_COMPILE.build/Debug/cmTC_5a3bc.build/Objects-normal/x86_64/cmTC_5a3bc_lto.o]
    arg [-no_deduplicate] ==> ignore
    arg [-v] ==> ignore
    arg [-search_paths_first] ==> ignore
    arg [-headerpad_max_install_names] ==> ignore
    arg [-dependency_info] ==> ignore
    arg [/Users/kcl/Documents/Cpp_Projects/cpp_notes/exp5-xcode/build/CMakeFiles/CMakeTmp/CMAKE_TRY_COMPILE.build/Debug/cmTC_5a3bc.build/Objects-normal/x86_64/cmTC_5a3bc_dependency_info.dat] ==> ignore
    arg [-lSystem] ==> lib [System]
    arg [/Applications/Xcode.app/Contents/Developer/Toolchains/XcodeDefault.xctoolchain/usr/lib/clang/9.0.0/lib/darwin/libclang_rt.osx.a] ==> lib [/Applications/Xcode.app/Contents/Developer/Toolchains/XcodeDefault.xctoolchain/usr/lib/clang/9.0.0/lib/darwin/libclang_rt.osx.a]
  Library search paths: [;/Users/kcl/Documents/Cpp_Projects/cpp_notes/exp5-xcode/build/CMakeFiles/CMakeTmp/Debug;/Applications/Xcode.app/Contents/Developer/Platforms/MacOSX.platform/Developer/SDKs/MacOSX10.13.sdk/usr/lib]
  Framework search paths: [;/Users/kcl/Documents/Cpp_Projects/cpp_notes/exp5-xcode/build/CMakeFiles/CMakeTmp/Debug;/Applications/Xcode.app/Contents/Developer/Platforms/MacOSX.platform/Developer/SDKs/MacOSX10.13.sdk/System/Library/Frameworks/]
  remove lib [System]
  remove lib [/Applications/Xcode.app/Contents/Developer/Toolchains/XcodeDefault.xctoolchain/usr/lib/clang/9.0.0/lib/darwin/libclang_rt.osx.a]
  collapse library dir [/Users/kcl/Documents/Cpp_Projects/cpp_notes/exp5-xcode/build/CMakeFiles/CMakeTmp/Debug] ==> [/Users/kcl/Documents/Cpp_Projects/cpp_notes/exp5-xcode/build/CMakeFiles/CMakeTmp/Debug], skipping non-system directory
  collapse library dir [/Applications/Xcode.app/Contents/Developer/Platforms/MacOSX.platform/Developer/SDKs/MacOSX10.13.sdk/usr/lib] ==> [/Applications/Xcode.app/Contents/Developer/Platforms/MacOSX.platform/Developer/SDKs/MacOSX10.13.sdk/usr/lib]
  collapse framework dir [/Users/kcl/Documents/Cpp_Projects/cpp_notes/exp5-xcode/build/CMakeFiles/CMakeTmp/Debug] ==> [/Users/kcl/Documents/Cpp_Projects/cpp_notes/exp5-xcode/build/CMakeFiles/CMakeTmp/Debug], skipping non-system directory
  collapse framework dir [/Applications/Xcode.app/Contents/Developer/Platforms/MacOSX.platform/Developer/SDKs/MacOSX10.13.sdk/System/Library/Frameworks/] ==> [/Applications/Xcode.app/Contents/Developer/Platforms/MacOSX.platform/Developer/SDKs/MacOSX10.13.sdk/System/Library/Frameworks]
  implicit libs: []
  implicit objs: [/Users/kcl/Documents/Cpp_Projects/cpp_notes/exp5-xcode/build/CMakeFiles/CMakeTmp/CMAKE_TRY_COMPILE.build/Debug/cmTC_5a3bc.build/Objects-normal/x86_64/cmTC_5a3bc_lto.o]
  implicit dirs: [/Applications/Xcode.app/Contents/Developer/Platforms/MacOSX.platform/Developer/SDKs/MacOSX10.13.sdk/usr/lib]
  implicit fwks: [/Applications/Xcode.app/Contents/Developer/Platforms/MacOSX.platform/Developer/SDKs/MacOSX10.13.sdk/System/Library/Frameworks]


Detecting CXX compiler ABI info compiled with the following output:
Change Dir: /Users/kcl/Documents/Cpp_Projects/cpp_notes/exp5-xcode/build/CMakeFiles/CMakeTmp

Run Build Command(s):/usr/bin/xcodebuild -project CMAKE_TRY_COMPILE.xcodeproj build -target cmTC_3562d -configuration Debug -hideShellScriptEnvironment && User defaults from command line:
    HideShellScriptEnvironment = YES

=== BUILD TARGET cmTC_3562d OF PROJECT CMAKE_TRY_COMPILE WITH CONFIGURATION Debug ===

Check dependencies

Write auxiliary files
/bin/mkdir -p /Users/kcl/Documents/Cpp_Projects/cpp_notes/exp5-xcode/build/CMakeFiles/CMakeTmp/CMAKE_TRY_COMPILE.build/Debug/cmTC_3562d.build/Objects-normal/x86_64
write-file /Users/kcl/Documents/Cpp_Projects/cpp_notes/exp5-xcode/build/CMakeFiles/CMakeTmp/CMAKE_TRY_COMPILE.build/Debug/cmTC_3562d.build/Objects-normal/x86_64/cmTC_3562d.LinkFileList

CompileC CMAKE_TRY_COMPILE.build/Debug/cmTC_3562d.build/Objects-normal/x86_64/CMakeCXXCompilerABI.o /usr/local/Cellar/cmake/3.22.1/share/cmake/Modules/CMakeCXXCompilerABI.cpp normal x86_64 c++ com.apple.compilers.llvm.clang.1_0.compiler
    cd /Users/kcl/Documents/Cpp_Projects/cpp_notes/exp5-xcode/build/CMakeFiles/CMakeTmp
    /Applications/Xcode.app/Contents/Developer/Toolchains/XcodeDefault.xctoolchain/usr/bin/clang -x c++ -arch x86_64 -fmessage-length=0 -fdiagnostics-show-note-include-stack -fmacro-backtrace-limit=0 -Wno-trigraphs -fpascal-strings -O0 -Wno-missing-field-initializers -Wno-missing-prototypes -Wno-return-type -Wno-non-virtual-dtor -Wno-overloaded-virtual -Wno-exit-time-destructors -Wno-missing-braces -Wparentheses -Wswitch -Wno-unused-function -Wno-unused-label -Wno-unused-parameter -Wno-unused-variable -Wunused-value -Wno-empty-body -Wno-uninitialized -Wno-unknown-pragmas -Wno-shadow -Wno-four-char-constants -Wno-conversion -Wno-constant-conversion -Wno-int-conversion -Wno-bool-conversion -Wno-enum-conversion -Wno-float-conversion -Wno-non-literal-null-conversion -Wno-objc-literal-conversion -Wno-shorten-64-to-32 -Wno-newline-eof -Wno-c++11-extensions -DCMAKE_INTDIR=\"Debug\" -isysroot /Applications/Xcode.app/Contents/Developer/Platforms/MacOSX.platform/Developer/SDKs/MacOSX10.13.sdk -fasm-blocks -fstrict-aliasing -Wdeprecated-declarations -Winvalid-offsetof -mmacosx-version-min=10.13 -g -Wno-sign-conversion -Wno-infinite-recursion -Wno-move -Wno-comma -Wno-block-capture-autoreleasing -Wno-strict-prototypes -Wno-range-loop-analysis -I/Users/kcl/Documents/Cpp_Projects/cpp_notes/exp5-xcode/build/CMakeFiles/CMakeTmp/Debug/include -I/Users/kcl/Documents/Cpp_Projects/cpp_notes/exp5-xcode/build/CMakeFiles/CMakeTmp/CMAKE_TRY_COMPILE.build/Debug/cmTC_3562d.build/DerivedSources/x86_64 -I/Users/kcl/Documents/Cpp_Projects/cpp_notes/exp5-xcode/build/CMakeFiles/CMakeTmp/CMAKE_TRY_COMPILE.build/Debug/cmTC_3562d.build/DerivedSources -F/Users/kcl/Documents/Cpp_Projects/cpp_notes/exp5-xcode/build/CMakeFiles/CMakeTmp/Debug -v -Wl,-v -MMD -MT dependencies -MF /Users/kcl/Documents/Cpp_Projects/cpp_notes/exp5-xcode/build/CMakeFiles/CMakeTmp/CMAKE_TRY_COMPILE.build/Debug/cmTC_3562d.build/Objects-normal/x86_64/CMakeCXXCompilerABI.d --serialize-diagnostics /Users/kcl/Documents/Cpp_Projects/cpp_notes/exp5-xcode/build/CMakeFiles/CMakeTmp/CMAKE_TRY_COMPILE.build/Debug/cmTC_3562d.build/Objects-normal/x86_64/CMakeCXXCompilerABI.dia -c /usr/local/Cellar/cmake/3.22.1/share/cmake/Modules/CMakeCXXCompilerABI.cpp -o /Users/kcl/Documents/Cpp_Projects/cpp_notes/exp5-xcode/build/CMakeFiles/CMakeTmp/CMAKE_TRY_COMPILE.build/Debug/cmTC_3562d.build/Objects-normal/x86_64/CMakeCXXCompilerABI.o
Apple LLVM version 9.0.0 (clang-900.0.39.2)
Target: x86_64-apple-darwin17.4.0
Thread model: posix
InstalledDir: /Applications/Xcode.app/Contents/Developer/Toolchains/XcodeDefault.xctoolchain/usr/bin
clang: warning: -Wl,-v: 'linker' input unused [-Wunused-command-line-argument]
 "/Applications/Xcode.app/Contents/Developer/Toolchains/XcodeDefault.xctoolchain/usr/bin/clang" -cc1 -triple x86_64-apple-macosx10.13.0 -Wdeprecated-objc-isa-usage -Werror=deprecated-objc-isa-usage -emit-obj -mrelax-all -disable-free -disable-llvm-verifier -discard-value-names -main-file-name CMakeCXXCompilerABI.cpp -mrelocation-model pic -pic-level 2 -mthread-model posix -mdisable-fp-elim -fno-strict-return -masm-verbose -munwind-tables -target-cpu penryn -target-linker-version 305 -v -dwarf-column-info -debug-info-kind=standalone -dwarf-version=4 -debugger-tuning=lldb -coverage-notes-file /Users/kcl/Documents/Cpp_Projects/cpp_notes/exp5-xcode/build/CMakeFiles/CMakeTmp/CMAKE_TRY_COMPILE.build/Debug/cmTC_3562d.build/Objects-normal/x86_64/CMakeCXXCompilerABI.gcno -resource-dir /Applications/Xcode.app/Contents/Developer/Toolchains/XcodeDefault.xctoolchain/usr/lib/clang/9.0.0 -dependency-file /Users/kcl/Documents/Cpp_Projects/cpp_notes/exp5-xcode/build/CMakeFiles/CMakeTmp/CMAKE_TRY_COMPILE.build/Debug/cmTC_3562d.build/Objects-normal/x86_64/CMakeCXXCompilerABI.d -MT dependencies -isysroot /Applications/Xcode.app/Contents/Developer/Platforms/MacOSX.platform/Developer/SDKs/MacOSX10.13.sdk -D "CMAKE_INTDIR=\"Debug\"" -I /Users/kcl/Documents/Cpp_Projects/cpp_notes/exp5-xcode/build/CMakeFiles/CMakeTmp/Debug/include -I /Users/kcl/Documents/Cpp_Projects/cpp_notes/exp5-xcode/build/CMakeFiles/CMakeTmp/CMAKE_TRY_COMPILE.build/Debug/cmTC_3562d.build/DerivedSources/x86_64 -I /Users/kcl/Documents/Cpp_Projects/cpp_notes/exp5-xcode/build/CMakeFiles/CMakeTmp/CMAKE_TRY_COMPILE.build/Debug/cmTC_3562d.build/DerivedSources -F/Users/kcl/Documents/Cpp_Projects/cpp_notes/exp5-xcode/build/CMakeFiles/CMakeTmp/Debug -stdlib=libc++ -O0 -Wno-trigraphs -Wno-missing-field-initializers -Wno-missing-prototypes -Wno-return-type -Wno-non-virtual-dtor -Wno-overloaded-virtual -Wno-exit-time-destructors -Wno-missing-braces -Wparentheses -Wswitch -Wno-unused-function -Wno-unused-label -Wno-unused-parameter -Wno-unused-variable -Wunused-value -Wno-empty-body -Wno-uninitialized -Wno-unknown-pragmas -Wno-shadow -Wno-four-char-constants -Wno-conversion -Wno-constant-conversion -Wno-int-conversion -Wno-bool-conversion -Wno-enum-conversion -Wno-float-conversion -Wno-non-literal-null-conversion -Wno-objc-literal-conversion -Wno-shorten-64-to-32 -Wno-newline-eof -Wno-c++11-extensions -Wdeprecated-declarations -Winvalid-offsetof -Wno-sign-conversion -Wno-infinite-recursion -Wno-move -Wno-comma -Wno-block-capture-autoreleasing -Wno-strict-prototypes -Wno-range-loop-analysis -fdeprecated-macro -fdebug-compilation-dir /Users/kcl/Documents/Cpp_Projects/cpp_notes/exp5-xcode/build/CMakeFiles/CMakeTmp -ferror-limit 19 -fmacro-backtrace-limit 0 -fmessage-length 0 -stack-protector 1 -fblocks -fobjc-runtime=macosx-10.13.0 -fencode-extended-block-signature -fcxx-exceptions -fexceptions -fpascal-strings -fmax-type-align=16 -fdiagnostics-show-option -fdiagnostics-show-note-include-stack -fasm-blocks -serialize-diagnostic-file /Users/kcl/Documents/Cpp_Projects/cpp_notes/exp5-xcode/build/CMakeFiles/CMakeTmp/CMAKE_TRY_COMPILE.build/Debug/cmTC_3562d.build/Objects-normal/x86_64/CMakeCXXCompilerABI.dia -o /Users/kcl/Documents/Cpp_Projects/cpp_notes/exp5-xcode/build/CMakeFiles/CMakeTmp/CMAKE_TRY_COMPILE.build/Debug/cmTC_3562d.build/Objects-normal/x86_64/CMakeCXXCompilerABI.o -x c++ /usr/local/Cellar/cmake/3.22.1/share/cmake/Modules/CMakeCXXCompilerABI.cpp
clang -cc1 version 9.0.0 (clang-900.0.39.2) default target x86_64-apple-darwin17.4.0
ignoring nonexistent directory "/Users/kcl/Documents/Cpp_Projects/cpp_notes/exp5-xcode/build/CMakeFiles/CMakeTmp/Debug/include"
ignoring nonexistent directory "/Users/kcl/Documents/Cpp_Projects/cpp_notes/exp5-xcode/build/CMakeFiles/CMakeTmp/CMAKE_TRY_COMPILE.build/Debug/cmTC_3562d.build/DerivedSources/x86_64"
ignoring nonexistent directory "/Users/kcl/Documents/Cpp_Projects/cpp_notes/exp5-xcode/build/CMakeFiles/CMakeTmp/CMAKE_TRY_COMPILE.build/Debug/cmTC_3562d.build/DerivedSources"
ignoring nonexistent directory "/Users/kcl/Documents/Cpp_Projects/cpp_notes/exp5-xcode/build/CMakeFiles/CMakeTmp/Debug"
ignoring nonexistent directory "/Applications/Xcode.app/Contents/Developer/Platforms/MacOSX.platform/Developer/SDKs/MacOSX10.13.sdk/usr/include/c++/v1"
ignoring nonexistent directory "/Applications/Xcode.app/Contents/Developer/Platforms/MacOSX.platform/Developer/SDKs/MacOSX10.13.sdk/usr/local/include"
ignoring nonexistent directory "/Applications/Xcode.app/Contents/Developer/Platforms/MacOSX.platform/Developer/SDKs/MacOSX10.13.sdk/Library/Frameworks"
#include "..." search starts here:
#include <...> search starts here:
 /Applications/Xcode.app/Contents/Developer/Toolchains/XcodeDefault.xctoolchain/usr/include/c++/v1
 /Applications/Xcode.app/Contents/Developer/Toolchains/XcodeDefault.xctoolchain/usr/lib/clang/9.0.0/include
 /Applications/Xcode.app/Contents/Developer/Toolchains/XcodeDefault.xctoolchain/usr/include
 /Applications/Xcode.app/Contents/Developer/Platforms/MacOSX.platform/Developer/SDKs/MacOSX10.13.sdk/usr/include
 /Applications/Xcode.app/Contents/Developer/Platforms/MacOSX.platform/Developer/SDKs/MacOSX10.13.sdk/System/Library/Frameworks (framework directory)
End of search list.

Ld Debug/cmTC_3562d normal x86_64
    cd /Users/kcl/Documents/Cpp_Projects/cpp_notes/exp5-xcode/build/CMakeFiles/CMakeTmp
    /Applications/Xcode.app/Contents/Developer/Toolchains/XcodeDefault.xctoolchain/usr/bin/clang++ -arch x86_64 -isysroot /Applications/Xcode.app/Contents/Developer/Platforms/MacOSX.platform/Developer/SDKs/MacOSX10.13.sdk -L/Users/kcl/Documents/Cpp_Projects/cpp_notes/exp5-xcode/build/CMakeFiles/CMakeTmp/Debug -F/Users/kcl/Documents/Cpp_Projects/cpp_notes/exp5-xcode/build/CMakeFiles/CMakeTmp/Debug -filelist /Users/kcl/Documents/Cpp_Projects/cpp_notes/exp5-xcode/build/CMakeFiles/CMakeTmp/CMAKE_TRY_COMPILE.build/Debug/cmTC_3562d.build/Objects-normal/x86_64/cmTC_3562d.LinkFileList -mmacosx-version-min=10.13 -Xlinker -object_path_lto -Xlinker /Users/kcl/Documents/Cpp_Projects/cpp_notes/exp5-xcode/build/CMakeFiles/CMakeTmp/CMAKE_TRY_COMPILE.build/Debug/cmTC_3562d.build/Objects-normal/x86_64/cmTC_3562d_lto.o -Xlinker -no_deduplicate -v -Wl,-v -Wl,-search_paths_first -Wl,-headerpad_max_install_names -Xlinker -dependency_info -Xlinker /Users/kcl/Documents/Cpp_Projects/cpp_notes/exp5-xcode/build/CMakeFiles/CMakeTmp/CMAKE_TRY_COMPILE.build/Debug/cmTC_3562d.build/Objects-normal/x86_64/cmTC_3562d_dependency_info.dat -o /Users/kcl/Documents/Cpp_Projects/cpp_notes/exp5-xcode/build/CMakeFiles/CMakeTmp/Debug/cmTC_3562d
Apple LLVM version 9.0.0 (clang-900.0.39.2)
Target: x86_64-apple-darwin17.4.0
Thread model: posix
InstalledDir: /Applications/Xcode.app/Contents/Developer/Toolchains/XcodeDefault.xctoolchain/usr/bin
 "/Applications/Xcode.app/Contents/Developer/Toolchains/XcodeDefault.xctoolchain/usr/bin/ld" -demangle -lto_library /Applications/Xcode.app/Contents/Developer/Toolchains/XcodeDefault.xctoolchain/usr/lib/libLTO.dylib -dynamic -arch x86_64 -macosx_version_min 10.13.0 -syslibroot /Applications/Xcode.app/Contents/Developer/Platforms/MacOSX.platform/Developer/SDKs/MacOSX10.13.sdk -o /Users/kcl/Documents/Cpp_Projects/cpp_notes/exp5-xcode/build/CMakeFiles/CMakeTmp/Debug/cmTC_3562d -L/Users/kcl/Documents/Cpp_Projects/cpp_notes/exp5-xcode/build/CMakeFiles/CMakeTmp/Debug -filelist /Users/kcl/Documents/Cpp_Projects/cpp_notes/exp5-xcode/build/CMakeFiles/CMakeTmp/CMAKE_TRY_COMPILE.build/Debug/cmTC_3562d.build/Objects-normal/x86_64/cmTC_3562d.LinkFileList -object_path_lto /Users/kcl/Documents/Cpp_Projects/cpp_notes/exp5-xcode/build/CMakeFiles/CMakeTmp/CMAKE_TRY_COMPILE.build/Debug/cmTC_3562d.build/Objects-normal/x86_64/cmTC_3562d_lto.o -no_deduplicate -v -search_paths_first -headerpad_max_install_names -dependency_info /Users/kcl/Documents/Cpp_Projects/cpp_notes/exp5-xcode/build/CMakeFiles/CMakeTmp/CMAKE_TRY_COMPILE.build/Debug/cmTC_3562d.build/Objects-normal/x86_64/cmTC_3562d_dependency_info.dat -lc++ -lSystem /Applications/Xcode.app/Contents/Developer/Toolchains/XcodeDefault.xctoolchain/usr/lib/clang/9.0.0/lib/darwin/libclang_rt.osx.a -F/Users/kcl/Documents/Cpp_Projects/cpp_notes/exp5-xcode/build/CMakeFiles/CMakeTmp/Debug
@(#)PROGRAM:ld  PROJECT:ld64-305
configured to support archs: armv6 armv7 armv7s arm64 i386 x86_64 x86_64h armv6m armv7k armv7m armv7em (tvOS)
Library search paths:
	/Users/kcl/Documents/Cpp_Projects/cpp_notes/exp5-xcode/build/CMakeFiles/CMakeTmp/Debug
	/Applications/Xcode.app/Contents/Developer/Platforms/MacOSX.platform/Developer/SDKs/MacOSX10.13.sdk/usr/lib
Framework search paths:
	/Users/kcl/Documents/Cpp_Projects/cpp_notes/exp5-xcode/build/CMakeFiles/CMakeTmp/Debug
	/Applications/Xcode.app/Contents/Developer/Platforms/MacOSX.platform/Developer/SDKs/MacOSX10.13.sdk/System/Library/Frameworks/

** BUILD SUCCEEDED **




Parsed CXX implicit include dir info from above output: rv=done
  found start of include info
  found start of implicit include info
    add: [/Applications/Xcode.app/Contents/Developer/Toolchains/XcodeDefault.xctoolchain/usr/include/c++/v1]
    add: [/Applications/Xcode.app/Contents/Developer/Toolchains/XcodeDefault.xctoolchain/usr/lib/clang/9.0.0/include]
    add: [/Applications/Xcode.app/Contents/Developer/Toolchains/XcodeDefault.xctoolchain/usr/include]
    add: [/Applications/Xcode.app/Contents/Developer/Platforms/MacOSX.platform/Developer/SDKs/MacOSX10.13.sdk/usr/include]
  end of search list found
  collapse include dir [/Applications/Xcode.app/Contents/Developer/Toolchains/XcodeDefault.xctoolchain/usr/include/c++/v1] ==> [/Applications/Xcode.app/Contents/Developer/Toolchains/XcodeDefault.xctoolchain/usr/include/c++/v1]
  collapse include dir [/Applications/Xcode.app/Contents/Developer/Toolchains/XcodeDefault.xctoolchain/usr/lib/clang/9.0.0/include] ==> [/Applications/Xcode.app/Contents/Developer/Toolchains/XcodeDefault.xctoolchain/usr/lib/clang/9.0.0/include]
  collapse include dir [/Applications/Xcode.app/Contents/Developer/Toolchains/XcodeDefault.xctoolchain/usr/include] ==> [/Applications/Xcode.app/Contents/Developer/Toolchains/XcodeDefault.xctoolchain/usr/include]
  collapse include dir [/Applications/Xcode.app/Contents/Developer/Platforms/MacOSX.platform/Developer/SDKs/MacOSX10.13.sdk/usr/include] ==> [/Applications/Xcode.app/Contents/Developer/Platforms/MacOSX.platform/Developer/SDKs/MacOSX10.13.sdk/usr/include]
  implicit include dirs: [/Applications/Xcode.app/Contents/Developer/Toolchains/XcodeDefault.xctoolchain/usr/include/c++/v1;/Applications/Xcode.app/Contents/Developer/Toolchains/XcodeDefault.xctoolchain/usr/lib/clang/9.0.0/include;/Applications/Xcode.app/Contents/Developer/Toolchains/XcodeDefault.xctoolchain/usr/include;/Applications/Xcode.app/Contents/Developer/Platforms/MacOSX.platform/Developer/SDKs/MacOSX10.13.sdk/usr/include]


Parsed CXX implicit link information from above output:
  link line regex: [^( *|.*[/\])(ld|CMAKE_LINK_STARTFILE-NOTFOUND|([^/\]+-)?ld|collect2)[^/\]*( |$)]
  ignore line: [Change Dir: /Users/kcl/Documents/Cpp_Projects/cpp_notes/exp5-xcode/build/CMakeFiles/CMakeTmp]
  ignore line: []
  ignore line: [Run Build Command(s):/usr/bin/xcodebuild -project CMAKE_TRY_COMPILE.xcodeproj build -target cmTC_3562d -configuration Debug -hideShellScriptEnvironment && User defaults from command line:]
  ignore line: [    HideShellScriptEnvironment = YES]
  ignore line: []
  ignore line: [=== BUILD TARGET cmTC_3562d OF PROJECT CMAKE_TRY_COMPILE WITH CONFIGURATION Debug ===]
  ignore line: []
  ignore line: [Check dependencies]
  ignore line: []
  ignore line: [Write auxiliary files]
  ignore line: [/bin/mkdir -p /Users/kcl/Documents/Cpp_Projects/cpp_notes/exp5-xcode/build/CMakeFiles/CMakeTmp/CMAKE_TRY_COMPILE.build/Debug/cmTC_3562d.build/Objects-normal/x86_64]
  ignore line: [write-file /Users/kcl/Documents/Cpp_Projects/cpp_notes/exp5-xcode/build/CMakeFiles/CMakeTmp/CMAKE_TRY_COMPILE.build/Debug/cmTC_3562d.build/Objects-normal/x86_64/cmTC_3562d.LinkFileList]
  ignore line: []
  ignore line: [CompileC CMAKE_TRY_COMPILE.build/Debug/cmTC_3562d.build/Objects-normal/x86_64/CMakeCXXCompilerABI.o /usr/local/Cellar/cmake/3.22.1/share/cmake/Modules/CMakeCXXCompilerABI.cpp normal x86_64 c++ com.apple.compilers.llvm.clang.1_0.compiler]
  ignore line: [    cd /Users/kcl/Documents/Cpp_Projects/cpp_notes/exp5-xcode/build/CMakeFiles/CMakeTmp]
  ignore line: [    /Applications/Xcode.app/Contents/Developer/Toolchains/XcodeDefault.xctoolchain/usr/bin/clang -x c++ -arch x86_64 -fmessage-length=0 -fdiagnostics-show-note-include-stack -fmacro-backtrace-limit=0 -Wno-trigraphs -fpascal-strings -O0 -Wno-missing-field-initializers -Wno-missing-prototypes -Wno-return-type -Wno-non-virtual-dtor -Wno-overloaded-virtual -Wno-exit-time-destructors -Wno-missing-braces -Wparentheses -Wswitch -Wno-unused-function -Wno-unused-label -Wno-unused-parameter -Wno-unused-variable -Wunused-value -Wno-empty-body -Wno-uninitialized -Wno-unknown-pragmas -Wno-shadow -Wno-four-char-constants -Wno-conversion -Wno-constant-conversion -Wno-int-conversion -Wno-bool-conversion -Wno-enum-conversion -Wno-float-conversion -Wno-non-literal-null-conversion -Wno-objc-literal-conversion -Wno-shorten-64-to-32 -Wno-newline-eof -Wno-c++11-extensions -DCMAKE_INTDIR=\"Debug\" -isysroot /Applications/Xcode.app/Contents/Developer/Platforms/MacOSX.platform/Developer/SDKs/MacOSX10.13.sdk -fasm-blocks -fstrict-aliasing -Wdeprecated-declarations -Winvalid-offsetof -mmacosx-version-min=10.13 -g -Wno-sign-conversion -Wno-infinite-recursion -Wno-move -Wno-comma -Wno-block-capture-autoreleasing -Wno-strict-prototypes -Wno-range-loop-analysis -I/Users/kcl/Documents/Cpp_Projects/cpp_notes/exp5-xcode/build/CMakeFiles/CMakeTmp/Debug/include -I/Users/kcl/Documents/Cpp_Projects/cpp_notes/exp5-xcode/build/CMakeFiles/CMakeTmp/CMAKE_TRY_COMPILE.build/Debug/cmTC_3562d.build/DerivedSources/x86_64 -I/Users/kcl/Documents/Cpp_Projects/cpp_notes/exp5-xcode/build/CMakeFiles/CMakeTmp/CMAKE_TRY_COMPILE.build/Debug/cmTC_3562d.build/DerivedSources -F/Users/kcl/Documents/Cpp_Projects/cpp_notes/exp5-xcode/build/CMakeFiles/CMakeTmp/Debug -v -Wl -v -MMD -MT dependencies -MF /Users/kcl/Documents/Cpp_Projects/cpp_notes/exp5-xcode/build/CMakeFiles/CMakeTmp/CMAKE_TRY_COMPILE.build/Debug/cmTC_3562d.build/Objects-normal/x86_64/CMakeCXXCompilerABI.d --serialize-diagnostics /Users/kcl/Documents/Cpp_Projects/cpp_notes/exp5-xcode/build/CMakeFiles/CMakeTmp/CMAKE_TRY_COMPILE.build/Debug/cmTC_3562d.build/Objects-normal/x86_64/CMakeCXXCompilerABI.dia -c /usr/local/Cellar/cmake/3.22.1/share/cmake/Modules/CMakeCXXCompilerABI.cpp -o /Users/kcl/Documents/Cpp_Projects/cpp_notes/exp5-xcode/build/CMakeFiles/CMakeTmp/CMAKE_TRY_COMPILE.build/Debug/cmTC_3562d.build/Objects-normal/x86_64/CMakeCXXCompilerABI.o]
  ignore line: [Apple LLVM version 9.0.0 (clang-900.0.39.2)]
  ignore line: [Target: x86_64-apple-darwin17.4.0]
  ignore line: [Thread model: posix]
  ignore line: [InstalledDir: /Applications/Xcode.app/Contents/Developer/Toolchains/XcodeDefault.xctoolchain/usr/bin]
  ignore line: [clang: warning: -Wl -v: 'linker' input unused [-Wunused-command-line-argument]]
  ignore line: [ "/Applications/Xcode.app/Contents/Developer/Toolchains/XcodeDefault.xctoolchain/usr/bin/clang" -cc1 -triple x86_64-apple-macosx10.13.0 -Wdeprecated-objc-isa-usage -Werror=deprecated-objc-isa-usage -emit-obj -mrelax-all -disable-free -disable-llvm-verifier -discard-value-names -main-file-name CMakeCXXCompilerABI.cpp -mrelocation-model pic -pic-level 2 -mthread-model posix -mdisable-fp-elim -fno-strict-return -masm-verbose -munwind-tables -target-cpu penryn -target-linker-version 305 -v -dwarf-column-info -debug-info-kind=standalone -dwarf-version=4 -debugger-tuning=lldb -coverage-notes-file /Users/kcl/Documents/Cpp_Projects/cpp_notes/exp5-xcode/build/CMakeFiles/CMakeTmp/CMAKE_TRY_COMPILE.build/Debug/cmTC_3562d.build/Objects-normal/x86_64/CMakeCXXCompilerABI.gcno -resource-dir /Applications/Xcode.app/Contents/Developer/Toolchains/XcodeDefault.xctoolchain/usr/lib/clang/9.0.0 -dependency-file /Users/kcl/Documents/Cpp_Projects/cpp_notes/exp5-xcode/build/CMakeFiles/CMakeTmp/CMAKE_TRY_COMPILE.build/Debug/cmTC_3562d.build/Objects-normal/x86_64/CMakeCXXCompilerABI.d -MT dependencies -isysroot /Applications/Xcode.app/Contents/Developer/Platforms/MacOSX.platform/Developer/SDKs/MacOSX10.13.sdk -D "CMAKE_INTDIR=\"Debug\"" -I /Users/kcl/Documents/Cpp_Projects/cpp_notes/exp5-xcode/build/CMakeFiles/CMakeTmp/Debug/include -I /Users/kcl/Documents/Cpp_Projects/cpp_notes/exp5-xcode/build/CMakeFiles/CMakeTmp/CMAKE_TRY_COMPILE.build/Debug/cmTC_3562d.build/DerivedSources/x86_64 -I /Users/kcl/Documents/Cpp_Projects/cpp_notes/exp5-xcode/build/CMakeFiles/CMakeTmp/CMAKE_TRY_COMPILE.build/Debug/cmTC_3562d.build/DerivedSources -F/Users/kcl/Documents/Cpp_Projects/cpp_notes/exp5-xcode/build/CMakeFiles/CMakeTmp/Debug -stdlib=libc++ -O0 -Wno-trigraphs -Wno-missing-field-initializers -Wno-missing-prototypes -Wno-return-type -Wno-non-virtual-dtor -Wno-overloaded-virtual -Wno-exit-time-destructors -Wno-missing-braces -Wparentheses -Wswitch -Wno-unused-function -Wno-unused-label -Wno-unused-parameter -Wno-unused-variable -Wunused-value -Wno-empty-body -Wno-uninitialized -Wno-unknown-pragmas -Wno-shadow -Wno-four-char-constants -Wno-conversion -Wno-constant-conversion -Wno-int-conversion -Wno-bool-conversion -Wno-enum-conversion -Wno-float-conversion -Wno-non-literal-null-conversion -Wno-objc-literal-conversion -Wno-shorten-64-to-32 -Wno-newline-eof -Wno-c++11-extensions -Wdeprecated-declarations -Winvalid-offsetof -Wno-sign-conversion -Wno-infinite-recursion -Wno-move -Wno-comma -Wno-block-capture-autoreleasing -Wno-strict-prototypes -Wno-range-loop-analysis -fdeprecated-macro -fdebug-compilation-dir /Users/kcl/Documents/Cpp_Projects/cpp_notes/exp5-xcode/build/CMakeFiles/CMakeTmp -ferror-limit 19 -fmacro-backtrace-limit 0 -fmessage-length 0 -stack-protector 1 -fblocks -fobjc-runtime=macosx-10.13.0 -fencode-extended-block-signature -fcxx-exceptions -fexceptions -fpascal-strings -fmax-type-align=16 -fdiagnostics-show-option -fdiagnostics-show-note-include-stack -fasm-blocks -serialize-diagnostic-file /Users/kcl/Documents/Cpp_Projects/cpp_notes/exp5-xcode/build/CMakeFiles/CMakeTmp/CMAKE_TRY_COMPILE.build/Debug/cmTC_3562d.build/Objects-normal/x86_64/CMakeCXXCompilerABI.dia -o /Users/kcl/Documents/Cpp_Projects/cpp_notes/exp5-xcode/build/CMakeFiles/CMakeTmp/CMAKE_TRY_COMPILE.build/Debug/cmTC_3562d.build/Objects-normal/x86_64/CMakeCXXCompilerABI.o -x c++ /usr/local/Cellar/cmake/3.22.1/share/cmake/Modules/CMakeCXXCompilerABI.cpp]
  ignore line: [clang -cc1 version 9.0.0 (clang-900.0.39.2) default target x86_64-apple-darwin17.4.0]
  ignore line: [ignoring nonexistent directory "/Users/kcl/Documents/Cpp_Projects/cpp_notes/exp5-xcode/build/CMakeFiles/CMakeTmp/Debug/include"]
  ignore line: [ignoring nonexistent directory "/Users/kcl/Documents/Cpp_Projects/cpp_notes/exp5-xcode/build/CMakeFiles/CMakeTmp/CMAKE_TRY_COMPILE.build/Debug/cmTC_3562d.build/DerivedSources/x86_64"]
  ignore line: [ignoring nonexistent directory "/Users/kcl/Documents/Cpp_Projects/cpp_notes/exp5-xcode/build/CMakeFiles/CMakeTmp/CMAKE_TRY_COMPILE.build/Debug/cmTC_3562d.build/DerivedSources"]
  ignore line: [ignoring nonexistent directory "/Users/kcl/Documents/Cpp_Projects/cpp_notes/exp5-xcode/build/CMakeFiles/CMakeTmp/Debug"]
  ignore line: [ignoring nonexistent directory "/Applications/Xcode.app/Contents/Developer/Platforms/MacOSX.platform/Developer/SDKs/MacOSX10.13.sdk/usr/include/c++/v1"]
  ignore line: [ignoring nonexistent directory "/Applications/Xcode.app/Contents/Developer/Platforms/MacOSX.platform/Developer/SDKs/MacOSX10.13.sdk/usr/local/include"]
  ignore line: [ignoring nonexistent directory "/Applications/Xcode.app/Contents/Developer/Platforms/MacOSX.platform/Developer/SDKs/MacOSX10.13.sdk/Library/Frameworks"]
  ignore line: [#include "..." search starts here:]
  ignore line: [#include <...> search starts here:]
  ignore line: [ /Applications/Xcode.app/Contents/Developer/Toolchains/XcodeDefault.xctoolchain/usr/include/c++/v1]
  ignore line: [ /Applications/Xcode.app/Contents/Developer/Toolchains/XcodeDefault.xctoolchain/usr/lib/clang/9.0.0/include]
  ignore line: [ /Applications/Xcode.app/Contents/Developer/Toolchains/XcodeDefault.xctoolchain/usr/include]
  ignore line: [ /Applications/Xcode.app/Contents/Developer/Platforms/MacOSX.platform/Developer/SDKs/MacOSX10.13.sdk/usr/include]
  ignore line: [ /Applications/Xcode.app/Contents/Developer/Platforms/MacOSX.platform/Developer/SDKs/MacOSX10.13.sdk/System/Library/Frameworks (framework directory)]
  ignore line: [End of search list.]
  ignore line: []
  ignore line: [Ld Debug/cmTC_3562d normal x86_64]
  ignore line: [    cd /Users/kcl/Documents/Cpp_Projects/cpp_notes/exp5-xcode/build/CMakeFiles/CMakeTmp]
  ignore line: [    /Applications/Xcode.app/Contents/Developer/Toolchains/XcodeDefault.xctoolchain/usr/bin/clang++ -arch x86_64 -isysroot /Applications/Xcode.app/Contents/Developer/Platforms/MacOSX.platform/Developer/SDKs/MacOSX10.13.sdk -L/Users/kcl/Documents/Cpp_Projects/cpp_notes/exp5-xcode/build/CMakeFiles/CMakeTmp/Debug -F/Users/kcl/Documents/Cpp_Projects/cpp_notes/exp5-xcode/build/CMakeFiles/CMakeTmp/Debug -filelist /Users/kcl/Documents/Cpp_Projects/cpp_notes/exp5-xcode/build/CMakeFiles/CMakeTmp/CMAKE_TRY_COMPILE.build/Debug/cmTC_3562d.build/Objects-normal/x86_64/cmTC_3562d.LinkFileList -mmacosx-version-min=10.13 -Xlinker -object_path_lto -Xlinker /Users/kcl/Documents/Cpp_Projects/cpp_notes/exp5-xcode/build/CMakeFiles/CMakeTmp/CMAKE_TRY_COMPILE.build/Debug/cmTC_3562d.build/Objects-normal/x86_64/cmTC_3562d_lto.o -Xlinker -no_deduplicate -v -Wl -v -Wl -search_paths_first -Wl -headerpad_max_install_names -Xlinker -dependency_info -Xlinker /Users/kcl/Documents/Cpp_Projects/cpp_notes/exp5-xcode/build/CMakeFiles/CMakeTmp/CMAKE_TRY_COMPILE.build/Debug/cmTC_3562d.build/Objects-normal/x86_64/cmTC_3562d_dependency_info.dat -o /Users/kcl/Documents/Cpp_Projects/cpp_notes/exp5-xcode/build/CMakeFiles/CMakeTmp/Debug/cmTC_3562d]
  ignore line: [Apple LLVM version 9.0.0 (clang-900.0.39.2)]
  ignore line: [Target: x86_64-apple-darwin17.4.0]
  ignore line: [Thread model: posix]
  ignore line: [InstalledDir: /Applications/Xcode.app/Contents/Developer/Toolchains/XcodeDefault.xctoolchain/usr/bin]
  reduced line: [ "/Applications/Xcode.app/Contents/Developer/Toolchains/XcodeDefault.xctoolchain/usr/bin/ld" -demangle -lto_library /Applications/Xcode.app/Contents/Developer/Toolchains/XcodeDefault.xctoolchain/usr/lib/libLTO.dylib -dynamic -arch x86_64 -macosx_version_min 10.13.0 -syslibroot /Applications/Xcode.app/Contents/Developer/Platforms/MacOSX.platform/Developer/SDKs/MacOSX10.13.sdk -o /Users/kcl/Documents/Cpp_Projects/cpp_notes/exp5-xcode/build/CMakeFiles/CMakeTmp/Debug/cmTC_3562d -L/Users/kcl/Documents/Cpp_Projects/cpp_notes/exp5-xcode/build/CMakeFiles/CMakeTmp/Debug -filelist /Users/kcl/Documents/Cpp_Projects/cpp_notes/exp5-xcode/build/CMakeFiles/CMakeTmp/CMAKE_TRY_COMPILE.build/Debug/cmTC_3562d.build/Objects-normal/x86_64/cmTC_3562d.LinkFileList -object_path_lto /Users/kcl/Documents/Cpp_Projects/cpp_notes/exp5-xcode/build/CMakeFiles/CMakeTmp/CMAKE_TRY_COMPILE.build/Debug/cmTC_3562d.build/Objects-normal/x86_64/cmTC_3562d_lto.o -no_deduplicate -v -search_paths_first -headerpad_max_install_names -dependency_info /Users/kcl/Documents/Cpp_Projects/cpp_notes/exp5-xcode/build/CMakeFiles/CMakeTmp/CMAKE_TRY_COMPILE.build/Debug/cmTC_3562d.build/Objects-normal/x86_64/cmTC_3562d_dependency_info.dat -lc++ -lSystem /Applications/Xcode.app/Contents/Developer/Toolchains/XcodeDefault.xctoolchain/usr/lib/clang/9.0.0/lib/darwin/libclang_rt.osx.a -F/Users/kcl/Documents/Cpp_Projects/cpp_notes/exp5-xcode/build/CMakeFiles/CMakeTmp/Debug]
            to: [ "/Applications/Xcode.app/Contents/Developer/Toolchains/XcodeDefault.xctoolchain/usr/bin/ld" -demangle -lto_library /Applications/Xcode.app/Contents/Developer/Toolchains/XcodeDefault.xctoolchain/usr/lib/libLTO.dylib -dynamic -arch x86_64 -macosx_version_min 10.13.0 -syslibroot /Applications/Xcode.app/Contents/Developer/Platforms/MacOSX.platform/Developer/SDKs/MacOSX10.13.sdk -o /Users/kcl/Documents/Cpp_Projects/cpp_notes/exp5-xcode/build/CMakeFiles/CMakeTmp/Debug/cmTC_3562d -filelist /Users/kcl/Documents/Cpp_Projects/cpp_notes/exp5-xcode/build/CMakeFiles/CMakeTmp/CMAKE_TRY_COMPILE.build/Debug/cmTC_3562d.build/Objects-normal/x86_64/cmTC_3562d.LinkFileList -object_path_lto /Users/kcl/Documents/Cpp_Projects/cpp_notes/exp5-xcode/build/CMakeFiles/CMakeTmp/CMAKE_TRY_COMPILE.build/Debug/cmTC_3562d.build/Objects-normal/x86_64/cmTC_3562d_lto.o -no_deduplicate -v -search_paths_first -headerpad_max_install_names -dependency_info /Users/kcl/Documents/Cpp_Projects/cpp_notes/exp5-xcode/build/CMakeFiles/CMakeTmp/CMAKE_TRY_COMPILE.build/Debug/cmTC_3562d.build/Objects-normal/x86_64/cmTC_3562d_dependency_info.dat -lc++ -lSystem /Applications/Xcode.app/Contents/Developer/Toolchains/XcodeDefault.xctoolchain/usr/lib/clang/9.0.0/lib/darwin/libclang_rt.osx.a ]
  link line: [ "/Applications/Xcode.app/Contents/Developer/Toolchains/XcodeDefault.xctoolchain/usr/bin/ld" -demangle -lto_library /Applications/Xcode.app/Contents/Developer/Toolchains/XcodeDefault.xctoolchain/usr/lib/libLTO.dylib -dynamic -arch x86_64 -macosx_version_min 10.13.0 -syslibroot /Applications/Xcode.app/Contents/Developer/Platforms/MacOSX.platform/Developer/SDKs/MacOSX10.13.sdk -o /Users/kcl/Documents/Cpp_Projects/cpp_notes/exp5-xcode/build/CMakeFiles/CMakeTmp/Debug/cmTC_3562d -filelist /Users/kcl/Documents/Cpp_Projects/cpp_notes/exp5-xcode/build/CMakeFiles/CMakeTmp/CMAKE_TRY_COMPILE.build/Debug/cmTC_3562d.build/Objects-normal/x86_64/cmTC_3562d.LinkFileList -object_path_lto /Users/kcl/Documents/Cpp_Projects/cpp_notes/exp5-xcode/build/CMakeFiles/CMakeTmp/CMAKE_TRY_COMPILE.build/Debug/cmTC_3562d.build/Objects-normal/x86_64/cmTC_3562d_lto.o -no_deduplicate -v -search_paths_first -headerpad_max_install_names -dependency_info /Users/kcl/Documents/Cpp_Projects/cpp_notes/exp5-xcode/build/CMakeFiles/CMakeTmp/CMAKE_TRY_COMPILE.build/Debug/cmTC_3562d.build/Objects-normal/x86_64/cmTC_3562d_dependency_info.dat -lc++ -lSystem /Applications/Xcode.app/Contents/Developer/Toolchains/XcodeDefault.xctoolchain/usr/lib/clang/9.0.0/lib/darwin/libclang_rt.osx.a ]
    arg [/Applications/Xcode.app/Contents/Developer/Toolchains/XcodeDefault.xctoolchain/usr/bin/ld] ==> ignore
    arg [-demangle] ==> ignore
    arg [-lto_library] ==> ignore, skip following value
    arg [/Applications/Xcode.app/Contents/Developer/Toolchains/XcodeDefault.xctoolchain/usr/lib/libLTO.dylib] ==> skip value of -lto_library
    arg [-dynamic] ==> ignore
    arg [-arch] ==> ignore
    arg [x86_64] ==> ignore
    arg [-macosx_version_min] ==> ignore
    arg [10.13.0] ==> ignore
    arg [-syslibroot] ==> ignore
    arg [/Applications/Xcode.app/Contents/Developer/Platforms/MacOSX.platform/Developer/SDKs/MacOSX10.13.sdk] ==> ignore
    arg [-o] ==> ignore
    arg [/Users/kcl/Documents/Cpp_Projects/cpp_notes/exp5-xcode/build/CMakeFiles/CMakeTmp/Debug/cmTC_3562d] ==> ignore
    arg [-filelist] ==> ignore
    arg [/Users/kcl/Documents/Cpp_Projects/cpp_notes/exp5-xcode/build/CMakeFiles/CMakeTmp/CMAKE_TRY_COMPILE.build/Debug/cmTC_3562d.build/Objects-normal/x86_64/cmTC_3562d.LinkFileList] ==> ignore
    arg [-object_path_lto] ==> ignore
    arg [/Users/kcl/Documents/Cpp_Projects/cpp_notes/exp5-xcode/build/CMakeFiles/CMakeTmp/CMAKE_TRY_COMPILE.build/Debug/cmTC_3562d.build/Objects-normal/x86_64/cmTC_3562d_lto.o] ==> obj [/Users/kcl/Documents/Cpp_Projects/cpp_notes/exp5-xcode/build/CMakeFiles/CMakeTmp/CMAKE_TRY_COMPILE.build/Debug/cmTC_3562d.build/Objects-normal/x86_64/cmTC_3562d_lto.o]
    arg [-no_deduplicate] ==> ignore
    arg [-v] ==> ignore
    arg [-search_paths_first] ==> ignore
    arg [-headerpad_max_install_names] ==> ignore
    arg [-dependency_info] ==> ignore
    arg [/Users/kcl/Documents/Cpp_Projects/cpp_notes/exp5-xcode/build/CMakeFiles/CMakeTmp/CMAKE_TRY_COMPILE.build/Debug/cmTC_3562d.build/Objects-normal/x86_64/cmTC_3562d_dependency_info.dat] ==> ignore
    arg [-lc++] ==> lib [c++]
    arg [-lSystem] ==> lib [System]
    arg [/Applications/Xcode.app/Contents/Developer/Toolchains/XcodeDefault.xctoolchain/usr/lib/clang/9.0.0/lib/darwin/libclang_rt.osx.a] ==> lib [/Applications/Xcode.app/Contents/Developer/Toolchains/XcodeDefault.xctoolchain/usr/lib/clang/9.0.0/lib/darwin/libclang_rt.osx.a]
  Library search paths: [;/Users/kcl/Documents/Cpp_Projects/cpp_notes/exp5-xcode/build/CMakeFiles/CMakeTmp/Debug;/Applications/Xcode.app/Contents/Developer/Platforms/MacOSX.platform/Developer/SDKs/MacOSX10.13.sdk/usr/lib]
  Framework search paths: [;/Users/kcl/Documents/Cpp_Projects/cpp_notes/exp5-xcode/build/CMakeFiles/CMakeTmp/Debug;/Applications/Xcode.app/Contents/Developer/Platforms/MacOSX.platform/Developer/SDKs/MacOSX10.13.sdk/System/Library/Frameworks/]
  remove lib [System]
  remove lib [/Applications/Xcode.app/Contents/Developer/Toolchains/XcodeDefault.xctoolchain/usr/lib/clang/9.0.0/lib/darwin/libclang_rt.osx.a]
  collapse library dir [/Users/kcl/Documents/Cpp_Projects/cpp_notes/exp5-xcode/build/CMakeFiles/CMakeTmp/Debug] ==> [/Users/kcl/Documents/Cpp_Projects/cpp_notes/exp5-xcode/build/CMakeFiles/CMakeTmp/Debug], skipping non-system directory
  collapse library dir [/Applications/Xcode.app/Contents/Developer/Platforms/MacOSX.platform/Developer/SDKs/MacOSX10.13.sdk/usr/lib] ==> [/Applications/Xcode.app/Contents/Developer/Platforms/MacOSX.platform/Developer/SDKs/MacOSX10.13.sdk/usr/lib]
  collapse framework dir [/Users/kcl/Documents/Cpp_Projects/cpp_notes/exp5-xcode/build/CMakeFiles/CMakeTmp/Debug] ==> [/Users/kcl/Documents/Cpp_Projects/cpp_notes/exp5-xcode/build/CMakeFiles/CMakeTmp/Debug], skipping non-system directory
  collapse framework dir [/Applications/Xcode.app/Contents/Developer/Platforms/MacOSX.platform/Developer/SDKs/MacOSX10.13.sdk/System/Library/Frameworks/] ==> [/Applications/Xcode.app/Contents/Developer/Platforms/MacOSX.platform/Developer/SDKs/MacOSX10.13.sdk/System/Library/Frameworks]
  implicit libs: [c++]
  implicit objs: [/Users/kcl/Documents/Cpp_Projects/cpp_notes/exp5-xcode/build/CMakeFiles/CMakeTmp/CMAKE_TRY_COMPILE.build/Debug/cmTC_3562d.build/Objects-normal/x86_64/cmTC_3562d_lto.o]
  implicit dirs: [/Applications/Xcode.app/Contents/Developer/Platforms/MacOSX.platform/Developer/SDKs/MacOSX10.13.sdk/usr/lib]
  implicit fwks: [/Applications/Xcode.app/Contents/Developer/Platforms/MacOSX.platform/Developer/SDKs/MacOSX10.13.sdk/System/Library/Frameworks]


