Determining if the pthread_create exist failed with the following output:
Change Dir: /home/kcl/Documents/cpp_notes/exp6-eigen/build/CMakeFiles/CMakeTmp

Run Build Command:"/usr/bin/make" "cmTC_580d8/fast"
/usr/bin/make -f CMakeFiles/cmTC_580d8.dir/build.make CMakeFiles/cmTC_580d8.dir/build
make[1]: Entering directory '/home/kcl/Documents/cpp_notes/exp6-eigen/build/CMakeFiles/CMakeTmp'
Building C object CMakeFiles/cmTC_580d8.dir/CheckSymbolExists.c.o
/usr/bin/cc    -o CMakeFiles/cmTC_580d8.dir/CheckSymbolExists.c.o   -c /home/kcl/Documents/cpp_notes/exp6-eigen/build/CMakeFiles/CMakeTmp/CheckSymbolExists.c
Linking C executable cmTC_580d8
/usr/bin/cmake -E cmake_link_script CMakeFiles/cmTC_580d8.dir/link.txt --verbose=1
/usr/bin/cc      CMakeFiles/cmTC_580d8.dir/CheckSymbolExists.c.o  -o cmTC_580d8 
CMakeFiles/cmTC_580d8.dir/CheckSymbolExists.c.o: In function `main':
CheckSymbolExists.c:(.text+0x1b): undefined reference to `pthread_create'
collect2: error: ld returned 1 exit status
CMakeFiles/cmTC_580d8.dir/build.make:97: recipe for target 'cmTC_580d8' failed
make[1]: *** [cmTC_580d8] Error 1
make[1]: Leaving directory '/home/kcl/Documents/cpp_notes/exp6-eigen/build/CMakeFiles/CMakeTmp'
Makefile:126: recipe for target 'cmTC_580d8/fast' failed
make: *** [cmTC_580d8/fast] Error 2

File /home/kcl/Documents/cpp_notes/exp6-eigen/build/CMakeFiles/CMakeTmp/CheckSymbolExists.c:
/* */
#include <pthread.h>

int main(int argc, char** argv)
{
  (void)argv;
#ifndef pthread_create
  return ((int*)(&pthread_create))[argc];
#else
  (void)argc;
  return 0;
#endif
}

Determining if the function pthread_create exists in the pthreads failed with the following output:
Change Dir: /home/kcl/Documents/cpp_notes/exp6-eigen/build/CMakeFiles/CMakeTmp

Run Build Command:"/usr/bin/make" "cmTC_bbe56/fast"
/usr/bin/make -f CMakeFiles/cmTC_bbe56.dir/build.make CMakeFiles/cmTC_bbe56.dir/build
make[1]: Entering directory '/home/kcl/Documents/cpp_notes/exp6-eigen/build/CMakeFiles/CMakeTmp'
Building C object CMakeFiles/cmTC_bbe56.dir/CheckFunctionExists.c.o
/usr/bin/cc   -DCHECK_FUNCTION_EXISTS=pthread_create   -o CMakeFiles/cmTC_bbe56.dir/CheckFunctionExists.c.o   -c /usr/share/cmake-3.10/Modules/CheckFunctionExists.c
Linking C executable cmTC_bbe56
/usr/bin/cmake -E cmake_link_script CMakeFiles/cmTC_bbe56.dir/link.txt --verbose=1
/usr/bin/cc  -DCHECK_FUNCTION_EXISTS=pthread_create    CMakeFiles/cmTC_bbe56.dir/CheckFunctionExists.c.o  -o cmTC_bbe56 -lpthreads 
/usr/bin/ld: cannot find -lpthreads
collect2: error: ld returned 1 exit status
CMakeFiles/cmTC_bbe56.dir/build.make:97: recipe for target 'cmTC_bbe56' failed
make[1]: *** [cmTC_bbe56] Error 1
make[1]: Leaving directory '/home/kcl/Documents/cpp_notes/exp6-eigen/build/CMakeFiles/CMakeTmp'
Makefile:126: recipe for target 'cmTC_bbe56/fast' failed
make: *** [cmTC_bbe56/fast] Error 2


